Log file open, 10/03/23 14:07:49
LogWindows: Failed to load 'aqProf.dll' (GetLastError=126)
LogWindows: File 'aqProf.dll' does not exist
LogWindows: Failed to load 'VtuneApi.dll' (GetLastError=126)
LogWindows: File 'VtuneApi.dll' does not exist
LogWindows: Failed to load 'VtuneApi32e.dll' (GetLastError=126)
LogWindows: File 'VtuneApi32e.dll' does not exist
LogConsoleResponse: Display: Failed to find resolution value strings in scalability ini. Falling back to default.
LogConsoleResponse: Display: Failed to find resolution value strings in scalability ini. Falling back to default.
LogInit: Display: Running engine for game: terry
LogPlatformFile: Not using cached read wrapper
LogTaskGraph: Started task graph with 5 named threads and 38 total threads with 3 sets of task threads.
LogStats: Stats thread started at 0.296033
LogICUInternationalization: ICU TimeZone Detection - Raw Offset: +0:00, Platform Override: ''
LogInit: Display: Loading text-based GConfig....
LogPluginManager: Mounting plugin MeshPainting
LogPluginManager: Mounting plugin XGEController
LogPluginManager: Mounting plugin Paper2D
LogPluginManager: Mounting plugin LiveLink
LogPluginManager: Mounting plugin AnimationSharing
LogPluginManager: Mounting plugin GitSourceControl
LogPluginManager: Mounting plugin KDevelopSourceCodeAccess
LogPluginManager: Mounting plugin PerforceSourceControl
LogPluginManager: Mounting plugin CLionSourceCodeAccess
LogPluginManager: Mounting plugin CodeLiteSourceCodeAccess
LogPluginManager: Mounting plugin PixWinPlugin
LogPluginManager: Mounting plugin PlasticSourceControl
LogPluginManager: Mounting plugin PropertyAccessNode
LogPluginManager: Mounting plugin PluginUtils
LogPluginManager: Mounting plugin SubversionSourceControl
LogPluginManager: Mounting plugin UObjectPlugin
LogPluginManager: Mounting plugin VisualStudioCodeSourceCodeAccess
LogPluginManager: Mounting plugin RiderSourceCodeAccess
LogPluginManager: Mounting plugin VisualStudioSourceCodeAccess
LogPluginManager: Mounting plugin XCodeSourceCodeAccess
LogPluginManager: Mounting plugin TextureFormatOodle
LogPluginManager: Mounting plugin NullSourceCodeAccess
LogPluginManager: Mounting plugin AutomationUtils
LogPluginManager: Mounting plugin BackChannel
LogPluginManager: Mounting plugin AlembicImporter
LogPluginManager: Mounting plugin ChaosCloth
LogPluginManager: Mounting plugin ChaosEditor
LogPluginManager: Mounting plugin ChaosNiagara
LogPluginManager: Mounting plugin ChaosClothEditor
LogPluginManager: Mounting plugin ChaosSolverPlugin
LogPluginManager: Mounting plugin GeometryCache
LogPluginManager: Mounting plugin GeometryCollectionPlugin
LogPluginManager: Mounting plugin Niagara
LogPluginManager: Mounting plugin OodleData
LogPluginManager: Mounting plugin GeometryProcessing
LogPluginManager: Mounting plugin OpenImageDenoise
LogPluginManager: Mounting plugin OodleNetwork
LogPluginManager: Mounting plugin PlanarCut
LogPluginManager: Mounting plugin MotoSynth
LogPluginManager: Mounting plugin ProxyLODPlugin
LogPluginManager: Mounting plugin PlatformCrypto
LogPluginManager: Mounting plugin PythonScriptPlugin
LogPluginManager: Mounting plugin SkeletalReduction
LogPluginManager: Mounting plugin AssetManagerEditor
LogPluginManager: Mounting plugin CryptoKeys
LogPluginManager: Mounting plugin CurveEditorTools
LogPluginManager: Mounting plugin DataValidation
LogPluginManager: Mounting plugin GameplayTagsEditor
LogPluginManager: Mounting plugin MacGraphicsSwitching
LogPluginManager: Mounting plugin MaterialAnalyzer
LogPluginManager: Mounting plugin GeometryMode
LogPluginManager: Mounting plugin MagicLeap
LogPluginManager: Mounting plugin LuminPlatformFeatures
LogPluginManager: Mounting plugin MobileLauncherProfileWizard
LogPluginManager: Mounting plugin SpeedTreeImporter
LogPluginManager: Mounting plugin MagicLeapLightEstimation
LogPluginManager: Mounting plugin MagicLeapMedia
LogPluginManager: Mounting plugin MagicLeapPassableWorld
LogPluginManager: Mounting plugin MLSDK
LogPluginManager: Mounting plugin DatasmithContent
LogPluginManager: Mounting plugin VariantManagerContent
LogPluginManager: Mounting plugin ActorSequence
LogPluginManager: Mounting plugin CharacterAI
LogPluginManager: Mounting plugin LevelSequenceEditor
LogPluginManager: Mounting plugin TemplateSequence
LogPluginManager: Mounting plugin MatineeToLevelSequence
LogPluginManager: Mounting plugin AndroidMedia
LogPluginManager: Mounting plugin AvfMedia
LogPluginManager: Mounting plugin PluginBrowser
LogPluginManager: Mounting plugin MediaCompositing
LogPluginManager: Mounting plugin MediaPlayerEditor
LogPluginManager: Mounting plugin WmfMedia
LogPluginManager: Mounting plugin UdpMessaging
LogPluginManager: Mounting plugin TcpMessaging
LogPluginManager: Mounting plugin WebMMedia
LogPluginManager: Mounting plugin ActorLayerUtilities
LogPluginManager: Mounting plugin AndroidDeviceProfileSelector
LogPluginManager: Mounting plugin AndroidPermission
LogPluginManager: Mounting plugin AndroidMoviePlayer
LogPluginManager: Mounting plugin AppleImageUtils
LogPluginManager: Mounting plugin AppleMoviePlayer
LogPluginManager: Mounting plugin ArchVisCharacter
LogPluginManager: Mounting plugin AudioCapture
LogPluginManager: Mounting plugin AudioSynesthesia
LogPluginManager: Mounting plugin AssetTags
LogPluginManager: Mounting plugin ChunkDownloader
LogPluginManager: Mounting plugin CustomMeshComponent
LogPluginManager: Mounting plugin CableComponent
LogPluginManager: Mounting plugin ExampleDeviceProfileSelector
LogPluginManager: Mounting plugin GoogleCloudMessaging
LogPluginManager: Mounting plugin EditableMesh
LogPluginManager: Mounting plugin GooglePAD
LogPluginManager: Mounting plugin IOSDeviceProfileSelector
LogPluginManager: Mounting plugin LinuxDeviceProfileSelector
LogPluginManager: Mounting plugin LocationServicesBPLibrary
LogPluginManager: Mounting plugin MobilePatchingUtils
LogPluginManager: Mounting plugin OpenXREyeTracker
LogPluginManager: Mounting plugin OpenXR
LogPluginManager: Mounting plugin OpenXRHandTracking
LogPluginManager: Mounting plugin PhysXVehicles
LogPluginManager: Mounting plugin ProceduralMeshComponent
LogPluginManager: Mounting plugin PostSplashScreen
LogPluginManager: Mounting plugin RuntimePhysXCooking
LogPluginManager: Mounting plugin SignificanceManager
LogPluginManager: Mounting plugin SoundFields
LogPluginManager: Mounting plugin PropertyAccessEditor
LogPluginManager: Mounting plugin Synthesis
LogPluginManager: Mounting plugin WebMMoviePlayer
LogPluginManager: Mounting plugin WindowsMoviePlayer
LogPluginManager: Mounting plugin ImgMedia
LogPluginManager: Mounting plugin ScreenshotTools
LogPluginManager: Mounting plugin Takes
LogPluginManager: Mounting plugin LauncherChunkInstaller
LogPluginManager: Mounting plugin OnlineSubsystem
LogPluginManager: Mounting plugin OnlineSubsystemNull
LogPluginManager: Mounting plugin OnlineSubsystemUtils
LogPluginManager: Mounting plugin AISupport
LogPluginManager: Mounting plugin EnvironmentQueryEditor
LogPluginManager: Mounting plugin LightPropagationVolume
LogPluginManager: Mounting plugin CameraShakePreviewer
LogPluginManager: Mounting plugin GameplayCameras
LogPluginManager: Mounting plugin FacialAnimation
LogPluginManager: Mounting plugin ContentBrowserFileDataSource
LogPluginManager: Mounting plugin ContentBrowserAssetDataSource
LogPluginManager: Mounting plugin ContentBrowserClassDataSource
LogPluginManager: Mounting plugin OculusVR
LogPluginManager: Mounting plugin SteamVR
LogPluginManager: Mounting plugin OnlineSubsystemGooglePlay
LogPluginManager: Mounting plugin OnlineSubsystemIOS
PixWinPlugin: PIX capture plugin failed to initialize! Check that the process is launched from PIX.
LogInit: Using libcurl 7.55.1-DEV
LogInit:  - built for x86_64-pc-win32
LogInit:  - supports SSL with OpenSSL/1.1.1
LogInit:  - supports HTTP deflate (compression) using libz 1.2.8
LogInit:  - other features:
LogInit:      CURL_VERSION_SSL
LogInit:      CURL_VERSION_LIBZ
LogInit:      CURL_VERSION_IPV6
LogInit:      CURL_VERSION_ASYNCHDNS
LogInit:      CURL_VERSION_LARGEFILE
LogInit:      CURL_VERSION_IDN
LogInit:  CurlRequestOptions (configurable via config and command line):
LogInit:  - bVerifyPeer = true  - Libcurl will verify peer certificate
LogInit:  - bUseHttpProxy = false  - Libcurl will NOT use HTTP proxy
LogInit:  - bDontReuseConnections = false  - Libcurl will reuse connections
LogInit:  - MaxHostConnections = 16  - Libcurl will limit the number of connections to a host
LogInit:  - LocalHostAddr = Default
LogInit:  - BufferSize = 65536
LogOnline: OSS: Creating online subsystem instance for: NULL
LogInit: WinSock: version 1.1 (2.2), MaxSocks=32767, MaxUdp=65467
LogOnline: OSS: TryLoadSubsystemAndSetDefault: Loaded subsystem for module [NULL]
LogOculusPluginWrapper: OculusPlugin initialized successfully
LogHMD: Failed initializing OVRPlugin 1.59.0
LogInit: Build: ++UE4+Release-4.27-CL-18319896
LogInit: Engine Version: 4.27.2-18319896+++UE4+Release-4.27
LogInit: Compatible Engine Version: 4.27.0-17155196+++UE4+Release-4.27
LogInit: Net CL: 17155196
LogInit: OS: Windows 10 (Release 2009) (), CPU: 12th Gen Intel(R) Core(TM) i7-12700, GPU: NVIDIA GeForce RTX 3080
LogInit: Compiled (64-bit): Nov 30 2021 07:12:08
LogInit: Compiled with Visual C++: 19.24.28315.00
LogInit: Build Configuration: Development
LogInit: Branch Name: ++UE4+Release-4.27
LogInit: Command Line:  -skipcompile
LogInit: Base Directory: C:/Program Files/Epic Games/UE_4.27/Engine/Binaries/Win64/
LogInit: Allocator: TBB
LogInit: Installed Engine Build: 1
LogDevObjectVersion: Number of dev versions registered: 29
LogDevObjectVersion:   Dev-Blueprints (B0D832E4-1F89-4F0D-ACCF-7EB736FD4AA2): 10
LogDevObjectVersion:   Dev-Build (E1C64328-A22C-4D53-A36C-8E866417BD8C): 0
LogDevObjectVersion:   Dev-Core (375EC13C-06E4-48FB-B500-84F0262A717E): 4
LogDevObjectVersion:   Dev-Editor (E4B068ED-F494-42E9-A231-DA0B2E46BB41): 40
LogDevObjectVersion:   Dev-Framework (CFFC743F-43B0-4480-9391-14DF171D2073): 37
LogDevObjectVersion:   Dev-Mobile (B02B49B5-BB20-44E9-A304-32B752E40360): 3
LogDevObjectVersion:   Dev-Networking (A4E4105C-59A1-49B5-A7C5-40C4547EDFEE): 0
LogDevObjectVersion:   Dev-Online (39C831C9-5AE6-47DC-9A44-9C173E1C8E7C): 0
LogDevObjectVersion:   Dev-Physics (78F01B33-EBEA-4F98-B9B4-84EACCB95AA2): 14
LogDevObjectVersion:   Dev-Platform (6631380F-2D4D-43E0-8009-CF276956A95A): 0
LogDevObjectVersion:   Dev-Rendering (12F88B9F-8875-4AFC-A67C-D90C383ABD29): 45
LogDevObjectVersion:   Dev-Sequencer (7B5AE74C-D270-4C10-A958-57980B212A5A): 13
LogDevObjectVersion:   Dev-VR (D7296918-1DD6-4BDD-9DE2-64A83CC13884): 3
LogDevObjectVersion:   Dev-LoadTimes (C2A15278-BFE7-4AFE-6C17-90FF531DF755): 1
LogDevObjectVersion:   Private-Geometry (6EACA3D4-40EC-4CC1-B786-8BED09428FC5): 3
LogDevObjectVersion:   Dev-AnimPhys (29E575DD-E0A3-4627-9D10-D276232CDCEA): 17
LogDevObjectVersion:   Dev-Anim (AF43A65D-7FD3-4947-9873-3E8ED9C1BB05): 15
LogDevObjectVersion:   Dev-ReflectionCapture (6B266CEC-1EC7-4B8F-A30B-E4D90942FC07): 1
LogDevObjectVersion:   Dev-Automation (0DF73D61-A23F-47EA-B727-89E90C41499A): 1
LogDevObjectVersion:   FortniteMain (601D1886-AC64-4F84-AA16-D3DE0DEAC7D6): 47
LogDevObjectVersion:   FortniteRelease (E7086368-6B23-4C58-8439-1B7016265E91): 1
LogDevObjectVersion:   Dev-Enterprise (9DFFBCD6-494F-0158-E221-12823C92A888): 10
LogDevObjectVersion:   Dev-Niagara (F2AED0AC-9AFE-416F-8664-AA7FFA26D6FC): 1
LogDevObjectVersion:   Dev-Destruction (174F1F0B-B4C6-45A5-B13F-2EE8D0FB917D): 10
LogDevObjectVersion:   Dev-Physics-Ext (35F94A83-E258-406C-A318-09F59610247C): 41
LogDevObjectVersion:   Dev-PhysicsMaterial-Chaos (B68FC16E-8B1B-42E2-B453-215C058844FE): 1
LogDevObjectVersion:   Dev-CineCamera (B2E18506-4273-CFC2-A54E-F4BB758BBA07): 1
LogDevObjectVersion:   Dev-VirtualProduction (64F58936-FD1B-42BA-BA96-7289D5D0FA4E): 1
LogDevObjectVersion:   Dev-MediaFramework (6F0ED827-A609-4895-9C91-998D90180EA4): 2
LogInit: Presizing for max 25165824 objects, including 0 objects not considered by GC, pre-allocating 0 bytes for permanent pool.
LogConfig: Applying CVar settings from Section [/Script/Engine.StreamingSettings] File [C:/Users/B1050622/Documents/GitHub/BetaArcade_Team11/terry/Saved/Config/Windows/Engine.ini]
LogConfig: Setting CVar [[s.MinBulkDataSizeForAsyncLoading:131072]]
LogConfig: Setting CVar [[s.AsyncLoadingThreadEnabled:0]]
LogConfig: Setting CVar [[s.EventDrivenLoaderEnabled:1]]
LogConfig: Setting CVar [[s.WarnIfTimeLimitExceeded:0]]
LogConfig: Setting CVar [[s.TimeLimitExceededMultiplier:1.5]]
LogConfig: Setting CVar [[s.TimeLimitExceededMinTime:0.005]]
LogConfig: Setting CVar [[s.UseBackgroundLevelStreaming:1]]
LogConfig: Setting CVar [[s.PriorityAsyncLoadingExtraTime:15.0]]
LogConfig: Setting CVar [[s.LevelStreamingActorsUpdateTimeLimit:5.0]]
LogConfig: Setting CVar [[s.PriorityLevelStreamingActorsUpdateExtraTime:5.0]]
LogConfig: Setting CVar [[s.LevelStreamingComponentsRegistrationGranularity:10]]
LogConfig: Setting CVar [[s.UnregisterComponentsTimeLimit:1.0]]
LogConfig: Setting CVar [[s.LevelStreamingComponentsUnregistrationGranularity:5]]
LogConfig: Setting CVar [[s.FlushStreamingOnExit:1]]
LogInit: Object subsystem initialized
LogConfig: Setting CVar [[con.DebugEarlyDefault:1]]
LogConfig: Setting CVar [[r.setres:1280x720]]
[2023.10.03-13.07.49:924][  0]LogConfig: Setting CVar [[r.VSync:0]]
[2023.10.03-13.07.49:924][  0]LogConfig: Setting CVar [[r.RHICmdBypass:0]]
[2023.10.03-13.07.49:924][  0]LogConfig: Applying CVar settings from Section [/Script/Engine.RendererSettings] File [C:/Users/B1050622/Documents/GitHub/BetaArcade_Team11/terry/Saved/Config/Windows/Engine.ini]
[2023.10.03-13.07.49:924][  0]LogConfig: Setting CVar [[r.GPUCrashDebugging:0]]
[2023.10.03-13.07.49:924][  0]LogConfig: Applying CVar settings from Section [/Script/Engine.RendererOverrideSettings] File [C:/Users/B1050622/Documents/GitHub/BetaArcade_Team11/terry/Saved/Config/Windows/Engine.ini]
[2023.10.03-13.07.49:924][  0]LogConfig: Applying CVar settings from Section [/Script/Engine.StreamingSettings] File [C:/Users/B1050622/Documents/GitHub/BetaArcade_Team11/terry/Saved/Config/Windows/Engine.ini]
[2023.10.03-13.07.49:924][  0]LogConfig: Setting CVar [[s.MinBulkDataSizeForAsyncLoading:131072]]
[2023.10.03-13.07.49:924][  0]LogConfig: Setting CVar [[s.AsyncLoadingThreadEnabled:0]]
[2023.10.03-13.07.49:924][  0]LogConfig: Setting CVar [[s.EventDrivenLoaderEnabled:1]]
[2023.10.03-13.07.49:924][  0]LogConfig: Setting CVar [[s.WarnIfTimeLimitExceeded:0]]
[2023.10.03-13.07.49:924][  0]LogConfig: Setting CVar [[s.TimeLimitExceededMultiplier:1.5]]
[2023.10.03-13.07.49:924][  0]LogConfig: Setting CVar [[s.TimeLimitExceededMinTime:0.005]]
[2023.10.03-13.07.49:924][  0]LogConfig: Setting CVar [[s.UseBackgroundLevelStreaming:1]]
[2023.10.03-13.07.49:924][  0]LogConfig: Setting CVar [[s.PriorityAsyncLoadingExtraTime:15.0]]
[2023.10.03-13.07.49:924][  0]LogConfig: Setting CVar [[s.LevelStreamingActorsUpdateTimeLimit:5.0]]
[2023.10.03-13.07.49:924][  0]LogConfig: Setting CVar [[s.PriorityLevelStreamingActorsUpdateExtraTime:5.0]]
[2023.10.03-13.07.49:924][  0]LogConfig: Setting CVar [[s.LevelStreamingComponentsRegistrationGranularity:10]]
[2023.10.03-13.07.49:924][  0]LogConfig: Setting CVar [[s.UnregisterComponentsTimeLimit:1.0]]
[2023.10.03-13.07.49:924][  0]LogConfig: Setting CVar [[s.LevelStreamingComponentsUnregistrationGranularity:5]]
[2023.10.03-13.07.49:924][  0]LogConfig: Setting CVar [[s.FlushStreamingOnExit:1]]
[2023.10.03-13.07.49:924][  0]LogConfig: Applying CVar settings from Section [/Script/Engine.GarbageCollectionSettings] File [C:/Users/B1050622/Documents/GitHub/BetaArcade_Team11/terry/Saved/Config/Windows/Engine.ini]
[2023.10.03-13.07.49:924][  0]LogConfig: Setting CVar [[gc.MaxObjectsNotConsideredByGC:1]]
[2023.10.03-13.07.49:925][  0]LogConfig: Setting CVar [[gc.SizeOfPermanentObjectPool:0]]
[2023.10.03-13.07.49:925][  0]LogConfig: Setting CVar [[gc.FlushStreamingOnGC:0]]
[2023.10.03-13.07.49:925][  0]LogConfig: Setting CVar [[gc.NumRetriesBeforeForcingGC:10]]
[2023.10.03-13.07.49:925][  0]LogConfig: Setting CVar [[gc.AllowParallelGC:1]]
[2023.10.03-13.07.49:925][  0]LogConfig: Setting CVar [[gc.TimeBetweenPurgingPendingKillObjects:61.1]]
[2023.10.03-13.07.49:925][  0]LogConfig: Setting CVar [[gc.MaxObjectsInEditor:25165824]]
[2023.10.03-13.07.49:925][  0]LogConfig: Setting CVar [[gc.IncrementalBeginDestroyEnabled:1]]
[2023.10.03-13.07.49:925][  0]LogConfig: Setting CVar [[gc.CreateGCClusters:1]]
[2023.10.03-13.07.49:925][  0]LogConfig: Setting CVar [[gc.MinGCClusterSize:5]]
[2023.10.03-13.07.49:925][  0]LogConfig: Setting CVar [[gc.ActorClusteringEnabled:0]]
[2023.10.03-13.07.49:925][  0]LogConfig: Setting CVar [[gc.BlueprintClusteringEnabled:0]]
[2023.10.03-13.07.49:925][  0]LogConfig: Setting CVar [[gc.UseDisregardForGCOnDedicatedServers:0]]
[2023.10.03-13.07.49:925][  0]LogConfig: Setting CVar [[gc.MultithreadedDestructionEnabled:1]]
[2023.10.03-13.07.49:925][  0]LogConfig: Applying CVar settings from Section [/Script/Engine.NetworkSettings] File [C:/Users/B1050622/Documents/GitHub/BetaArcade_Team11/terry/Saved/Config/Windows/Engine.ini]
[2023.10.03-13.07.49:925][  0]LogConfig: Applying CVar settings from Section [/Script/UnrealEd.CookerSettings] File [C:/Users/B1050622/Documents/GitHub/BetaArcade_Team11/terry/Saved/Config/Windows/Engine.ini]
[2023.10.03-13.07.49:933][  0]LogConfig: Applying CVar settings from Section [ViewDistanceQuality@3] File [C:/Users/B1050622/Documents/GitHub/BetaArcade_Team11/terry/Saved/Config/Windows/Scalability.ini]
[2023.10.03-13.07.49:933][  0]LogConfig: Setting CVar [[r.SkeletalMeshLODBias:0]]
[2023.10.03-13.07.49:933][  0]LogConfig: Setting CVar [[r.ViewDistanceScale:1.0]]
[2023.10.03-13.07.49:933][  0]LogConfig: Applying CVar settings from Section [AntiAliasingQuality@3] File [C:/Users/B1050622/Documents/GitHub/BetaArcade_Team11/terry/Saved/Config/Windows/Scalability.ini]
[2023.10.03-13.07.49:933][  0]LogConfig: Setting CVar [[r.PostProcessAAQuality:4]]
[2023.10.03-13.07.49:933][  0]LogConfig: Applying CVar settings from Section [ShadowQuality@3] File [C:/Users/B1050622/Documents/GitHub/BetaArcade_Team11/terry/Saved/Config/Windows/Scalability.ini]
[2023.10.03-13.07.49:933][  0]LogConfig: Setting CVar [[r.LightFunctionQuality:1]]
[2023.10.03-13.07.49:933][  0]LogConfig: Setting CVar [[r.ShadowQuality:5]]
[2023.10.03-13.07.49:933][  0]LogConfig: Setting CVar [[r.Shadow.CSM.MaxCascades:10]]
[2023.10.03-13.07.49:933][  0]LogConfig: Setting CVar [[r.Shadow.MaxResolution:2048]]
[2023.10.03-13.07.49:933][  0]LogConfig: Setting CVar [[r.Shadow.MaxCSMResolution:2048]]
[2023.10.03-13.07.49:933][  0]LogConfig: Setting CVar [[r.Shadow.RadiusThreshold:0.01]]
[2023.10.03-13.07.49:933][  0]LogConfig: Setting CVar [[r.Shadow.DistanceScale:1.0]]
[2023.10.03-13.07.49:933][  0]LogConfig: Setting CVar [[r.Shadow.CSM.TransitionScale:1.0]]
[2023.10.03-13.07.49:933][  0]LogConfig: Setting CVar [[r.Shadow.PreShadowResolutionFactor:1.0]]
[2023.10.03-13.07.49:933][  0]LogConfig: Setting CVar [[r.DistanceFieldShadowing:1]]
[2023.10.03-13.07.49:933][  0]LogConfig: Setting CVar [[r.DistanceFieldAO:1]]
[2023.10.03-13.07.49:933][  0]LogConfig: Setting CVar [[r.AOQuality:2]]
[2023.10.03-13.07.49:933][  0]LogConfig: Setting CVar [[r.VolumetricFog:1]]
[2023.10.03-13.07.49:933][  0]LogConfig: Setting CVar [[r.VolumetricFog.GridPixelSize:8]]
[2023.10.03-13.07.49:933][  0]LogConfig: Setting CVar [[r.VolumetricFog.GridSizeZ:128]]
[2023.10.03-13.07.49:933][  0]LogConfig: Setting CVar [[r.VolumetricFog.HistoryMissSupersampleCount:4]]
[2023.10.03-13.07.49:933][  0]LogConfig: Setting CVar [[r.LightMaxDrawDistanceScale:1]]
[2023.10.03-13.07.49:933][  0]LogConfig: Setting CVar [[r.CapsuleShadows:1]]
[2023.10.03-13.07.49:933][  0]LogConfig: Applying CVar settings from Section [PostProcessQuality@3] File [C:/Users/B1050622/Documents/GitHub/BetaArcade_Team11/terry/Saved/Config/Windows/Scalability.ini]
[2023.10.03-13.07.49:933][  0]LogConfig: Setting CVar [[r.MotionBlurQuality:4]]
[2023.10.03-13.07.49:933][  0]LogConfig: Setting CVar [[r.AmbientOcclusionMipLevelFactor:0.4]]
[2023.10.03-13.07.49:934][  0]LogConfig: Setting CVar [[r.AmbientOcclusionMaxQuality:100]]
[2023.10.03-13.07.49:934][  0]LogConfig: Setting CVar [[r.AmbientOcclusionLevels:-1]]
[2023.10.03-13.07.49:934][  0]LogConfig: Setting CVar [[r.AmbientOcclusionRadiusScale:1.0]]
[2023.10.03-13.07.49:934][  0]LogConfig: Setting CVar [[r.DepthOfFieldQuality:2]]
[2023.10.03-13.07.49:934][  0]LogConfig: Setting CVar [[r.RenderTargetPoolMin:400]]
[2023.10.03-13.07.49:934][  0]LogConfig: Setting CVar [[r.LensFlareQuality:2]]
[2023.10.03-13.07.49:934][  0]LogConfig: Setting CVar [[r.SceneColorFringeQuality:1]]
[2023.10.03-13.07.49:934][  0]LogConfig: Setting CVar [[r.EyeAdaptationQuality:2]]
[2023.10.03-13.07.49:934][  0]LogConfig: Setting CVar [[r.BloomQuality:5]]
[2023.10.03-13.07.49:934][  0]LogConfig: Setting CVar [[r.FastBlurThreshold:100]]
[2023.10.03-13.07.49:934][  0]LogConfig: Setting CVar [[r.Upscale.Quality:3]]
[2023.10.03-13.07.49:934][  0]LogConfig: Setting CVar [[r.Tonemapper.GrainQuantization:1]]
[2023.10.03-13.07.49:934][  0]LogConfig: Setting CVar [[r.LightShaftQuality:1]]
[2023.10.03-13.07.49:934][  0]LogConfig: Setting CVar [[r.Filter.SizeScale:1]]
[2023.10.03-13.07.49:934][  0]LogConfig: Setting CVar [[r.Tonemapper.Quality:5]]
[2023.10.03-13.07.49:934][  0]LogConfig: Setting CVar [[r.DOF.Gather.AccumulatorQuality:1        ; higher gathering accumulator quality]]
[2023.10.03-13.07.49:934][  0]LogConfig: Setting CVar [[r.DOF.Gather.PostfilterMethod:1          ; Median3x3 postfilering method]]
[2023.10.03-13.07.49:934][  0]LogConfig: Setting CVar [[r.DOF.Gather.EnableBokehSettings:0       ; no bokeh simulation when gathering]]
[2023.10.03-13.07.49:934][  0]LogConfig: Setting CVar [[r.DOF.Gather.RingCount:4                 ; medium number of samples when gathering]]
[2023.10.03-13.07.49:934][  0]LogConfig: Setting CVar [[r.DOF.Scatter.ForegroundCompositing:1    ; additive foreground scattering]]
[2023.10.03-13.07.49:934][  0]LogConfig: Setting CVar [[r.DOF.Scatter.BackgroundCompositing:2    ; additive background scattering]]
[2023.10.03-13.07.49:934][  0]LogConfig: Setting CVar [[r.DOF.Scatter.EnableBokehSettings:1      ; bokeh simulation when scattering]]
[2023.10.03-13.07.49:934][  0]LogConfig: Setting CVar [[r.DOF.Scatter.MaxSpriteRatio:0.1         ; only a maximum of 10% of scattered bokeh]]
[2023.10.03-13.07.49:934][  0]LogConfig: Setting CVar [[r.DOF.Recombine.Quality:1                ; cheap slight out of focus]]
[2023.10.03-13.07.49:934][  0]LogConfig: Setting CVar [[r.DOF.Recombine.EnableBokehSettings:0    ; no bokeh simulation on slight out of focus]]
[2023.10.03-13.07.49:934][  0]LogConfig: Setting CVar [[r.DOF.TemporalAAQuality:1                ; more stable temporal accumulation]]
[2023.10.03-13.07.49:934][  0]LogConfig: Setting CVar [[r.DOF.Kernel.MaxForegroundRadius:0.025]]
[2023.10.03-13.07.49:934][  0]LogConfig: Setting CVar [[r.DOF.Kernel.MaxBackgroundRadius:0.025]]
[2023.10.03-13.07.49:934][  0]LogConfig: Applying CVar settings from Section [TextureQuality@3] File [C:/Users/B1050622/Documents/GitHub/BetaArcade_Team11/terry/Saved/Config/Windows/Scalability.ini]
[2023.10.03-13.07.49:934][  0]LogConfig: Setting CVar [[r.Streaming.MipBias:0]]
[2023.10.03-13.07.49:934][  0]LogConfig: Setting CVar [[r.Streaming.AmortizeCPUToGPUCopy:0]]
[2023.10.03-13.07.49:935][  0]LogConfig: Setting CVar [[r.Streaming.MaxNumTexturesToStreamPerFrame:0]]
[2023.10.03-13.07.49:935][  0]LogConfig: Setting CVar [[r.Streaming.Boost:1]]
[2023.10.03-13.07.49:935][  0]LogConfig: Setting CVar [[r.MaxAnisotropy:8]]
[2023.10.03-13.07.49:935][  0]LogConfig: Setting CVar [[r.VT.MaxAnisotropy:8]]
[2023.10.03-13.07.49:935][  0]LogConfig: Setting CVar [[r.Streaming.LimitPoolSizeToVRAM:0]]
[2023.10.03-13.07.49:935][  0]LogConfig: Setting CVar [[r.Streaming.PoolSize:1000]]
[2023.10.03-13.07.49:935][  0]LogConfig: Setting CVar [[r.Streaming.MaxEffectiveScreenSize:0]]
[2023.10.03-13.07.49:935][  0]LogConfig: Applying CVar settings from Section [EffectsQuality@3] File [C:/Users/B1050622/Documents/GitHub/BetaArcade_Team11/terry/Saved/Config/Windows/Scalability.ini]
[2023.10.03-13.07.49:935][  0]LogConfig: Setting CVar [[r.TranslucencyLightingVolumeDim:64]]
[2023.10.03-13.07.49:935][  0]LogConfig: Setting CVar [[r.RefractionQuality:2]]
[2023.10.03-13.07.49:935][  0]LogConfig: Setting CVar [[r.SSR.Quality:3]]
[2023.10.03-13.07.49:935][  0]LogConfig: Setting CVar [[r.SSR.HalfResSceneColor:0]]
[2023.10.03-13.07.49:935][  0]LogConfig: Setting CVar [[r.SceneColorFormat:4]]
[2023.10.03-13.07.49:935][  0]LogConfig: Setting CVar [[r.DetailMode:2]]
[2023.10.03-13.07.49:935][  0]LogConfig: Setting CVar [[r.TranslucencyVolumeBlur:1]]
[2023.10.03-13.07.49:935][  0]LogConfig: Setting CVar [[r.MaterialQualityLevel:1 ; High quality]]
[2023.10.03-13.07.49:935][  0]LogConfig: Setting CVar [[r.AnisotropicMaterials:1]]
[2023.10.03-13.07.49:935][  0]LogConfig: Setting CVar [[r.SSS.Scale:1]]
[2023.10.03-13.07.49:935][  0]LogConfig: Setting CVar [[r.SSS.SampleSet:2]]
[2023.10.03-13.07.49:935][  0]LogConfig: Setting CVar [[r.SSS.Quality:1]]
[2023.10.03-13.07.49:935][  0]LogConfig: Setting CVar [[r.SSS.HalfRes:0]]
[2023.10.03-13.07.49:935][  0]LogConfig: Setting CVar [[r.SSGI.Quality:3]]
[2023.10.03-13.07.49:935][  0]LogConfig: Setting CVar [[r.EmitterSpawnRateScale:1.0]]
[2023.10.03-13.07.49:935][  0]LogConfig: Setting CVar [[r.ParticleLightQuality:2]]
[2023.10.03-13.07.49:935][  0]LogConfig: Setting CVar [[r.SkyAtmosphere.AerialPerspectiveLUT.FastApplyOnOpaque:1 ; Always have FastSkyLUT 1 in this case to avoid wrong sky]]
[2023.10.03-13.07.49:935][  0]LogConfig: Setting CVar [[r.SkyAtmosphere.AerialPerspectiveLUT.SampleCountMaxPerSlice:4]]
[2023.10.03-13.07.49:935][  0]LogConfig: Setting CVar [[r.SkyAtmosphere.AerialPerspectiveLUT.DepthResolution:16.0]]
[2023.10.03-13.07.49:935][  0]LogConfig: Setting CVar [[r.SkyAtmosphere.FastSkyLUT:1]]
[2023.10.03-13.07.49:935][  0]LogConfig: Setting CVar [[r.SkyAtmosphere.FastSkyLUT.SampleCountMin:4.0]]
[2023.10.03-13.07.49:935][  0]LogConfig: Setting CVar [[r.SkyAtmosphere.FastSkyLUT.SampleCountMax:128.0]]
[2023.10.03-13.07.49:935][  0]LogConfig: Setting CVar [[r.SkyAtmosphere.SampleCountMin:4.0]]
[2023.10.03-13.07.49:936][  0]LogConfig: Setting CVar [[r.SkyAtmosphere.SampleCountMax:128.0]]
[2023.10.03-13.07.49:936][  0]LogConfig: Setting CVar [[r.SkyAtmosphere.TransmittanceLUT.UseSmallFormat:0]]
[2023.10.03-13.07.49:936][  0]LogConfig: Setting CVar [[r.SkyAtmosphere.TransmittanceLUT.SampleCount:10.0]]
[2023.10.03-13.07.49:936][  0]LogConfig: Setting CVar [[r.SkyAtmosphere.MultiScatteringLUT.SampleCount:15.0]]
[2023.10.03-13.07.49:936][  0]LogConfig: Setting CVar [[r.SkyLight.RealTimeReflectionCapture:1]]
[2023.10.03-13.07.49:936][  0]LogConfig: Applying CVar settings from Section [FoliageQuality@3] File [C:/Users/B1050622/Documents/GitHub/BetaArcade_Team11/terry/Saved/Config/Windows/Scalability.ini]
[2023.10.03-13.07.49:936][  0]LogConfig: Setting CVar [[foliage.DensityScale:1.0]]
[2023.10.03-13.07.49:936][  0]LogConfig: Setting CVar [[grass.DensityScale:1.0]]
[2023.10.03-13.07.49:936][  0]LogConfig: Applying CVar settings from Section [ShadingQuality@3] File [C:/Users/B1050622/Documents/GitHub/BetaArcade_Team11/terry/Saved/Config/Windows/Scalability.ini]
[2023.10.03-13.07.49:936][  0]LogConfig: Setting CVar [[r.HairStrands.SkyLighting.IntegrationType:2]]
[2023.10.03-13.07.49:936][  0]LogConfig: Setting CVar [[r.HairStrands.SkyAO.SampleCount:4]]
[2023.10.03-13.07.49:936][  0]LogConfig: Setting CVar [[r.HairStrands.Visibility.MSAA.SamplePerPixel:4]]
[2023.10.03-13.07.49:936][  0]LogInit: Selected Device Profile: [Windows]
[2023.10.03-13.07.49:936][  0]LogInit: Applying CVar settings loaded from the selected device profile: [Windows]
[2023.10.03-13.07.49:936][  0]LogHAL: Display: Platform has ~ 64 GB [68410646528 / 68719476736 / 64], which maps to Largest [LargestMinGB=32, LargerMinGB=12, DefaultMinGB=8, SmallerMinGB=6, SmallestMinGB=0)
[2023.10.03-13.07.49:936][  0]LogInit: Going up to parent DeviceProfile []
[2023.10.03-13.07.49:936][  0]LogConfig: Applying CVar settings from Section [ViewDistanceQuality@3] File [C:/Users/B1050622/Documents/GitHub/BetaArcade_Team11/terry/Saved/Config/Windows/Scalability.ini]
[2023.10.03-13.07.49:936][  0]LogConfig: Setting CVar [[r.SkeletalMeshLODBias:0]]
[2023.10.03-13.07.49:936][  0]LogConfig: Setting CVar [[r.ViewDistanceScale:1.0]]
[2023.10.03-13.07.49:936][  0]LogConfig: Applying CVar settings from Section [AntiAliasingQuality@3] File [C:/Users/B1050622/Documents/GitHub/BetaArcade_Team11/terry/Saved/Config/Windows/Scalability.ini]
[2023.10.03-13.07.49:936][  0]LogConfig: Setting CVar [[r.PostProcessAAQuality:4]]
[2023.10.03-13.07.49:936][  0]LogConfig: Applying CVar settings from Section [ShadowQuality@3] File [C:/Users/B1050622/Documents/GitHub/BetaArcade_Team11/terry/Saved/Config/Windows/Scalability.ini]
[2023.10.03-13.07.49:936][  0]LogConfig: Setting CVar [[r.LightFunctionQuality:1]]
[2023.10.03-13.07.49:936][  0]LogConfig: Setting CVar [[r.ShadowQuality:5]]
[2023.10.03-13.07.49:936][  0]LogConfig: Setting CVar [[r.Shadow.CSM.MaxCascades:10]]
[2023.10.03-13.07.49:936][  0]LogConfig: Setting CVar [[r.Shadow.MaxResolution:2048]]
[2023.10.03-13.07.49:936][  0]LogConfig: Setting CVar [[r.Shadow.MaxCSMResolution:2048]]
[2023.10.03-13.07.49:937][  0]LogConfig: Setting CVar [[r.Shadow.RadiusThreshold:0.01]]
[2023.10.03-13.07.49:937][  0]LogConfig: Setting CVar [[r.Shadow.DistanceScale:1.0]]
[2023.10.03-13.07.49:937][  0]LogConfig: Setting CVar [[r.Shadow.CSM.TransitionScale:1.0]]
[2023.10.03-13.07.49:937][  0]LogConfig: Setting CVar [[r.Shadow.PreShadowResolutionFactor:1.0]]
[2023.10.03-13.07.49:937][  0]LogConfig: Setting CVar [[r.DistanceFieldShadowing:1]]
[2023.10.03-13.07.49:937][  0]LogConfig: Setting CVar [[r.DistanceFieldAO:1]]
[2023.10.03-13.07.49:937][  0]LogConfig: Setting CVar [[r.AOQuality:2]]
[2023.10.03-13.07.49:937][  0]LogConfig: Setting CVar [[r.VolumetricFog:1]]
[2023.10.03-13.07.49:937][  0]LogConfig: Setting CVar [[r.VolumetricFog.GridPixelSize:8]]
[2023.10.03-13.07.49:937][  0]LogConfig: Setting CVar [[r.VolumetricFog.GridSizeZ:128]]
[2023.10.03-13.07.49:937][  0]LogConfig: Setting CVar [[r.VolumetricFog.HistoryMissSupersampleCount:4]]
[2023.10.03-13.07.49:937][  0]LogConfig: Setting CVar [[r.LightMaxDrawDistanceScale:1]]
[2023.10.03-13.07.49:937][  0]LogConfig: Setting CVar [[r.CapsuleShadows:1]]
[2023.10.03-13.07.49:937][  0]LogConfig: Applying CVar settings from Section [PostProcessQuality@3] File [C:/Users/B1050622/Documents/GitHub/BetaArcade_Team11/terry/Saved/Config/Windows/Scalability.ini]
[2023.10.03-13.07.49:937][  0]LogConfig: Setting CVar [[r.MotionBlurQuality:4]]
[2023.10.03-13.07.49:937][  0]LogConfig: Setting CVar [[r.AmbientOcclusionMipLevelFactor:0.4]]
[2023.10.03-13.07.49:937][  0]LogConfig: Setting CVar [[r.AmbientOcclusionMaxQuality:100]]
[2023.10.03-13.07.49:937][  0]LogConfig: Setting CVar [[r.AmbientOcclusionLevels:-1]]
[2023.10.03-13.07.49:937][  0]LogConfig: Setting CVar [[r.AmbientOcclusionRadiusScale:1.0]]
[2023.10.03-13.07.49:937][  0]LogConfig: Setting CVar [[r.DepthOfFieldQuality:2]]
[2023.10.03-13.07.49:937][  0]LogConfig: Setting CVar [[r.RenderTargetPoolMin:400]]
[2023.10.03-13.07.49:937][  0]LogConfig: Setting CVar [[r.LensFlareQuality:2]]
[2023.10.03-13.07.49:937][  0]LogConfig: Setting CVar [[r.SceneColorFringeQuality:1]]
[2023.10.03-13.07.49:937][  0]LogConfig: Setting CVar [[r.EyeAdaptationQuality:2]]
[2023.10.03-13.07.49:937][  0]LogConfig: Setting CVar [[r.BloomQuality:5]]
[2023.10.03-13.07.49:937][  0]LogConfig: Setting CVar [[r.FastBlurThreshold:100]]
[2023.10.03-13.07.49:937][  0]LogConfig: Setting CVar [[r.Upscale.Quality:3]]
[2023.10.03-13.07.49:937][  0]LogConfig: Setting CVar [[r.Tonemapper.GrainQuantization:1]]
[2023.10.03-13.07.49:937][  0]LogConfig: Setting CVar [[r.LightShaftQuality:1]]
[2023.10.03-13.07.49:937][  0]LogConfig: Setting CVar [[r.Filter.SizeScale:1]]
[2023.10.03-13.07.49:937][  0]LogConfig: Setting CVar [[r.Tonemapper.Quality:5]]
[2023.10.03-13.07.49:937][  0]LogConfig: Setting CVar [[r.DOF.Gather.AccumulatorQuality:1        ; higher gathering accumulator quality]]
[2023.10.03-13.07.49:938][  0]LogConfig: Setting CVar [[r.DOF.Gather.PostfilterMethod:1          ; Median3x3 postfilering method]]
[2023.10.03-13.07.49:938][  0]LogConfig: Setting CVar [[r.DOF.Gather.EnableBokehSettings:0       ; no bokeh simulation when gathering]]
[2023.10.03-13.07.49:938][  0]LogConfig: Setting CVar [[r.DOF.Gather.RingCount:4                 ; medium number of samples when gathering]]
[2023.10.03-13.07.49:938][  0]LogConfig: Setting CVar [[r.DOF.Scatter.ForegroundCompositing:1    ; additive foreground scattering]]
[2023.10.03-13.07.49:938][  0]LogConfig: Setting CVar [[r.DOF.Scatter.BackgroundCompositing:2    ; additive background scattering]]
[2023.10.03-13.07.49:938][  0]LogConfig: Setting CVar [[r.DOF.Scatter.EnableBokehSettings:1      ; bokeh simulation when scattering]]
[2023.10.03-13.07.49:938][  0]LogConfig: Setting CVar [[r.DOF.Scatter.MaxSpriteRatio:0.1         ; only a maximum of 10% of scattered bokeh]]
[2023.10.03-13.07.49:938][  0]LogConfig: Setting CVar [[r.DOF.Recombine.Quality:1                ; cheap slight out of focus]]
[2023.10.03-13.07.49:938][  0]LogConfig: Setting CVar [[r.DOF.Recombine.EnableBokehSettings:0    ; no bokeh simulation on slight out of focus]]
[2023.10.03-13.07.49:938][  0]LogConfig: Setting CVar [[r.DOF.TemporalAAQuality:1                ; more stable temporal accumulation]]
[2023.10.03-13.07.49:938][  0]LogConfig: Setting CVar [[r.DOF.Kernel.MaxForegroundRadius:0.025]]
[2023.10.03-13.07.49:938][  0]LogConfig: Setting CVar [[r.DOF.Kernel.MaxBackgroundRadius:0.025]]
[2023.10.03-13.07.49:938][  0]LogConfig: Applying CVar settings from Section [TextureQuality@3] File [C:/Users/B1050622/Documents/GitHub/BetaArcade_Team11/terry/Saved/Config/Windows/Scalability.ini]
[2023.10.03-13.07.49:938][  0]LogConfig: Setting CVar [[r.Streaming.MipBias:0]]
[2023.10.03-13.07.49:938][  0]LogConfig: Setting CVar [[r.Streaming.AmortizeCPUToGPUCopy:0]]
[2023.10.03-13.07.49:938][  0]LogConfig: Setting CVar [[r.Streaming.MaxNumTexturesToStreamPerFrame:0]]
[2023.10.03-13.07.49:938][  0]LogConfig: Setting CVar [[r.Streaming.Boost:1]]
[2023.10.03-13.07.49:938][  0]LogConfig: Setting CVar [[r.MaxAnisotropy:8]]
[2023.10.03-13.07.49:938][  0]LogConfig: Setting CVar [[r.VT.MaxAnisotropy:8]]
[2023.10.03-13.07.49:938][  0]LogConfig: Setting CVar [[r.Streaming.LimitPoolSizeToVRAM:0]]
[2023.10.03-13.07.49:938][  0]LogConfig: Setting CVar [[r.Streaming.PoolSize:1000]]
[2023.10.03-13.07.49:939][  0]LogConfig: Setting CVar [[r.Streaming.MaxEffectiveScreenSize:0]]
[2023.10.03-13.07.49:939][  0]LogConfig: Applying CVar settings from Section [EffectsQuality@3] File [C:/Users/B1050622/Documents/GitHub/BetaArcade_Team11/terry/Saved/Config/Windows/Scalability.ini]
[2023.10.03-13.07.49:939][  0]LogConfig: Setting CVar [[r.TranslucencyLightingVolumeDim:64]]
[2023.10.03-13.07.49:939][  0]LogConfig: Setting CVar [[r.RefractionQuality:2]]
[2023.10.03-13.07.49:939][  0]LogConfig: Setting CVar [[r.SSR.Quality:3]]
[2023.10.03-13.07.49:939][  0]LogConfig: Setting CVar [[r.SSR.HalfResSceneColor:0]]
[2023.10.03-13.07.49:939][  0]LogConfig: Setting CVar [[r.SceneColorFormat:4]]
[2023.10.03-13.07.49:939][  0]LogConfig: Setting CVar [[r.DetailMode:2]]
[2023.10.03-13.07.49:939][  0]LogConfig: Setting CVar [[r.TranslucencyVolumeBlur:1]]
[2023.10.03-13.07.49:939][  0]LogConfig: Setting CVar [[r.MaterialQualityLevel:1 ; High quality]]
[2023.10.03-13.07.49:939][  0]LogConfig: Setting CVar [[r.AnisotropicMaterials:1]]
[2023.10.03-13.07.49:939][  0]LogConfig: Setting CVar [[r.SSS.Scale:1]]
[2023.10.03-13.07.49:939][  0]LogConfig: Setting CVar [[r.SSS.SampleSet:2]]
[2023.10.03-13.07.49:939][  0]LogConfig: Setting CVar [[r.SSS.Quality:1]]
[2023.10.03-13.07.49:939][  0]LogConfig: Setting CVar [[r.SSS.HalfRes:0]]
[2023.10.03-13.07.49:939][  0]LogConfig: Setting CVar [[r.SSGI.Quality:3]]
[2023.10.03-13.07.49:939][  0]LogConfig: Setting CVar [[r.EmitterSpawnRateScale:1.0]]
[2023.10.03-13.07.49:939][  0]LogConfig: Setting CVar [[r.ParticleLightQuality:2]]
[2023.10.03-13.07.49:940][  0]LogConfig: Setting CVar [[r.SkyAtmosphere.AerialPerspectiveLUT.FastApplyOnOpaque:1 ; Always have FastSkyLUT 1 in this case to avoid wrong sky]]
[2023.10.03-13.07.49:940][  0]LogConfig: Setting CVar [[r.SkyAtmosphere.AerialPerspectiveLUT.SampleCountMaxPerSlice:4]]
[2023.10.03-13.07.49:940][  0]LogConfig: Setting CVar [[r.SkyAtmosphere.AerialPerspectiveLUT.DepthResolution:16.0]]
[2023.10.03-13.07.49:940][  0]LogConfig: Setting CVar [[r.SkyAtmosphere.FastSkyLUT:1]]
[2023.10.03-13.07.49:940][  0]LogConfig: Setting CVar [[r.SkyAtmosphere.FastSkyLUT.SampleCountMin:4.0]]
[2023.10.03-13.07.49:940][  0]LogConfig: Setting CVar [[r.SkyAtmosphere.FastSkyLUT.SampleCountMax:128.0]]
[2023.10.03-13.07.49:940][  0]LogConfig: Setting CVar [[r.SkyAtmosphere.SampleCountMin:4.0]]
[2023.10.03-13.07.49:940][  0]LogConfig: Setting CVar [[r.SkyAtmosphere.SampleCountMax:128.0]]
[2023.10.03-13.07.49:940][  0]LogConfig: Setting CVar [[r.SkyAtmosphere.TransmittanceLUT.UseSmallFormat:0]]
[2023.10.03-13.07.49:940][  0]LogConfig: Setting CVar [[r.SkyAtmosphere.TransmittanceLUT.SampleCount:10.0]]
[2023.10.03-13.07.49:940][  0]LogConfig: Setting CVar [[r.SkyAtmosphere.MultiScatteringLUT.SampleCount:15.0]]
[2023.10.03-13.07.49:940][  0]LogConfig: Setting CVar [[r.SkyLight.RealTimeReflectionCapture:1]]
[2023.10.03-13.07.49:940][  0]LogConfig: Applying CVar settings from Section [FoliageQuality@3] File [C:/Users/B1050622/Documents/GitHub/BetaArcade_Team11/terry/Saved/Config/Windows/Scalability.ini]
[2023.10.03-13.07.49:940][  0]LogConfig: Setting CVar [[foliage.DensityScale:1.0]]
[2023.10.03-13.07.49:940][  0]LogConfig: Setting CVar [[grass.DensityScale:1.0]]
[2023.10.03-13.07.49:940][  0]LogConfig: Applying CVar settings from Section [ShadingQuality@3] File [C:/Users/B1050622/Documents/GitHub/BetaArcade_Team11/terry/Saved/Config/Windows/Scalability.ini]
[2023.10.03-13.07.49:940][  0]LogConfig: Setting CVar [[r.HairStrands.SkyLighting.IntegrationType:2]]
[2023.10.03-13.07.49:940][  0]LogConfig: Setting CVar [[r.HairStrands.SkyAO.SampleCount:4]]
[2023.10.03-13.07.49:940][  0]LogConfig: Setting CVar [[r.HairStrands.Visibility.MSAA.SamplePerPixel:4]]
[2023.10.03-13.07.49:940][  0]LogConfig: Applying CVar settings from Section [Startup] File [../../../Engine/Config/ConsoleVariables.ini]
[2023.10.03-13.07.49:941][  0]LogConfig: Setting CVar [[net.UseAdaptiveNetUpdateFrequency:0]]
[2023.10.03-13.07.49:941][  0]LogConfig: Setting CVar [[p.chaos.AllowCreatePhysxBodies:1]]
[2023.10.03-13.07.49:941][  0]LogConfig: Setting CVar [[fx.SkipVectorVMBackendOptimizations:1]]
[2023.10.03-13.07.49:941][  0]LogConfig: Applying CVar settings from Section [ConsoleVariables] File [C:/Users/B1050622/Documents/GitHub/BetaArcade_Team11/terry/Saved/Config/Windows/Engine.ini]
[2023.10.03-13.07.49:941][  0]LogConfig: Applying CVar settings from Section [ConsoleVariables] File [C:/Users/B1050622/Documents/GitHub/BetaArcade_Team11/terry/Saved/Config/Windows/Editor.ini]
[2023.10.03-13.07.49:941][  0]LogInit: Computer: TU42658
[2023.10.03-13.07.49:941][  0]LogInit: User: B1050622
[2023.10.03-13.07.49:941][  0]LogInit: CPU Page size=4096, Cores=12
[2023.10.03-13.07.49:941][  0]LogInit: High frequency timer resolution =10.000000 MHz
[2023.10.03-13.07.49:941][  0]LogMemory: Memory total: Physical=63.7GB (64GB approx)
[2023.10.03-13.07.49:941][  0]LogMemory: Platform Memory Stats for Windows
[2023.10.03-13.07.49:941][  0]LogMemory: Process Physical Memory: 144.91 MB used, 144.92 MB peak
[2023.10.03-13.07.49:941][  0]LogMemory: Process Virtual Memory: 126.32 MB used, 126.32 MB peak
[2023.10.03-13.07.49:941][  0]LogMemory: Physical Memory: 23457.53 MB used,  41783.95 MB free, 65241.48 MB total
[2023.10.03-13.07.49:941][  0]LogMemory: Virtual Memory: 134168528.00 MB used,  49203.12 MB free, 134217728.00 MB total
[2023.10.03-13.07.49:948][  0]LogWindows: WindowsPlatformFeatures enabled
[2023.10.03-13.07.50:065][  0]LogInit: Physics initialised using underlying interface: PhysX
[2023.10.03-13.07.50:066][  0]LogInit: Using OS detected language (en-GB).
[2023.10.03-13.07.50:066][  0]LogInit: Using OS detected locale (en-GB).
[2023.10.03-13.07.50:068][  0]LogTextLocalizationManager: No specific localization for 'en-GB' exists, so the 'en' localization will be used.
[2023.10.03-13.07.50:180][  0]LogInit: Setting process to per monitor DPI aware
[2023.10.03-13.07.50:202][  0]LogWindowsTextInputMethodSystem: Display: IME system deactivated.
[2023.10.03-13.07.50:219][  0]LogSlate: New Slate User Created.  User Index 0, Is Virtual User: 0
[2023.10.03-13.07.50:219][  0]LogSlate: Slate User Registered.  User Index 0, Is Virtual User: 0
[2023.10.03-13.07.50:332][  0]LogD3D11RHI: Loaded GFSDK_Aftermath_Lib.x64.dll
[2023.10.03-13.07.50:336][  0]LogHMD: Failed to initialize OpenVR with code 110
[2023.10.03-13.07.50:336][  0]LogD3D11RHI: D3D11 min allowed feature level: 11_0
[2023.10.03-13.07.50:336][  0]LogD3D11RHI: D3D11 max allowed feature level: 11_0
[2023.10.03-13.07.50:336][  0]LogD3D11RHI: D3D11 adapters:
[2023.10.03-13.07.50:980][  0]LogD3D11RHI:    0. 'NVIDIA GeForce RTX 3080' (Feature Level 11_0)
[2023.10.03-13.07.50:980][  0]LogD3D11RHI:       10067/0/32620 MB DedicatedVideo/DedicatedSystem/SharedSystem, Outputs:2, VendorId:0x10de
[2023.10.03-13.07.51:033][  0]LogD3D11RHI:    1. 'Intel(R) UHD Graphics 770' (Feature Level 11_0)
[2023.10.03-13.07.51:034][  0]LogD3D11RHI:       128/0/32620 MB DedicatedVideo/DedicatedSystem/SharedSystem, Outputs:0, VendorId:0x8086
[2023.10.03-13.07.51:039][  0]LogD3D11RHI:    2. 'Microsoft Basic Render Driver' (Feature Level 11_0)
[2023.10.03-13.07.51:039][  0]LogD3D11RHI:       0/0/32620 MB DedicatedVideo/DedicatedSystem/SharedSystem, Outputs:0, VendorId:0x1414
[2023.10.03-13.07.51:039][  0]LogD3D11RHI: Chosen D3D11 Adapter:
[2023.10.03-13.07.51:039][  0]LogD3D11RHI:     Description : NVIDIA GeForce RTX 3080
[2023.10.03-13.07.51:039][  0]LogD3D11RHI:     VendorId    : 10de
[2023.10.03-13.07.51:039][  0]LogD3D11RHI:     DeviceId    : 2216
[2023.10.03-13.07.51:039][  0]LogD3D11RHI:     SubSysId    : 88d7103c
[2023.10.03-13.07.51:039][  0]LogD3D11RHI:     Revision    : 00a1
[2023.10.03-13.07.51:039][  0]LogD3D11RHI:     DedicatedVideoMemory : 10556014592 bytes
[2023.10.03-13.07.51:039][  0]LogD3D11RHI:     DedicatedSystemMemory : 0 bytes
[2023.10.03-13.07.51:039][  0]LogD3D11RHI:     SharedSystemMemory : 34205323264 bytes
[2023.10.03-13.07.51:039][  0]LogD3D11RHI:     AdapterLuid : 0 139435
[2023.10.03-13.07.51:044][  0]LogD3D11RHI: Creating new Direct3DDevice
[2023.10.03-13.07.51:044][  0]LogD3D11RHI:     GPU DeviceId: 0x2216 (for the marketing name, search the web for "GPU Device Id")
[2023.10.03-13.07.51:044][  0]LogWindows: EnumDisplayDevices:
[2023.10.03-13.07.51:044][  0]LogWindows:    0. 'NVIDIA GeForce RTX 3080' (P:1 D:1)
[2023.10.03-13.07.51:044][  0]LogWindows:    1. 'NVIDIA GeForce RTX 3080' (P:0 D:1)
[2023.10.03-13.07.51:045][  0]LogWindows:    2. 'NVIDIA GeForce RTX 3080' (P:0 D:0)
[2023.10.03-13.07.51:045][  0]LogWindows:    3. 'NVIDIA GeForce RTX 3080' (P:0 D:0)
[2023.10.03-13.07.51:045][  0]LogWindows:    4. 'Intel(R) UHD Graphics 770' (P:0 D:0)
[2023.10.03-13.07.51:046][  0]LogWindows:    5. 'Intel(R) UHD Graphics 770' (P:0 D:0)
[2023.10.03-13.07.51:046][  0]LogWindows:    6. 'Intel(R) UHD Graphics 770' (P:0 D:0)
[2023.10.03-13.07.51:046][  0]LogWindows:    7. 'Intel(R) UHD Graphics 770' (P:0 D:0)
[2023.10.03-13.07.51:046][  0]LogWindows: DebugString: PrimaryIsNotTheChoosenAdapter PrimaryIsNotTheChoosenAdapter PrimaryIsNotTheChoosenAdapter PrimaryIsNotTheChoosenAdapter FoundDriverCount:4 
[2023.10.03-13.07.51:046][  0]LogD3D11RHI:     Adapter Name: NVIDIA GeForce RTX 3080
[2023.10.03-13.07.51:046][  0]LogD3D11RHI:   Driver Version: 531.14 (internal:31.0.15.3114, unified:531.14)
[2023.10.03-13.07.51:046][  0]LogD3D11RHI:      Driver Date: 2-22-2023
[2023.10.03-13.07.51:046][  0]LogRHI: Texture pool is 7046 MB (70% of 10067 MB)
[2023.10.03-13.07.51:047][  0]LogD3D11RHI: Creating D3DDevice using adapter:
[2023.10.03-13.07.51:047][  0]LogD3D11RHI:     Description : NVIDIA GeForce RTX 3080
[2023.10.03-13.07.51:047][  0]LogD3D11RHI:     VendorId    : 10de
[2023.10.03-13.07.51:047][  0]LogD3D11RHI:     DeviceId    : 2216
[2023.10.03-13.07.51:047][  0]LogD3D11RHI:     SubSysId    : 88d7103c
[2023.10.03-13.07.51:047][  0]LogD3D11RHI:     Revision    : 00a1
[2023.10.03-13.07.51:047][  0]LogD3D11RHI:     DedicatedVideoMemory : 10556014592 bytes
[2023.10.03-13.07.51:047][  0]LogD3D11RHI:     DedicatedSystemMemory : 0 bytes
[2023.10.03-13.07.51:047][  0]LogD3D11RHI:     SharedSystemMemory : 34205323264 bytes
[2023.10.03-13.07.51:047][  0]LogD3D11RHI:     AdapterLuid : 0 139435
[2023.10.03-13.07.51:124][  0]LogD3D11RHI: RHI has support for 64 bit atomics
[2023.10.03-13.07.51:124][  0]LogD3D11RHI: Async texture creation enabled
[2023.10.03-13.07.51:124][  0]LogD3D11RHI: Array index from any shader is supported
[2023.10.03-13.07.51:136][  0]LogD3D11RHI: GPU Timing Frequency: 1000.000000 (Debug: 2 1)
[2023.10.03-13.07.51:166][  0]LogRHI: GeForceNow SDK initialized: 1
[2023.10.03-13.07.51:426][  0]LogTargetPlatformManager: Display: Loaded TargetPlatform 'AllDesktop'
[2023.10.03-13.07.51:442][  0]LogTargetPlatformManager: Display: Loaded TargetPlatform 'Android'
[2023.10.03-13.07.51:442][  0]LogTargetPlatformManager: Display: Loaded TargetPlatform 'Android_ASTC'
[2023.10.03-13.07.51:442][  0]LogTargetPlatformManager: Display: Loaded TargetPlatform 'Android_DXT'
[2023.10.03-13.07.51:442][  0]LogTargetPlatformManager: Display: Loaded TargetPlatform 'Android_ETC2'
[2023.10.03-13.07.51:443][  0]LogTargetPlatformManager: Display: Loaded TargetPlatform 'AndroidClient'
[2023.10.03-13.07.51:443][  0]LogTargetPlatformManager: Display: Loaded TargetPlatform 'Android_ASTCClient'
[2023.10.03-13.07.51:443][  0]LogTargetPlatformManager: Display: Loaded TargetPlatform 'Android_DXTClient'
[2023.10.03-13.07.51:443][  0]LogTargetPlatformManager: Display: Loaded TargetPlatform 'Android_ETC2Client'
[2023.10.03-13.07.51:443][  0]LogTargetPlatformManager: Display: Loaded TargetPlatform 'Android_Multi'
[2023.10.03-13.07.51:443][  0]LogTargetPlatformManager: Display: Loaded TargetPlatform 'Android_MultiClient'
[2023.10.03-13.07.51:463][  0]LogTargetPlatformManager: Display: Loaded TargetPlatform 'IOSClient'
[2023.10.03-13.07.51:463][  0]LogTargetPlatformManager: Display: Loaded TargetPlatform 'IOS'
[2023.10.03-13.07.51:473][  0]LogTargetPlatformManager: Display: Loaded TargetPlatform 'Linux'
[2023.10.03-13.07.51:479][  0]LogTargetPlatformManager: Display: Loaded TargetPlatform 'LinuxNoEditor'
[2023.10.03-13.07.51:484][  0]LogTargetPlatformManager: Display: Loaded TargetPlatform 'LinuxClient'
[2023.10.03-13.07.51:488][  0]LogTargetPlatformManager: Display: Loaded TargetPlatform 'LinuxServer'
[2023.10.03-13.07.51:498][  0]LogTargetPlatformManager: Display: Loaded TargetPlatform 'LinuxAArch64NoEditor'
[2023.10.03-13.07.51:503][  0]LogTargetPlatformManager: Display: Loaded TargetPlatform 'LinuxAArch64Client'
[2023.10.03-13.07.51:508][  0]LogTargetPlatformManager: Display: Loaded TargetPlatform 'LinuxAArch64Server'
[2023.10.03-13.07.51:528][  0]LogTargetPlatformManager: Display: Loaded TargetPlatform 'Lumin'
[2023.10.03-13.07.51:528][  0]LogTargetPlatformManager: Display: Loaded TargetPlatform 'LuminClient'
[2023.10.03-13.07.51:536][  0]LogTargetPlatformManager: Display: Loaded TargetPlatform 'MacNoEditor'
[2023.10.03-13.07.51:541][  0]LogTargetPlatformManager: Display: Loaded TargetPlatform 'Mac'
[2023.10.03-13.07.51:545][  0]LogTargetPlatformManager: Display: Loaded TargetPlatform 'MacClient'
[2023.10.03-13.07.51:550][  0]LogTargetPlatformManager: Display: Loaded TargetPlatform 'MacServer'
[2023.10.03-13.07.51:559][  0]LogTargetPlatformManager: Display: Loaded TargetPlatform 'TVOSClient'
[2023.10.03-13.07.51:560][  0]LogTargetPlatformManager: Display: Loaded TargetPlatform 'TVOS'
[2023.10.03-13.07.51:568][  0]LogTargetPlatformManager: Display: Loaded TargetPlatform 'WindowsNoEditor'
[2023.10.03-13.07.51:573][  0]LogTargetPlatformManager: Display: Loaded TargetPlatform 'Windows'
[2023.10.03-13.07.51:579][  0]LogTargetPlatformManager: Display: Loaded TargetPlatform 'WindowsClient'
[2023.10.03-13.07.51:583][  0]LogTargetPlatformManager: Display: Loaded TargetPlatform 'WindowsServer'
[2023.10.03-13.07.51:583][  0]LogTargetPlatformManager: Display: Building Assets For Windows
[2023.10.03-13.07.51:600][  0]LogAudioDebug: Display: Lib vorbis DLL was dynamically loaded.
[2023.10.03-13.07.51:644][  0]LogTextureFormatOodle: Display: Oodle Texture 2.9.0 init RDO Off
[2023.10.03-13.07.51:692][  0]LogRendererCore: Ray tracing is disabled. Reason: r.RayTracing=0.
[2023.10.03-13.07.51:692][  0]LogShaderCompilers: Guid format shader working directory is -25 characters bigger than the processId version (../../../../../../Users/B1050622/Documents/GitHub/BetaArcade_Team11/terry/Intermediate/Shaders/WorkingDirectory/19740/).
[2023.10.03-13.07.51:693][  0]LogShaderCompilers: Cleaned the shader compiler working directory 'C:/Users/B1050622/AppData/Local/Temp/UnrealShaderWorkingDir/7DCE224E422AAFBF1345F88C219175CF/'.
[2023.10.03-13.07.51:693][  0]LogXGEController: Cannot use XGE Controller as Incredibuild is not installed on this machine.
[2023.10.03-13.07.51:693][  0]LogShaderCompilers: Cannot use XGE Shader Compiler as Incredibuild is not installed on this machine.
[2023.10.03-13.07.51:693][  0]LogShaderCompilers: Display: Using Local Shader Compiler.
[2023.10.03-13.07.52:281][  0]LogDerivedDataCache: Display: Max Cache Size: 512 MB
[2023.10.03-13.07.52:321][  0]LogDerivedDataCache: Loaded boot cache 0.04s 94MB C:/Users/B1050622/AppData/Local/UnrealEngine/4.27/DerivedDataCache/Boot.ddc.
[2023.10.03-13.07.52:321][  0]LogDerivedDataCache: Display: Loaded Boot cache: C:/Users/B1050622/AppData/Local/UnrealEngine/4.27/DerivedDataCache/Boot.ddc
[2023.10.03-13.07.52:321][  0]LogDerivedDataCache: FDerivedDataBackendGraph:  Pak pak cache file ../../../../../../Users/B1050622/Documents/GitHub/BetaArcade_Team11/terry/DerivedDataCache/DDC.ddp not found, will not use a pak cache.
[2023.10.03-13.07.52:321][  0]LogDerivedDataCache: Unable to find inner node Pak for hierarchical cache Hierarchy.
[2023.10.03-13.07.52:321][  0]LogDerivedDataCache: FDerivedDataBackendGraph:  CompressedPak pak cache file ../../../../../../Users/B1050622/Documents/GitHub/BetaArcade_Team11/terry/DerivedDataCache/Compressed.ddp not found, will not use a pak cache.
[2023.10.03-13.07.52:321][  0]LogDerivedDataCache: Unable to find inner node CompressedPak for hierarchical cache Hierarchy.
[2023.10.03-13.07.52:333][  0]LogDerivedDataCache: Display: Pak cache opened for reading ../../../Engine/DerivedDataCache/Compressed.ddp.
[2023.10.03-13.07.52:333][  0]LogDerivedDataCache: FDerivedDataBackendGraph:  EnterprisePak pak cache file ../../../Enterprise/DerivedDataCache/Compressed.ddp not found, will not use a pak cache.
[2023.10.03-13.07.52:333][  0]LogDerivedDataCache: Unable to find inner node EnterprisePak for hierarchical cache Hierarchy.
[2023.10.03-13.07.52:350][  0]LogDerivedDataCache: Speed tests for C:/Users/B1050622/AppData/Local/UnrealEngine/Common/DerivedDataCache took 0.02 seconds
[2023.10.03-13.07.52:350][  0]LogDerivedDataCache: Display: Performance to C:/Users/B1050622/AppData/Local/UnrealEngine/Common/DerivedDataCache: Latency=0.02ms. RandomReadSpeed=1197.74MBs, RandomWriteSpeed=58.92MBs. Assigned SpeedClass 'Local'
[2023.10.03-13.07.52:352][  0]LogDerivedDataCache: Using Local data cache path C:/Users/B1050622/AppData/Local/UnrealEngine/Common/DerivedDataCache: Writable
[2023.10.03-13.07.52:352][  0]LogDerivedDataCache: Shared data cache path not found in *engine.ini, will not use an Shared cache.
[2023.10.03-13.07.52:352][  0]LogDerivedDataCache: Unable to find inner node Shared for hierarchical cache Hierarchy.
[2023.10.03-13.07.52:383][  0]LogSlate: Using FreeType 2.10.0
[2023.10.03-13.07.52:383][  0]LogSlate: SlateFontServices - WITH_FREETYPE: 1, WITH_HARFBUZZ: 1
[2023.10.03-13.07.52:406][  0]LogAssetRegistry: FAssetRegistry took 0.0030 seconds to start up
[2023.10.03-13.07.52:568][  0]LogInit: Selected Device Profile: [Windows]
[2023.10.03-13.07.52:568][  0]LogInit: Active device profile: [000001DBEDAD8F00][000001DBEB2A88C0 49] Windows
[2023.10.03-13.07.52:568][  0]LogInit: Profiles: [000001DBEDAD8F00][000001DBEB2A88C0 49] Windows, [000001DBEDA8E400][000001DBEB2ACA00 49] WindowsNoEditor, [000001DBEDAD9F00][000001DBEB2B0B40 49] WindowsServer, [000001DBEDA8D600][000001DBEB2B4C80 49] WindowsClient, [000001DBEDAD9000][000001DBEB2B8DC0 49] IOS, [000001DBEDA8FA00][000001DBED48EF40 49] iPadAir, [000001DBEDADB300][000001DBED4930C0 49] iPadAir2, [000001DBEDA41300][000001DBED49B380 49] IPadPro, [000001DBEDA41400][000001DBED4973C0 49] iPadAir3, [000001DBEDA8CB00][000001DBED49F540 49] iPadAir4, [000001DBEDA42100][000001DBED4A36C0 49] iPadMini2, [000001DBEDA8F400][000001DBED4A7840 49] iPadMini3, [000001DBEDA42C00][000001DBED4AB9C0 49] iPadMini4, [000001DBEDA8E700][000001DBED4AFB40 49] iPadMini5, [000001DBEDA74E00][000001DBED4B6280 49] iPhone6, [000001DBEDA74F00][000001DBED4B22C0 49] iPodTouch6, [000001DBEDADA800][000001DBED4BE580 49] iPhone7, [000001DBEDADA900][000001DBED4BA5C0 49] iPodTouch7, [000001DBEDA40C00][000001DBED50C740 49] iPhone5S, [000001DBEDAD9300][000001DBED5108C0 49] iPhone6Plus, [000001DBEDADBA00][000001DBED56EA40 49] iPhone6S, [000001DBEDA75300][000001DBEB2BCB80 49] iPhone6SPlus, [000001DBEDAD8B00][000001DBED5E6CC0 49] iPhone7Plus, [000001DBEDA75600][000001DBED6BAE00 49] iPhoneSE, [000001DBEDAD8A00][000001DBED6C2F40 49] iPhone8, [000001DBEDA75200][000001DBED6CB0C0 49] iPhone8Plus, [000001DBEDA42B00][000001DBE785D240 49] iPhoneX, [000001DBEDA74C00][000001DBE78613C0 49] iPhoneXS, [000001DBEDA43A00][000001DBE7871540 49] iPhoneXSMax, [000001DBEDA77800][000001DBE78796C0 49] iPhoneXR, [000001DBEDA40D00][000001DBE787D840 49] iPhone11, [000001DBEDA76600][000001DBE78819C0 49] iPhone11Pro, [000001DBEDA42900][000001DBE78ABB40 49] iPhone11ProMax, [000001DBEDA74200][000001DBE78B2140 49] iPhoneSE2, [000001DBEDA40B00][000001DBE78BA2C0 49] iPhone12Mini, [000001DBEDA76A00][000001DBEEADC440 49] iPhone12, [000001DBEDA42E00][000001DBE78C65C0 49] iPhone12Pro, [000001DBEDA74A00][000001DBE78CA740 49] iPhone12ProMax, [000001DBEDA43200][000001DBE563A8C0 49] iPadPro105, [000001DBEDA77600][000001DBE563EA40 49] iPadPro129, [000001DBEDA42000][000001DBE5642BC0 49] iPadPro97, [000001DBEDA76000][000001DBE5646D40 49] iPadPro2_129, [000001DBEDA42400][000001DBED6C6E80 49] iPad5, [000001DBEDA75400][000001DBE78B6FC0 49] iPad6, [000001DBEDA41000][000001DBED659100 49] iPad7, [000001DBEDA75700][000001DBED661280 49] iPad8, [000001DBEDA43C00][000001DBED55F400 49] iPadPro11, [000001DBEDA75800][000001DBED567580 49] iPadPro2_11, [000001DBEDA40600][000001DBED56B700 49] iPadPro3_129, [000001DBEDA74D00][000001DBE76CB880 49] iPadPro4_129, [000001DBEDA43100][000001DBE76CFA00 49] AppleTV, [000001DBEDA74800][000001DBE76D3B80 49] AppleTV4K, [000001DBEDA40500][000001DBE76DA180 49] TVOS, [000001DBEDA74500][000001DBE76DE300 49] Mac, [000001DBEDA40700][000001DBE76E2480 49] MacClient, [000001DBEDA75500][000001DBE76E6600 49] MacNoEditor, [000001DBEDA41500][000001DBE76EA780 49] MacServer, [000001DBEDA76E00][000001DBE76EE900 49] Linux, [000001DBEDA40400][000001DBE7706A80 49] LinuxAArch64, [000001DBEDA75E00][000001DBE77F4C00 49] LinuxNoEditor, [000001DBEDA41C00][000001DBE7804D80 49] LinuxAArch64NoEditor, [000001DBEDA76900][000001DBE783CF00 49] LinuxClient, [000001DBEDA42D00][000001DBED65D040 49] LinuxAArch64Client, [000001DBEDA74100][000001DBE784D180 49] LinuxServer, [000001DBEDA41E00][000001DBE78512C0 49] LinuxAArch64Server, [000001DBEDA74B00][000001DBEE875440 49] Android, [000001DBEDA41A00][000001DBEE8A15C0 49] Android_Low, [000001DBEDA76F00][000001DBE55EF740 49] Android_Mid, [000001DBEDA41100][000001DBED53F8C0 49] Android_High, [000001DBEDA77000][000001DBED543A40 49] Android_Default, [000001DBEDA41700][000001DBED547BC0 49] Android_Adreno4xx, [000001DBEDA75900][000001DBED6501C0 49] Android_Adreno5xx_Low, [000001DBEDA40A00][000001DBED654340 49] Android_Adreno5xx, [000001DBEDA77400][000001DBE78544C0 49] Android_Adreno6xx, [000001DBEDA40E00][000001DBED556640 49] Android_Adreno6xx_Vulkan, [000001DBEDA77100][000001DBED55A7C0 49] Android_Mali_T6xx, [000001DBEDAD9E00][000001DBE5608940 49] Android_Mali_T7xx, [000001DBEDA8C800][000001DBE560CAC0 49] Android_Mali_T8xx, [000001DBEDAD9200][000001DBE5610C40 49] Android_Mali_G71, [000001DBEDA8CE00][000001DBE5614DC0 49] Android_Mali_G72, [000001DBEDAD9100][000001DBE7848F40 49] Android_Mali_G72_Vulkan, [000001DBEDA8E500][000001DBE55EB0C0 49] Android_Mali_G76, [000001DBEDAD9500][000001DBE7859200 49] Android_Mali_G76_Vulkan, [000001DBEDA8E000][000001DBE5619340 49] Android_Mali_G77, [000001DBEDADBF00][000001DBE561D480 49] Android_Mali_G77_Vulkan, [000001DBEDA8DD00][000001DBE56215C0 49] Android_Mali_G78, [000001DBEDAD8300][000001DBE5629740 49] Android_Mali_G78_Vulkan, [000001DBEDA8C400][000001DBE562D8C0 49] Android_Mali_G710, [000001DBEDADB700][000001DBE5631A40 49] Android_Mali_G710_Vulkan, [000001DBEDA8F100][000001DBE5635BC0 49] Android_Vulkan_SM5, [000001DBEDAD8800][000001DBEE8781C0 49] Android_PowerVR_G6xxx, [000001DBEDA8CA00][000001DBEE87C340 49] Android_PowerVR_GT7xxx, [000001DBEDAD8D00][000001DBEE8804C0 49] Android_PowerVR_GE8xxx, [000001DBEDA8FD00][000001DBEE884640 49] Android_PowerVR_GM9xxx, [000001DBEDAD8600][000001DBEE8887C0 49] Android_PowerVR_GM9xxx_Vulkan, [000001DBEDA8D200][000001DBEE88C940 49] Android_TegraK1, [000001DBEDADAB00][000001DBEE890AC0 49] Android_Unknown_Vulkan, [000001DBEDA8F000][000001DBEE894C40 49] Lumin, [000001DBEDADA000][000001DBEE898DC0 49] Lumin_Desktop, [000001DBEDA8EE00][000001DBEE89CF40 49] HoloLens, 
[2023.10.03-13.07.52:701][  0]LogMeshReduction: Using QuadricMeshReduction for automatic static mesh reduction
[2023.10.03-13.07.52:701][  0]LogMeshReduction: Using SimplygonMeshReduction for automatic skeletal mesh reduction
[2023.10.03-13.07.52:701][  0]LogMeshReduction: Using ProxyLODMeshReduction for automatic mesh merging
[2023.10.03-13.07.52:701][  0]LogMeshReduction: No distributed automatic mesh merging module available
[2023.10.03-13.07.52:701][  0]LogMeshMerging: No distributed automatic mesh merging module available
[2023.10.03-13.07.52:717][  0]LogNetVersion: terry 1.0.0, NetCL: 17155196, EngineNetVer: 17, GameNetVer: 0 (Checksum: 1008197515)
[2023.10.03-13.07.52:992][  0]LogTexture: Default maximum texture size for cubemaps generated from long-lat sources has been changed from 512 to unlimited. In order to preserve old behaiour for '/Engine/MapTemplates/Sky/DaylightAmbientCubemap.DaylightAmbientCubemap', its maximum texture size has been explicitly set to 512.
[2023.10.03-13.07.53:041][  0]LogHMD: PokeAHoleMaterial loaded successfully
[2023.10.03-13.07.53:045][  0]LogUObjectArray: 17178 objects as part of root set at end of initial load.
[2023.10.03-13.07.53:045][  0]LogUObjectAllocator: 4302048 out of 0 bytes used by permanent object pool.
[2023.10.03-13.07.53:045][  0]LogUObjectArray: CloseDisregardForGC: 0/0 objects in disregard for GC pool
[2023.10.03-13.07.53:219][  0]LogNiagaraDebuggerClient: Niagara Debugger Client Initialized | Session: 83DFC3A04925098B63D9FBAD786791AB | Instance: 6722A171450D0813DBC9A18C53D69058 (TU42658-19740).
[2023.10.03-13.07.53:253][  0]LogPython: Using Python 3.7.7
[2023.10.03-13.07.53:766][  0]LogUdpMessaging: Initializing bridge on interface 0.0.0.0:0 to multicast group 230.0.0.1:6666.
[2023.10.03-13.07.53:775][  0]LogTcpMessaging: Initializing TcpMessaging bridge
[2023.10.03-13.07.53:969][  0]SourceControl: Source control is disabled
[2023.10.03-13.07.53:969][  0]SourceControl: Source control is disabled
[2023.10.03-13.07.53:973][  0]SourceControl: Source control is disabled
[2023.10.03-13.07.53:981][  0]SourceControl: Source control is disabled
[2023.10.03-13.07.53:988][  0]SourceControl: Source control is disabled
[2023.10.03-13.07.53:996][  0]LogUProjectInfo: Found projects:
[2023.10.03-13.07.54:144][  0]LogOpenImageDenoise: OIDN starting up
[2023.10.03-13.07.54:264][  0]LogAndroidPermission: UAndroidPermissionCallbackProxy::GetInstance
[2023.10.03-13.07.54:286][  0]LogAudioCaptureCore: Display: No Audio Capture implementations found. Audio input will be silent.
[2023.10.03-13.07.54:286][  0]LogAudioCaptureCore: Display: No Audio Capture implementations found. Audio input will be silent.
[2023.10.03-13.07.54:429][  0]LogCollectionManager: Loaded 0 collections in 0.001212 seconds
[2023.10.03-13.07.54:453][  0]LogFileCache: Scanning file cache for directory 'C:/Users/B1050622/Documents/GitHub/BetaArcade_Team11/terry/Saved/Collections/' took 0.00s
[2023.10.03-13.07.54:453][  0]LogFileCache: Scanning file cache for directory 'C:/Users/B1050622/Documents/GitHub/BetaArcade_Team11/terry/Content/Developers/B1050622/Collections/' took 0.00s
[2023.10.03-13.07.54:453][  0]LogFileCache: Scanning file cache for directory 'C:/Users/B1050622/Documents/GitHub/BetaArcade_Team11/terry/Content/Collections/' took 0.00s
[2023.10.03-13.07.54:454][  0]LogOcInput: OculusInput pre-init called
[2023.10.03-13.07.54:638][  0]LogEngine: Initializing Engine...
[2023.10.03-13.07.54:642][  0]LogHMD: Failed to enumerate extensions. Please check that you have a valid OpenXR runtime installed.
[2023.10.03-13.07.54:642][  0]LogHMD: Failed to initialize OpenVR with code 110
[2023.10.03-13.07.54:642][  0]LogMagicLeap: Warning: VR disabled because ZI is not enabled.  To enable, in the editor, Edit -> Project Settings -> Plugins -> Magic Leap Plugin -> Enable Zero Iteration
[2023.10.03-13.07.54:643][  0]LogStats: UGameplayTagsManager::InitializeManager -  0.000 s
[2023.10.03-13.07.54:731][  0]LogInit: Initializing FReadOnlyCVARCache
[2023.10.03-13.07.54:743][  0]LogAIModule: Creating AISystem for world Untitled
[2023.10.03-13.07.54:744][  0]LogAudio: Display: Initializing Audio Device Manager...
[2023.10.03-13.07.54:749][  0]LogAudio: Display: Loading Default Audio Settings Objects...
[2023.10.03-13.07.54:749][  0]LogAudio: Display: No default SoundConcurrencyObject specified (or failed to load).
[2023.10.03-13.07.54:749][  0]LogAudio: Display: Audio Device Manager Initialized
[2023.10.03-13.07.54:749][  0]LogAudio: Display: Creating Audio Device:                 Id: 1, Scope: Shared, Realtime: True
[2023.10.03-13.07.54:750][  0]LogAudioMixer: Display: Audio Mixer Platform Settings:
[2023.10.03-13.07.54:750][  0]LogAudioMixer: Display: 	Sample Rate:						  48000
[2023.10.03-13.07.54:750][  0]LogAudioMixer: Display: 	Callback Buffer Frame Size Requested: 1024
[2023.10.03-13.07.54:750][  0]LogAudioMixer: Display: 	Callback Buffer Frame Size To Use:	  1024
[2023.10.03-13.07.54:750][  0]LogAudioMixer: Display: 	Number of buffers to queue:			  2
[2023.10.03-13.07.54:750][  0]LogAudioMixer: Display: 	Max Channels (voices):				  32
[2023.10.03-13.07.54:750][  0]LogAudioMixer: Display: 	Number of Async Source Workers:		  0
[2023.10.03-13.07.54:750][  0]LogAudio: Display: AudioDevice MaxSources: 32
[2023.10.03-13.07.54:750][  0]LogAudio: Display: Audio Spatialization Plugin: None (built-in).
[2023.10.03-13.07.54:750][  0]LogAudio: Display: Audio Reverb Plugin: None (built-in).
[2023.10.03-13.07.54:750][  0]LogAudio: Display: Audio Occlusion Plugin: None (built-in).
[2023.10.03-13.07.54:750][  0]LogAudioMixer: Display: Initializing audio mixer.
[2023.10.03-13.07.54:766][  0]LogAudioMixer: Display: 0: FrontLeft
[2023.10.03-13.07.54:766][  0]LogAudioMixer: Display: 1: FrontRight
[2023.10.03-13.07.54:813][  0]LogAudioMixer: Display: Using Audio Device Speakers (Realtek(R) Audio)
[2023.10.03-13.07.54:815][  0]LogAudioMixer: Display: Initializing Sound Submixes...
[2023.10.03-13.07.54:817][  0]LogAudioMixer: Display: Creating Master Submix 'MasterSubmixDefault'
[2023.10.03-13.07.54:817][  0]LogAudioMixer: Display: Creating Master Submix 'MasterReverbSubmixDefault'
[2023.10.03-13.07.54:818][  0]LogAudioMixer: Display: Creating Master Submix 'MasterEQSubmixDefault'
[2023.10.03-13.07.54:818][  0]LogAudioMixer: FMixerPlatformXAudio2::StartAudioStream() called
[2023.10.03-13.07.54:818][  0]LogAudioMixer: Display: Output buffers initialized: Frames=1024, Channels=2, Samples=2048
[2023.10.03-13.07.54:820][  0]LogAudioMixer: Display: Starting AudioMixerPlatformInterface::RunInternal()
[2023.10.03-13.07.54:820][  0]LogAudioMixer: Display: FMixerPlatformXAudio2::SubmitBuffer() called for the first time
[2023.10.03-13.07.54:820][  0]LogInit: FAudioDevice initialized.
[2023.10.03-13.07.54:821][  0]LogAudio: Display: Audio Device (ID: 1) registered with world 'Untitled'.
[2023.10.03-13.07.54:821][  0]LogNetVersion: Set ProjectVersion to 1.0.0.0. Version Checksum will be recalculated on next use.
[2023.10.03-13.07.55:072][  0]LogDerivedDataCache: Saved boot cache 0.25s 94MB C:/Users/B1050622/AppData/Local/UnrealEngine/4.27/DerivedDataCache/Boot.ddc.
[2023.10.03-13.07.55:076][  0]LogInit: Texture streaming: Enabled
[2023.10.03-13.07.55:096][  0]LogAnalytics: Display: [UEEditor.Rocket.Release] APIServer = https://datarouter.ol.epicgames.com/. AppVersion = 4.27.2-18319896+++UE4+Release-4.27
[2023.10.03-13.07.55:102][  0]LogEngineSessionManager: EngineSessionManager initialized
[2023.10.03-13.07.55:102][  0]LogEditorSessionSummary: Verbose: Initializing EditorSessionSummaryWriter for editor session tracking
[2023.10.03-13.07.55:106][  0]LogEditorSessionSummary: EditorSessionSummaryWriter initialized
[2023.10.03-13.07.55:128][  0]LogInit: Transaction tracking system initialized
[2023.10.03-13.07.55:156][  0]BlueprintLog: New page: Editor Load
[2023.10.03-13.07.55:229][  0]LocalizationService: Localization service is disabled
[2023.10.03-13.07.55:257][  0]TimingProfiler: Initialize
[2023.10.03-13.07.55:257][  0]TimingProfiler: OnSessionChanged
[2023.10.03-13.07.55:257][  0]LoadingProfiler: Initialize
[2023.10.03-13.07.55:257][  0]LoadingProfiler: OnSessionChanged
[2023.10.03-13.07.55:257][  0]NetworkingProfiler: Initialize
[2023.10.03-13.07.55:257][  0]NetworkingProfiler: OnSessionChanged
[2023.10.03-13.07.55:257][  0]MemoryProfiler: Initialize
[2023.10.03-13.07.55:257][  0]MemoryProfiler: OnSessionChanged
[2023.10.03-13.07.55:391][  0]LogCook: Display: CookSettings for Memory: MemoryMaxUsedVirtual 0MiB, MemoryMaxUsedPhysical 16384MiB, MemoryMinFreeVirtual 0MiB, MemoryMinFreePhysical 1024MiB
[2023.10.03-13.07.55:391][  0]LogCook: Display: Mobile HDR setting 1
[2023.10.03-13.07.55:618][  0]LogFileCache: Scanning file cache for directory 'C:/Users/B1050622/Documents/GitHub/BetaArcade_Team11/terry/Content/' took 0.00s
[2023.10.03-13.07.55:746][  0]LogInit: Display: Engine is initialized. Leaving FEngineLoop::Init()
[2023.10.03-13.07.55:750][  0]SourceControl: Source control is disabled
[2023.10.03-13.07.55:751][  0]LogUnrealEdMisc: Loading editor; pre map load, took 7.098
[2023.10.03-13.07.55:751][  0]Cmd: MAP LOAD FILE="../../../../../../Users/B1050622/Documents/GitHub/BetaArcade_Team11/terry/Content/ThirdPersonBP/Maps/ThirdPersonExampleMap.umap" TEMPLATE=0 SHOWPROGRESS=1 FEATURELEVEL=3
[2023.10.03-13.07.55:751][  0]LightingResults: New page: Lighting Build
[2023.10.03-13.07.55:752][  0]LogWorld: UWorld::CleanupWorld for Untitled, bSessionEnded=true, bCleanupResources=true
[2023.10.03-13.07.55:752][  0]LogSlate: InvalidateAllWidgets triggered.  All widgets were invalidated
[2023.10.03-13.07.55:753][  0]MapCheck: New page: Map Check
[2023.10.03-13.07.55:753][  0]LightingResults: New page: Lighting Build
[2023.10.03-13.07.55:755][  0]LogAudio: Display: Audio Device unregistered from world 'None'.
[2023.10.03-13.07.55:759][  0]LogUObjectHash: Compacting FUObjectHashTables data took   1.09ms
[2023.10.03-13.07.55:931][  0]LogAudio: Display: Audio Device (ID: 1) registered with world 'ThirdPersonExampleMap'.
[2023.10.03-13.07.55:933][  0]LogAIModule: Creating AISystem for world ThirdPersonExampleMap
[2023.10.03-13.07.55:937][  0]LogEditorServer: Finished looking for orphan Actors (0.000 secs)
[2023.10.03-13.07.55:945][  0]LogUObjectHash: Compacting FUObjectHashTables data took   1.17ms
[2023.10.03-13.07.55:945][  0]Cmd: MAP CHECKDEP NOCLEARLOG
[2023.10.03-13.07.55:945][  0]MapCheck: Map check complete: 0 Error(s), 0 Warning(s), took 0.137ms to complete.
[2023.10.03-13.07.55:945][  0]LogFileHelpers: Loading map 'ThirdPersonExampleMap' took 0.195
[2023.10.03-13.07.55:947][  0]LogUnrealEdMisc: Total Editor Startup Time, took 7.295
[2023.10.03-13.07.56:070][  0]LogSlate: Updating window title bar state: overlay mode, drag disabled, window buttons hidden, title bar hidden
[2023.10.03-13.07.56:073][  0]LogSlate: Updating window title bar state: overlay mode, drag disabled, window buttons hidden, title bar hidden
[2023.10.03-13.07.56:077][  0]LogSlate: Updating window title bar state: overlay mode, drag disabled, window buttons hidden, title bar hidden
[2023.10.03-13.07.56:080][  0]LogSlate: Updating window title bar state: overlay mode, drag disabled, window buttons hidden, title bar hidden
[2023.10.03-13.07.56:091][  0]LogNativeClassHierarchy: Verbose: Native class hierarchy populated in 0.0061 seconds. Added 3823 classes and 930 folders.
[2023.10.03-13.07.56:093][  0]LogNativeClassHierarchy: Verbose: Native class hierarchy updated for 'WidgetCarousel' in 0.0002 seconds. Added 0 classes and 0 folders.
[2023.10.03-13.07.56:094][  0]LogPakFile: PakFile PrimaryIndexSize=187
[2023.10.03-13.07.56:094][  0]LogPakFile: PakFile PathHashIndexSize=101
[2023.10.03-13.07.56:094][  0]LogPakFile: PakFile FullDirectoryIndexSize=148
[2023.10.03-13.07.56:094][  0]LogShaderLibrary: Display: ShaderCodeLibraryPakFileMountedCallback: PakFile 'C:/Program Files/Epic Games/UE_4.27/FeaturePacks/FP_FirstPerson.upack' (chunk index -1, root 'root:/') mounted
[2023.10.03-13.07.56:094][  0]LogShaderLibrary: Display: ShaderCodeLibraryPakFileMountedCallback: pending pak file info (ChunkID:-1 Root:root:/ File:C:/Program Files/Epic Games/UE_4.27/FeaturePacks/FP_FirstPerson.upack)
[2023.10.03-13.07.56:094][  0]LogPakFile: OnPakFileMounted2Time == 0.000163
[2023.10.03-13.07.56:095][  0]LogPakFile: PakFile PrimaryIndexSize=189
[2023.10.03-13.07.56:095][  0]LogPakFile: PakFile PathHashIndexSize=101
[2023.10.03-13.07.56:095][  0]LogPakFile: PakFile FullDirectoryIndexSize=152
[2023.10.03-13.07.56:095][  0]LogShaderLibrary: Display: ShaderCodeLibraryPakFileMountedCallback: PakFile 'C:/Program Files/Epic Games/UE_4.27/FeaturePacks/FP_FirstPersonBP.upack' (chunk index -1, root 'root:/') mounted
[2023.10.03-13.07.56:095][  0]LogShaderLibrary: Display: ShaderCodeLibraryPakFileMountedCallback: pending pak file info (ChunkID:-1 Root:root:/ File:C:/Program Files/Epic Games/UE_4.27/FeaturePacks/FP_FirstPersonBP.upack)
[2023.10.03-13.07.56:095][  0]LogPakFile: OnPakFileMounted2Time == 0.000094
[2023.10.03-13.07.56:096][  0]LogPakFile: PakFile PrimaryIndexSize=191
[2023.10.03-13.07.56:096][  0]LogPakFile: PakFile PathHashIndexSize=101
[2023.10.03-13.07.56:096][  0]LogPakFile: PakFile FullDirectoryIndexSize=160
[2023.10.03-13.07.56:096][  0]LogShaderLibrary: Display: ShaderCodeLibraryPakFileMountedCallback: PakFile 'C:/Program Files/Epic Games/UE_4.27/FeaturePacks/MobileStarterContent.upack' (chunk index -1, root 'root:/') mounted
[2023.10.03-13.07.56:096][  0]LogShaderLibrary: Display: ShaderCodeLibraryPakFileMountedCallback: pending pak file info (ChunkID:-1 Root:root:/ File:C:/Program Files/Epic Games/UE_4.27/FeaturePacks/MobileStarterContent.upack)
[2023.10.03-13.07.56:096][  0]LogPakFile: OnPakFileMounted2Time == 0.000090
[2023.10.03-13.07.56:097][  0]LogPakFile: PakFile PrimaryIndexSize=185
[2023.10.03-13.07.56:097][  0]LogPakFile: PakFile PathHashIndexSize=101
[2023.10.03-13.07.56:097][  0]LogPakFile: PakFile FullDirectoryIndexSize=148
[2023.10.03-13.07.56:097][  0]LogShaderLibrary: Display: ShaderCodeLibraryPakFileMountedCallback: PakFile 'C:/Program Files/Epic Games/UE_4.27/FeaturePacks/StarterContent.upack' (chunk index -1, root 'root:/') mounted
[2023.10.03-13.07.56:097][  0]LogShaderLibrary: Display: ShaderCodeLibraryPakFileMountedCallback: pending pak file info (ChunkID:-1 Root:root:/ File:C:/Program Files/Epic Games/UE_4.27/FeaturePacks/StarterContent.upack)
[2023.10.03-13.07.56:097][  0]LogPakFile: OnPakFileMounted2Time == 0.000113
[2023.10.03-13.07.56:098][  0]LogPakFile: PakFile PrimaryIndexSize=190
[2023.10.03-13.07.56:098][  0]LogPakFile: PakFile PathHashIndexSize=101
[2023.10.03-13.07.56:098][  0]LogPakFile: PakFile FullDirectoryIndexSize=154
[2023.10.03-13.07.56:098][  0]LogShaderLibrary: Display: ShaderCodeLibraryPakFileMountedCallback: PakFile 'C:/Program Files/Epic Games/UE_4.27/FeaturePacks/TP_2DSideScroller.upack' (chunk index -1, root 'root:/') mounted
[2023.10.03-13.07.56:098][  0]LogShaderLibrary: Display: ShaderCodeLibraryPakFileMountedCallback: pending pak file info (ChunkID:-1 Root:root:/ File:C:/Program Files/Epic Games/UE_4.27/FeaturePacks/TP_2DSideScroller.upack)
[2023.10.03-13.07.56:098][  0]LogPakFile: OnPakFileMounted2Time == 0.000112
[2023.10.03-13.07.56:098][  0]LogPakFile: PakFile PrimaryIndexSize=192
[2023.10.03-13.07.56:098][  0]LogPakFile: PakFile PathHashIndexSize=101
[2023.10.03-13.07.56:099][  0]LogPakFile: PakFile FullDirectoryIndexSize=158
[2023.10.03-13.07.56:099][  0]LogShaderLibrary: Display: ShaderCodeLibraryPakFileMountedCallback: PakFile 'C:/Program Files/Epic Games/UE_4.27/FeaturePacks/TP_2DSideScrollerBP.upack' (chunk index -1, root 'root:/') mounted
[2023.10.03-13.07.56:099][  0]LogShaderLibrary: Display: ShaderCodeLibraryPakFileMountedCallback: pending pak file info (ChunkID:-1 Root:root:/ File:C:/Program Files/Epic Games/UE_4.27/FeaturePacks/TP_2DSideScrollerBP.upack)
[2023.10.03-13.07.56:099][  0]LogPakFile: OnPakFileMounted2Time == 0.000104
[2023.10.03-13.07.56:099][  0]LogPakFile: PakFile PrimaryIndexSize=182
[2023.10.03-13.07.56:099][  0]LogPakFile: PakFile PathHashIndexSize=101
[2023.10.03-13.07.56:099][  0]LogPakFile: PakFile FullDirectoryIndexSize=138
[2023.10.03-13.07.56:099][  0]LogShaderLibrary: Display: ShaderCodeLibraryPakFileMountedCallback: PakFile 'C:/Program Files/Epic Games/UE_4.27/FeaturePacks/TP_Flying.upack' (chunk index -1, root 'root:/') mounted
[2023.10.03-13.07.56:099][  0]LogShaderLibrary: Display: ShaderCodeLibraryPakFileMountedCallback: pending pak file info (ChunkID:-1 Root:root:/ File:C:/Program Files/Epic Games/UE_4.27/FeaturePacks/TP_Flying.upack)
[2023.10.03-13.07.56:099][  0]LogPakFile: OnPakFileMounted2Time == 0.000122
[2023.10.03-13.07.56:100][  0]LogPakFile: PakFile PrimaryIndexSize=184
[2023.10.03-13.07.56:100][  0]LogPakFile: PakFile PathHashIndexSize=101
[2023.10.03-13.07.56:100][  0]LogPakFile: PakFile FullDirectoryIndexSize=142
[2023.10.03-13.07.56:100][  0]LogShaderLibrary: Display: ShaderCodeLibraryPakFileMountedCallback: PakFile 'C:/Program Files/Epic Games/UE_4.27/FeaturePacks/TP_FlyingBP.upack' (chunk index -1, root 'root:/') mounted
[2023.10.03-13.07.56:100][  0]LogShaderLibrary: Display: ShaderCodeLibraryPakFileMountedCallback: pending pak file info (ChunkID:-1 Root:root:/ File:C:/Program Files/Epic Games/UE_4.27/FeaturePacks/TP_FlyingBP.upack)
[2023.10.03-13.07.56:100][  0]LogPakFile: OnPakFileMounted2Time == 0.000093
[2023.10.03-13.07.56:101][  0]LogPakFile: PakFile PrimaryIndexSize=188
[2023.10.03-13.07.56:101][  0]LogPakFile: PakFile PathHashIndexSize=101
[2023.10.03-13.07.56:101][  0]LogPakFile: PakFile FullDirectoryIndexSize=150
[2023.10.03-13.07.56:101][  0]LogShaderLibrary: Display: ShaderCodeLibraryPakFileMountedCallback: PakFile 'C:/Program Files/Epic Games/UE_4.27/FeaturePacks/TP_HandheldARBP.upack' (chunk index -1, root 'root:/') mounted
[2023.10.03-13.07.56:101][  0]LogShaderLibrary: Display: ShaderCodeLibraryPakFileMountedCallback: pending pak file info (ChunkID:-1 Root:root:/ File:C:/Program Files/Epic Games/UE_4.27/FeaturePacks/TP_HandheldARBP.upack)
[2023.10.03-13.07.56:101][  0]LogPakFile: OnPakFileMounted2Time == 0.000118
[2023.10.03-13.07.56:102][  0]LogPakFile: PakFile PrimaryIndexSize=182
[2023.10.03-13.07.56:102][  0]LogPakFile: PakFile PathHashIndexSize=101
[2023.10.03-13.07.56:102][  0]LogPakFile: PakFile FullDirectoryIndexSize=138
[2023.10.03-13.07.56:102][  0]LogShaderLibrary: Display: ShaderCodeLibraryPakFileMountedCallback: PakFile 'C:/Program Files/Epic Games/UE_4.27/FeaturePacks/TP_Puzzle.upack' (chunk index -1, root 'root:/') mounted
[2023.10.03-13.07.56:102][  0]LogShaderLibrary: Display: ShaderCodeLibraryPakFileMountedCallback: pending pak file info (ChunkID:-1 Root:root:/ File:C:/Program Files/Epic Games/UE_4.27/FeaturePacks/TP_Puzzle.upack)
[2023.10.03-13.07.56:102][  0]LogPakFile: OnPakFileMounted2Time == 0.000134
[2023.10.03-13.07.56:102][  0]LogPakFile: PakFile PrimaryIndexSize=184
[2023.10.03-13.07.56:102][  0]LogPakFile: PakFile PathHashIndexSize=101
[2023.10.03-13.07.56:103][  0]LogPakFile: PakFile FullDirectoryIndexSize=142
[2023.10.03-13.07.56:103][  0]LogShaderLibrary: Display: ShaderCodeLibraryPakFileMountedCallback: PakFile 'C:/Program Files/Epic Games/UE_4.27/FeaturePacks/TP_PuzzleBP.upack' (chunk index -1, root 'root:/') mounted
[2023.10.03-13.07.56:103][  0]LogShaderLibrary: Display: ShaderCodeLibraryPakFileMountedCallback: pending pak file info (ChunkID:-1 Root:root:/ File:C:/Program Files/Epic Games/UE_4.27/FeaturePacks/TP_PuzzleBP.upack)
[2023.10.03-13.07.56:103][  0]LogPakFile: OnPakFileMounted2Time == 0.000124
[2023.10.03-13.07.56:103][  0]LogPakFile: PakFile PrimaryIndexSize=183
[2023.10.03-13.07.56:103][  0]LogPakFile: PakFile PathHashIndexSize=101
[2023.10.03-13.07.56:103][  0]LogPakFile: PakFile FullDirectoryIndexSize=140
[2023.10.03-13.07.56:103][  0]LogShaderLibrary: Display: ShaderCodeLibraryPakFileMountedCallback: PakFile 'C:/Program Files/Epic Games/UE_4.27/FeaturePacks/TP_Rolling.upack' (chunk index -1, root 'root:/') mounted
[2023.10.03-13.07.56:103][  0]LogShaderLibrary: Display: ShaderCodeLibraryPakFileMountedCallback: pending pak file info (ChunkID:-1 Root:root:/ File:C:/Program Files/Epic Games/UE_4.27/FeaturePacks/TP_Rolling.upack)
[2023.10.03-13.07.56:104][  0]LogPakFile: OnPakFileMounted2Time == 0.000121
[2023.10.03-13.07.56:104][  0]LogPakFile: PakFile PrimaryIndexSize=185
[2023.10.03-13.07.56:104][  0]LogPakFile: PakFile PathHashIndexSize=101
[2023.10.03-13.07.56:104][  0]LogPakFile: PakFile FullDirectoryIndexSize=144
[2023.10.03-13.07.56:104][  0]LogShaderLibrary: Display: ShaderCodeLibraryPakFileMountedCallback: PakFile 'C:/Program Files/Epic Games/UE_4.27/FeaturePacks/TP_RollingBP.upack' (chunk index -1, root 'root:/') mounted
[2023.10.03-13.07.56:104][  0]LogShaderLibrary: Display: ShaderCodeLibraryPakFileMountedCallback: pending pak file info (ChunkID:-1 Root:root:/ File:C:/Program Files/Epic Games/UE_4.27/FeaturePacks/TP_RollingBP.upack)
[2023.10.03-13.07.56:104][  0]LogPakFile: OnPakFileMounted2Time == 0.000099
[2023.10.03-13.07.56:105][  0]LogPakFile: PakFile PrimaryIndexSize=188
[2023.10.03-13.07.56:105][  0]LogPakFile: PakFile PathHashIndexSize=101
[2023.10.03-13.07.56:105][  0]LogPakFile: PakFile FullDirectoryIndexSize=150
[2023.10.03-13.07.56:105][  0]LogShaderLibrary: Display: ShaderCodeLibraryPakFileMountedCallback: PakFile 'C:/Program Files/Epic Games/UE_4.27/FeaturePacks/TP_SideScroller.upack' (chunk index -1, root 'root:/') mounted
[2023.10.03-13.07.56:105][  0]LogShaderLibrary: Display: ShaderCodeLibraryPakFileMountedCallback: pending pak file info (ChunkID:-1 Root:root:/ File:C:/Program Files/Epic Games/UE_4.27/FeaturePacks/TP_SideScroller.upack)
[2023.10.03-13.07.56:105][  0]LogPakFile: OnPakFileMounted2Time == 0.000127
[2023.10.03-13.07.56:106][  0]LogPakFile: PakFile PrimaryIndexSize=190
[2023.10.03-13.07.56:106][  0]LogPakFile: PakFile PathHashIndexSize=101
[2023.10.03-13.07.56:106][  0]LogPakFile: PakFile FullDirectoryIndexSize=154
[2023.10.03-13.07.56:106][  0]LogShaderLibrary: Display: ShaderCodeLibraryPakFileMountedCallback: PakFile 'C:/Program Files/Epic Games/UE_4.27/FeaturePacks/TP_SideScrollerBP.upack' (chunk index -1, root 'root:/') mounted
[2023.10.03-13.07.56:106][  0]LogShaderLibrary: Display: ShaderCodeLibraryPakFileMountedCallback: pending pak file info (ChunkID:-1 Root:root:/ File:C:/Program Files/Epic Games/UE_4.27/FeaturePacks/TP_SideScrollerBP.upack)
[2023.10.03-13.07.56:106][  0]LogPakFile: OnPakFileMounted2Time == 0.000087
[2023.10.03-13.07.56:106][  0]LogPakFile: PakFile PrimaryIndexSize=187
[2023.10.03-13.07.56:106][  0]LogPakFile: PakFile PathHashIndexSize=101
[2023.10.03-13.07.56:106][  0]LogPakFile: PakFile FullDirectoryIndexSize=148
[2023.10.03-13.07.56:107][  0]LogShaderLibrary: Display: ShaderCodeLibraryPakFileMountedCallback: PakFile 'C:/Program Files/Epic Games/UE_4.27/FeaturePacks/TP_ThirdPerson.upack' (chunk index -1, root 'root:/') mounted
[2023.10.03-13.07.56:107][  0]LogShaderLibrary: Display: ShaderCodeLibraryPakFileMountedCallback: pending pak file info (ChunkID:-1 Root:root:/ File:C:/Program Files/Epic Games/UE_4.27/FeaturePacks/TP_ThirdPerson.upack)
[2023.10.03-13.07.56:107][  0]LogPakFile: OnPakFileMounted2Time == 0.000115
[2023.10.03-13.07.56:107][  0]LogPakFile: PakFile PrimaryIndexSize=189
[2023.10.03-13.07.56:107][  0]LogPakFile: PakFile PathHashIndexSize=101
[2023.10.03-13.07.56:107][  0]LogPakFile: PakFile FullDirectoryIndexSize=152
[2023.10.03-13.07.56:107][  0]LogShaderLibrary: Display: ShaderCodeLibraryPakFileMountedCallback: PakFile 'C:/Program Files/Epic Games/UE_4.27/FeaturePacks/TP_ThirdPersonBP.upack' (chunk index -1, root 'root:/') mounted
[2023.10.03-13.07.56:107][  0]LogShaderLibrary: Display: ShaderCodeLibraryPakFileMountedCallback: pending pak file info (ChunkID:-1 Root:root:/ File:C:/Program Files/Epic Games/UE_4.27/FeaturePacks/TP_ThirdPersonBP.upack)
[2023.10.03-13.07.56:107][  0]LogPakFile: OnPakFileMounted2Time == 0.000111
[2023.10.03-13.07.56:108][  0]LogPakFile: PakFile PrimaryIndexSize=183
[2023.10.03-13.07.56:108][  0]LogPakFile: PakFile PathHashIndexSize=101
[2023.10.03-13.07.56:108][  0]LogPakFile: PakFile FullDirectoryIndexSize=140
[2023.10.03-13.07.56:108][  0]LogShaderLibrary: Display: ShaderCodeLibraryPakFileMountedCallback: PakFile 'C:/Program Files/Epic Games/UE_4.27/FeaturePacks/TP_TopDown.upack' (chunk index -1, root 'root:/') mounted
[2023.10.03-13.07.56:108][  0]LogShaderLibrary: Display: ShaderCodeLibraryPakFileMountedCallback: pending pak file info (ChunkID:-1 Root:root:/ File:C:/Program Files/Epic Games/UE_4.27/FeaturePacks/TP_TopDown.upack)
[2023.10.03-13.07.56:108][  0]LogPakFile: OnPakFileMounted2Time == 0.000120
[2023.10.03-13.07.56:109][  0]LogPakFile: PakFile PrimaryIndexSize=185
[2023.10.03-13.07.56:109][  0]LogPakFile: PakFile PathHashIndexSize=101
[2023.10.03-13.07.56:109][  0]LogPakFile: PakFile FullDirectoryIndexSize=144
[2023.10.03-13.07.56:109][  0]LogShaderLibrary: Display: ShaderCodeLibraryPakFileMountedCallback: PakFile 'C:/Program Files/Epic Games/UE_4.27/FeaturePacks/TP_TopDownBP.upack' (chunk index -1, root 'root:/') mounted
[2023.10.03-13.07.56:109][  0]LogShaderLibrary: Display: ShaderCodeLibraryPakFileMountedCallback: pending pak file info (ChunkID:-1 Root:root:/ File:C:/Program Files/Epic Games/UE_4.27/FeaturePacks/TP_TopDownBP.upack)
[2023.10.03-13.07.56:109][  0]LogPakFile: OnPakFileMounted2Time == 0.000122
[2023.10.03-13.07.56:109][  0]LogPakFile: PakFile PrimaryIndexSize=185
[2023.10.03-13.07.56:109][  0]LogPakFile: PakFile PathHashIndexSize=101
[2023.10.03-13.07.56:110][  0]LogPakFile: PakFile FullDirectoryIndexSize=144
[2023.10.03-13.07.56:110][  0]LogShaderLibrary: Display: ShaderCodeLibraryPakFileMountedCallback: PakFile 'C:/Program Files/Epic Games/UE_4.27/FeaturePacks/TP_TwinStick.upack' (chunk index -1, root 'root:/') mounted
[2023.10.03-13.07.56:110][  0]LogShaderLibrary: Display: ShaderCodeLibraryPakFileMountedCallback: pending pak file info (ChunkID:-1 Root:root:/ File:C:/Program Files/Epic Games/UE_4.27/FeaturePacks/TP_TwinStick.upack)
[2023.10.03-13.07.56:110][  0]LogPakFile: OnPakFileMounted2Time == 0.000119
[2023.10.03-13.07.56:110][  0]LogPakFile: PakFile PrimaryIndexSize=187
[2023.10.03-13.07.56:110][  0]LogPakFile: PakFile PathHashIndexSize=101
[2023.10.03-13.07.56:110][  0]LogPakFile: PakFile FullDirectoryIndexSize=148
[2023.10.03-13.07.56:110][  0]LogShaderLibrary: Display: ShaderCodeLibraryPakFileMountedCallback: PakFile 'C:/Program Files/Epic Games/UE_4.27/FeaturePacks/TP_TwinStickBP.upack' (chunk index -1, root 'root:/') mounted
[2023.10.03-13.07.56:110][  0]LogShaderLibrary: Display: ShaderCodeLibraryPakFileMountedCallback: pending pak file info (ChunkID:-1 Root:root:/ File:C:/Program Files/Epic Games/UE_4.27/FeaturePacks/TP_TwinStickBP.upack)
[2023.10.03-13.07.56:110][  0]LogPakFile: OnPakFileMounted2Time == 0.000093
[2023.10.03-13.07.56:111][  0]LogPakFile: PakFile PrimaryIndexSize=183
[2023.10.03-13.07.56:111][  0]LogPakFile: PakFile PathHashIndexSize=101
[2023.10.03-13.07.56:111][  0]LogPakFile: PakFile FullDirectoryIndexSize=140
[2023.10.03-13.07.56:111][  0]LogShaderLibrary: Display: ShaderCodeLibraryPakFileMountedCallback: PakFile 'C:/Program Files/Epic Games/UE_4.27/FeaturePacks/TP_Vehicle.upack' (chunk index -1, root 'root:/') mounted
[2023.10.03-13.07.56:111][  0]LogShaderLibrary: Display: ShaderCodeLibraryPakFileMountedCallback: pending pak file info (ChunkID:-1 Root:root:/ File:C:/Program Files/Epic Games/UE_4.27/FeaturePacks/TP_Vehicle.upack)
[2023.10.03-13.07.56:111][  0]LogPakFile: OnPakFileMounted2Time == 0.000114
[2023.10.03-13.07.56:112][  0]LogPakFile: PakFile PrimaryIndexSize=186
[2023.10.03-13.07.56:112][  0]LogPakFile: PakFile PathHashIndexSize=101
[2023.10.03-13.07.56:112][  0]LogPakFile: PakFile FullDirectoryIndexSize=146
[2023.10.03-13.07.56:112][  0]LogShaderLibrary: Display: ShaderCodeLibraryPakFileMountedCallback: PakFile 'C:/Program Files/Epic Games/UE_4.27/FeaturePacks/TP_VehicleAdv.upack' (chunk index -1, root 'root:/') mounted
[2023.10.03-13.07.56:112][  0]LogShaderLibrary: Display: ShaderCodeLibraryPakFileMountedCallback: pending pak file info (ChunkID:-1 Root:root:/ File:C:/Program Files/Epic Games/UE_4.27/FeaturePacks/TP_VehicleAdv.upack)
[2023.10.03-13.07.56:112][  0]LogPakFile: OnPakFileMounted2Time == 0.000149
[2023.10.03-13.07.56:113][  0]LogPakFile: PakFile PrimaryIndexSize=188
[2023.10.03-13.07.56:113][  0]LogPakFile: PakFile PathHashIndexSize=101
[2023.10.03-13.07.56:113][  0]LogPakFile: PakFile FullDirectoryIndexSize=150
[2023.10.03-13.07.56:113][  0]LogShaderLibrary: Display: ShaderCodeLibraryPakFileMountedCallback: PakFile 'C:/Program Files/Epic Games/UE_4.27/FeaturePacks/TP_VehicleAdvBP.upack' (chunk index -1, root 'root:/') mounted
[2023.10.03-13.07.56:113][  0]LogShaderLibrary: Display: ShaderCodeLibraryPakFileMountedCallback: pending pak file info (ChunkID:-1 Root:root:/ File:C:/Program Files/Epic Games/UE_4.27/FeaturePacks/TP_VehicleAdvBP.upack)
[2023.10.03-13.07.56:113][  0]LogPakFile: OnPakFileMounted2Time == 0.000085
[2023.10.03-13.07.56:113][  0]LogPakFile: PakFile PrimaryIndexSize=185
[2023.10.03-13.07.56:113][  0]LogPakFile: PakFile PathHashIndexSize=101
[2023.10.03-13.07.56:114][  0]LogPakFile: PakFile FullDirectoryIndexSize=144
[2023.10.03-13.07.56:114][  0]LogShaderLibrary: Display: ShaderCodeLibraryPakFileMountedCallback: PakFile 'C:/Program Files/Epic Games/UE_4.27/FeaturePacks/TP_VehicleBP.upack' (chunk index -1, root 'root:/') mounted
[2023.10.03-13.07.56:114][  0]LogShaderLibrary: Display: ShaderCodeLibraryPakFileMountedCallback: pending pak file info (ChunkID:-1 Root:root:/ File:C:/Program Files/Epic Games/UE_4.27/FeaturePacks/TP_VehicleBP.upack)
[2023.10.03-13.07.56:114][  0]LogPakFile: OnPakFileMounted2Time == 0.000109
[2023.10.03-13.07.56:114][  0]LogPakFile: PakFile PrimaryIndexSize=192
[2023.10.03-13.07.56:114][  0]LogPakFile: PakFile PathHashIndexSize=101
[2023.10.03-13.07.56:114][  0]LogPakFile: PakFile FullDirectoryIndexSize=158
[2023.10.03-13.07.56:114][  0]LogShaderLibrary: Display: ShaderCodeLibraryPakFileMountedCallback: PakFile 'C:/Program Files/Epic Games/UE_4.27/FeaturePacks/TP_VirtualRealityBP.upack' (chunk index -1, root 'root:/') mounted
[2023.10.03-13.07.56:115][  0]LogShaderLibrary: Display: ShaderCodeLibraryPakFileMountedCallback: pending pak file info (ChunkID:-1 Root:root:/ File:C:/Program Files/Epic Games/UE_4.27/FeaturePacks/TP_VirtualRealityBP.upack)
[2023.10.03-13.07.56:115][  0]LogPakFile: OnPakFileMounted2Time == 0.000121
[2023.10.03-13.07.56:152][  0]LogNativeClassHierarchy: Verbose: Native class hierarchy updated for 'AddContentDialog' in 0.0002 seconds. Added 0 classes and 0 folders.
[2023.10.03-13.07.56:153][  0]LogNativeClassHierarchy: Verbose: Native class hierarchy updated for 'SceneOutliner' in 0.0002 seconds. Added 2 classes and 0 folders.
[2023.10.03-13.07.56:194][  0]LogSlate: Took 0.000200 seconds to synchronously load lazily loaded font '../../../Engine/Content/Slate/Fonts/Roboto-Regular.ttf' (155K)
[2023.10.03-13.07.56:195][  0]LogSlate: Took 0.000153 seconds to synchronously load lazily loaded font '../../../Engine/Content/Editor/Slate/Fonts/FontAwesome.ttf' (139K)
[2023.10.03-13.07.56:196][  0]LogSlate: Took 0.000157 seconds to synchronously load lazily loaded font '../../../Engine/Content/Slate/Fonts/Roboto-Bold.ttf' (160K)
[2023.10.03-13.07.56:258][  0]LogRenderer: Reallocating scene render targets to support 1208x652 Format 10 NumSamples 1 (Frame:1).
[2023.10.03-13.07.56:286][  0]LogSlate: Took 0.000191 seconds to synchronously load lazily loaded font '../../../Engine/Content/Slate/Fonts/Roboto-Light.ttf' (167K)
[2023.10.03-13.07.56:323][  0]LogNativeClassHierarchy: Verbose: Native class hierarchy updated for 'HierarchicalLODOutliner' in 0.0002 seconds. Added 0 classes and 0 folders.
[2023.10.03-13.07.56:323][  0]LogInput: Warning: Action Jump uses invalid key OculusGo_Left_Trigger_Click.
[2023.10.03-13.07.56:323][  0]LogInput: Warning: Action ResetVR uses invalid key OculusGo_Left_Trackpad_Click.
[2023.10.03-13.07.56:323][  0]LogInput: Warning: Use -RemoveInvalidKeys to remove instances of these keys from the action mapping.
[2023.10.03-13.07.56:323][  0]LogLoad: (Engine Initialization) Total time: 7.67 seconds
[2023.10.03-13.07.56:323][  0]LogLoad: (Engine Initialization) Total Blueprint compile time: 0.00 seconds
[2023.10.03-13.07.56:352][  0]LogAssetRegistry: Asset discovery search completed in 3.9476 seconds
[2023.10.03-13.07.56:356][  0]LogCollectionManager: Fixed up redirectors for 0 collections in 0.000002 seconds (updated 0 objects)
[2023.10.03-13.07.56:357][  0]LogContentStreaming: Texture pool size now 1000 MB
[2023.10.03-13.07.59:064][282]LogTemp: Repeating last play command: Selected Viewport
[2023.10.03-13.07.59:071][282]LogPlayLevel: PlayLevel: No blueprints needed recompiling
[2023.10.03-13.07.59:072][282]PIE: New page: PIE session: ThirdPersonExampleMap (3 Oct 2023, 15:07:59)
[2023.10.03-13.07.59:073][282]LogOnline: OSS: Creating online subsystem instance for: NULL
[2023.10.03-13.07.59:075][282]LogOnline: OSS: TryLoadSubsystemAndSetDefault: Loaded subsystem for module [NULL]
[2023.10.03-13.07.59:075][282]LogPlayLevel: Creating play world package: /Game/ThirdPersonBP/Maps/UEDPIE_0_ThirdPersonExampleMap
[2023.10.03-13.07.59:083][282]LogPlayLevel: PIE: StaticDuplicateObject took: (0.008604s)
[2023.10.03-13.07.59:084][282]LogAIModule: Creating AISystem for world ThirdPersonExampleMap
[2023.10.03-13.07.59:085][282]LogPlayLevel: PIE: World Init took: (0.000967s)
[2023.10.03-13.07.59:085][282]LogPlayLevel: PIE: Created PIE world by copying editor world from /Game/ThirdPersonBP/Maps/ThirdPersonExampleMap.ThirdPersonExampleMap to /Game/ThirdPersonBP/Maps/UEDPIE_0_ThirdPersonExampleMap.ThirdPersonExampleMap (0.009919s)
[2023.10.03-13.07.59:093][282]LogUObjectHash: Compacting FUObjectHashTables data took   0.83ms
[2023.10.03-13.07.59:093][282]LogAudio: Display: Creating Audio Device:                 Id: 2, Scope: Unique, Realtime: True
[2023.10.03-13.07.59:093][282]LogAudioMixer: Display: Audio Mixer Platform Settings:
[2023.10.03-13.07.59:093][282]LogAudioMixer: Display: 	Sample Rate:						  48000
[2023.10.03-13.07.59:093][282]LogAudioMixer: Display: 	Callback Buffer Frame Size Requested: 1024
[2023.10.03-13.07.59:093][282]LogAudioMixer: Display: 	Callback Buffer Frame Size To Use:	  1024
[2023.10.03-13.07.59:093][282]LogAudioMixer: Display: 	Number of buffers to queue:			  2
[2023.10.03-13.07.59:094][282]LogAudioMixer: Display: 	Max Channels (voices):				  32
[2023.10.03-13.07.59:094][282]LogAudioMixer: Display: 	Number of Async Source Workers:		  0
[2023.10.03-13.07.59:094][282]LogAudio: Display: AudioDevice MaxSources: 32
[2023.10.03-13.07.59:094][282]LogAudio: Display: Audio Spatialization Plugin: None (built-in).
[2023.10.03-13.07.59:094][282]LogAudio: Display: Audio Reverb Plugin: None (built-in).
[2023.10.03-13.07.59:094][282]LogAudio: Display: Audio Occlusion Plugin: None (built-in).
[2023.10.03-13.07.59:094][282]LogAudioMixer: Display: Initializing audio mixer.
[2023.10.03-13.07.59:096][282]LogAudioMixer: Display: 0: FrontLeft
[2023.10.03-13.07.59:096][282]LogAudioMixer: Display: 1: FrontRight
[2023.10.03-13.07.59:107][282]LogAudioMixer: Display: Using Audio Device Speakers (Realtek(R) Audio)
[2023.10.03-13.07.59:107][282]LogAudioMixer: Display: Initializing Sound Submixes...
[2023.10.03-13.07.59:107][282]LogAudioMixer: Display: Creating Master Submix 'MasterSubmixDefault'
[2023.10.03-13.07.59:107][282]LogAudioMixer: Display: Creating Master Submix 'MasterReverbSubmixDefault'
[2023.10.03-13.07.59:107][282]LogAudioMixer: Display: Creating Master Submix 'MasterEQSubmixDefault'
[2023.10.03-13.07.59:107][282]LogAudioMixer: FMixerPlatformXAudio2::StartAudioStream() called
[2023.10.03-13.07.59:108][282]LogAudioMixer: Display: Output buffers initialized: Frames=1024, Channels=2, Samples=2048
[2023.10.03-13.07.59:109][282]LogAudioMixer: Display: Starting AudioMixerPlatformInterface::RunInternal()
[2023.10.03-13.07.59:109][282]LogAudioMixer: Display: FMixerPlatformXAudio2::SubmitBuffer() called for the first time
[2023.10.03-13.07.59:109][282]LogInit: FAudioDevice initialized.
[2023.10.03-13.07.59:109][282]LogAudio: Display: Audio Device (ID: 2) registered with world 'ThirdPersonExampleMap'.
[2023.10.03-13.07.59:122][282]LogLoad: Game class is 'ThirdPersonGameMode_C'
[2023.10.03-13.07.59:124][282]LogWorld: Bringing World /Game/ThirdPersonBP/Maps/UEDPIE_0_ThirdPersonExampleMap.ThirdPersonExampleMap up for play (max tick rate 0) at 2023.10.03-14.07.59
[2023.10.03-13.07.59:124][282]LogWorld: Bringing up level for play took: 0.001008
[2023.10.03-13.07.59:124][282]LogOnline: OSS: Creating online subsystem instance for: :Context_1
[2023.10.03-13.07.59:127][282]LogNativeClassHierarchy: Verbose: Native class hierarchy updated for 'MovieSceneCapture' in 0.0002 seconds. Added 20 classes and 0 folders.
[2023.10.03-13.07.59:127][282]PIE: Server logged in
[2023.10.03-13.07.59:128][282]PIE: Play in editor total start time 0.059 seconds.
[2023.10.03-13.11.03:986][373]LogSlate: Updating window title bar state: overlay mode, drag disabled, window buttons hidden, title bar hidden
[2023.10.03-13.11.03:986][373]LogWorld: BeginTearingDown for /Game/ThirdPersonBP/Maps/UEDPIE_0_ThirdPersonExampleMap
[2023.10.03-13.11.03:986][373]LogWorld: UWorld::CleanupWorld for ThirdPersonExampleMap, bSessionEnded=true, bCleanupResources=true
[2023.10.03-13.11.03:987][373]LogSlate: InvalidateAllWidgets triggered.  All widgets were invalidated
[2023.10.03-13.11.04:000][373]LogPlayLevel: Display: Shutting down PIE online subsystems
[2023.10.03-13.11.04:001][373]LogSlate: InvalidateAllWidgets triggered.  All widgets were invalidated
[2023.10.03-13.11.04:008][373]LogAudio: Display: Audio Device unregistered from world 'None'.
[2023.10.03-13.11.04:008][373]LogAudioMixer: FMixerPlatformXAudio2::StopAudioStream() called
[2023.10.03-13.11.04:009][373]LogAudioMixer: FMixerPlatformXAudio2::StopAudioStream() called
[2023.10.03-13.11.04:012][373]LogSlate: Updating window title bar state: overlay mode, drag disabled, window buttons hidden, title bar hidden
[2023.10.03-13.11.04:014][373]LogUObjectHash: Compacting FUObjectHashTables data took   1.27ms
[2023.10.03-13.11.04:069][377]LogPlayLevel: Display: Destroying online subsystem :Context_1
[2023.10.03-13.11.08:876][952]LogEditorViewport: Clicking on Actor (LMB): ThirdPersonCharacter_C (ThirdPersonCharacter)
[2023.10.03-13.11.10:513][117]LogSlate: Took 0.000361 seconds to synchronously load lazily loaded font '../../../Engine/Content/Slate/Fonts/Roboto-Italic.ttf' (157K)
[2023.10.03-13.11.14:178][518]LogSlate: Took 0.000228 seconds to synchronously load lazily loaded font '../../../Engine/Content/Slate/Fonts/Roboto-Light.ttf' (167K)
[2023.10.03-13.11.14:195][518]LogAssetEditorSubsystem: Opening Asset editor for Blueprint /Game/ThirdPersonBP/Blueprints/ThirdPersonCharacter.ThirdPersonCharacter
[2023.10.03-13.11.14:347][518]LogNativeClassHierarchy: Verbose: Native class hierarchy updated for 'BlueprintGraph' in 0.0004 seconds. Added 126 classes and 0 folders.
[2023.10.03-13.11.14:828][518]LogSlate: Took 0.000192 seconds to synchronously load lazily loaded font '../../../Engine/Content/Slate/Fonts/Roboto-BoldCondensed.ttf' (158K)
[2023.10.03-13.11.16:570][656]LogSlate: Window 'ThirdPersonCharacter' being destroyed
[2023.10.03-13.11.45:114][894]LogVSAccessor: Warning: Couldn't goto line number '1' in 'C:/Users/B1050622/Documents/GitHub/BetaArcade_Team11/terry/Source/terry/NewActorComponent.h'
[2023.10.03-13.15.45:270][ 76]LogEditorClassViewer: Warning: Class /Engine/Tutorial/InWorldBlueprintEditing/TutorialAssets/IWBE_Blutility.IWBE_Blutility_C has parent /Script/Blutility.PlacedEditorUtilityBase, but this parent is not found. The Class will not be shown in ClassViewer.
