Log file open, 10/03/23 13:42:11
LogWindows: Failed to load 'aqProf.dll' (GetLastError=126)
LogWindows: File 'aqProf.dll' does not exist
LogWindows: Failed to load 'VtuneApi.dll' (GetLastError=126)
LogWindows: File 'VtuneApi.dll' does not exist
LogWindows: Failed to load 'VtuneApi32e.dll' (GetLastError=126)
LogWindows: File 'VtuneApi32e.dll' does not exist
LogConsoleResponse: Display: Failed to find resolution value strings in scalability ini. Falling back to default.
LogConsoleResponse: Display: Failed to find resolution value strings in scalability ini. Falling back to default.
LogInit: Display: Running engine for game: terry
LogPlatformFile: Not using cached read wrapper
LogTaskGraph: Started task graph with 5 named threads and 38 total threads with 3 sets of task threads.
LogStats: Stats thread started at 0.285009
LogICUInternationalization: ICU TimeZone Detection - Raw Offset: +0:00, Platform Override: ''
LogInit: Display: Loading text-based GConfig....
LogPluginManager: Mounting plugin MeshPainting
LogPluginManager: Mounting plugin XGEController
LogPluginManager: Mounting plugin Paper2D
LogPluginManager: Mounting plugin LiveLink
LogPluginManager: Mounting plugin AISupport
LogPluginManager: Mounting plugin EnvironmentQueryEditor
LogPluginManager: Mounting plugin AssetManagerEditor
LogPluginManager: Mounting plugin OodleData
LogPluginManager: Mounting plugin LightPropagationVolume
LogPluginManager: Mounting plugin OodleNetwork
LogPluginManager: Mounting plugin CryptoKeys
LogPluginManager: Mounting plugin CurveEditorTools
LogPluginManager: Mounting plugin DataValidation
LogPluginManager: Mounting plugin MacGraphicsSwitching
LogPluginManager: Mounting plugin GameplayTagsEditor
LogPluginManager: Mounting plugin MaterialAnalyzer
LogPluginManager: Mounting plugin FacialAnimation
LogPluginManager: Mounting plugin GeometryMode
LogPluginManager: Mounting plugin MobileLauncherProfileWizard
LogPluginManager: Mounting plugin PluginBrowser
LogPluginManager: Mounting plugin SpeedTreeImporter
LogPluginManager: Mounting plugin Niagara
LogPluginManager: Mounting plugin DatasmithContent
LogPluginManager: Mounting plugin VariantManagerContent
LogPluginManager: Mounting plugin LuminPlatformFeatures
LogPluginManager: Mounting plugin MagicLeap
LogPluginManager: Mounting plugin MagicLeapMedia
LogPluginManager: Mounting plugin MagicLeapLightEstimation
LogPluginManager: Mounting plugin MagicLeapPassableWorld
LogPluginManager: Mounting plugin MLSDK
LogPluginManager: Mounting plugin AndroidMedia
LogPluginManager: Mounting plugin AvfMedia
LogPluginManager: Mounting plugin MediaCompositing
LogPluginManager: Mounting plugin ImgMedia
LogPluginManager: Mounting plugin MediaPlayerEditor
LogPluginManager: Mounting plugin WebMMedia
LogPluginManager: Mounting plugin WmfMedia
LogPluginManager: Mounting plugin CodeLiteSourceCodeAccess
LogPluginManager: Mounting plugin AnimationSharing
LogPluginManager: Mounting plugin KDevelopSourceCodeAccess
LogPluginManager: Mounting plugin CLionSourceCodeAccess
LogPluginManager: Mounting plugin NullSourceCodeAccess
LogPluginManager: Mounting plugin PerforceSourceControl
LogPluginManager: Mounting plugin PlasticSourceControl
LogPluginManager: Mounting plugin PluginUtils
LogPluginManager: Mounting plugin PropertyAccessNode
LogPluginManager: Mounting plugin SubversionSourceControl
LogPluginManager: Mounting plugin GitSourceControl
LogPluginManager: Mounting plugin TextureFormatOodle
LogPluginManager: Mounting plugin UObjectPlugin
LogPluginManager: Mounting plugin PixWinPlugin
LogPluginManager: Mounting plugin VisualStudioCodeSourceCodeAccess
LogPluginManager: Mounting plugin VisualStudioSourceCodeAccess
LogPluginManager: Mounting plugin XCodeSourceCodeAccess
LogPluginManager: Mounting plugin LevelSequenceEditor
LogPluginManager: Mounting plugin MatineeToLevelSequence
LogPluginManager: Mounting plugin TcpMessaging
LogPluginManager: Mounting plugin UdpMessaging
LogPluginManager: Mounting plugin TemplateSequence
LogPluginManager: Mounting plugin OnlineSubsystem
LogPluginManager: Mounting plugin OnlineSubsystemNull
LogPluginManager: Mounting plugin LauncherChunkInstaller
LogPluginManager: Mounting plugin OnlineSubsystemUtils
LogPluginManager: Mounting plugin Takes
LogPluginManager: Mounting plugin AlembicImporter
LogPluginManager: Mounting plugin BackChannel
LogPluginManager: Mounting plugin AutomationUtils
LogPluginManager: Mounting plugin ChaosCloth
LogPluginManager: Mounting plugin ChaosClothEditor
LogPluginManager: Mounting plugin ChaosEditor
LogPluginManager: Mounting plugin ActorSequence
LogPluginManager: Mounting plugin CharacterAI
LogPluginManager: Mounting plugin ChaosSolverPlugin
LogPluginManager: Mounting plugin ChaosNiagara
LogPluginManager: Mounting plugin RiderSourceCodeAccess
LogPluginManager: Mounting plugin GeometryCache
LogPluginManager: Mounting plugin GeometryCollectionPlugin
LogPluginManager: Mounting plugin GeometryProcessing
LogPluginManager: Mounting plugin MotoSynth
LogPluginManager: Mounting plugin ActorLayerUtilities
LogPluginManager: Mounting plugin OpenImageDenoise
LogPluginManager: Mounting plugin PlanarCut
LogPluginManager: Mounting plugin PythonScriptPlugin
LogPluginManager: Mounting plugin AndroidDeviceProfileSelector
LogPluginManager: Mounting plugin AndroidMoviePlayer
LogPluginManager: Mounting plugin AndroidPermission
LogPluginManager: Mounting plugin SkeletalReduction
LogPluginManager: Mounting plugin PlatformCrypto
LogPluginManager: Mounting plugin AppleImageUtils
LogPluginManager: Mounting plugin AppleMoviePlayer
LogPluginManager: Mounting plugin ProxyLODPlugin
LogPluginManager: Mounting plugin AssetTags
LogPluginManager: Mounting plugin AudioCapture
LogPluginManager: Mounting plugin ArchVisCharacter
LogPluginManager: Mounting plugin AudioSynesthesia
LogPluginManager: Mounting plugin ChunkDownloader
LogPluginManager: Mounting plugin CustomMeshComponent
LogPluginManager: Mounting plugin CableComponent
LogPluginManager: Mounting plugin EditableMesh
LogPluginManager: Mounting plugin GoogleCloudMessaging
LogPluginManager: Mounting plugin ExampleDeviceProfileSelector
LogPluginManager: Mounting plugin GooglePAD
LogPluginManager: Mounting plugin IOSDeviceProfileSelector
LogPluginManager: Mounting plugin LocationServicesBPLibrary
LogPluginManager: Mounting plugin MobilePatchingUtils
LogPluginManager: Mounting plugin OpenXREyeTracker
LogPluginManager: Mounting plugin OpenXRHandTracking
LogPluginManager: Mounting plugin OpenXR
LogPluginManager: Mounting plugin PhysXVehicles
LogPluginManager: Mounting plugin ProceduralMeshComponent
LogPluginManager: Mounting plugin RuntimePhysXCooking
LogPluginManager: Mounting plugin PostSplashScreen
LogPluginManager: Mounting plugin SignificanceManager
LogPluginManager: Mounting plugin PropertyAccessEditor
LogPluginManager: Mounting plugin SoundFields
LogPluginManager: Mounting plugin Synthesis
LogPluginManager: Mounting plugin WindowsMoviePlayer
LogPluginManager: Mounting plugin CameraShakePreviewer
LogPluginManager: Mounting plugin ScreenshotTools
LogPluginManager: Mounting plugin WebMMoviePlayer
LogPluginManager: Mounting plugin LinuxDeviceProfileSelector
LogPluginManager: Mounting plugin GameplayCameras
LogPluginManager: Mounting plugin ContentBrowserClassDataSource
LogPluginManager: Mounting plugin ContentBrowserFileDataSource
LogPluginManager: Mounting plugin ContentBrowserAssetDataSource
LogPluginManager: Mounting plugin OnlineSubsystemIOS
LogPluginManager: Mounting plugin OnlineSubsystemGooglePlay
LogPluginManager: Mounting plugin OculusVR
LogPluginManager: Mounting plugin SteamVR
PixWinPlugin: PIX capture plugin failed to initialize! Check that the process is launched from PIX.
LogInit: Using libcurl 7.55.1-DEV
LogInit:  - built for x86_64-pc-win32
LogInit:  - supports SSL with OpenSSL/1.1.1
LogInit:  - supports HTTP deflate (compression) using libz 1.2.8
LogInit:  - other features:
LogInit:      CURL_VERSION_SSL
LogInit:      CURL_VERSION_LIBZ
LogInit:      CURL_VERSION_IPV6
LogInit:      CURL_VERSION_ASYNCHDNS
LogInit:      CURL_VERSION_LARGEFILE
LogInit:      CURL_VERSION_IDN
LogInit:  CurlRequestOptions (configurable via config and command line):
LogInit:  - bVerifyPeer = true  - Libcurl will verify peer certificate
LogInit:  - bUseHttpProxy = false  - Libcurl will NOT use HTTP proxy
LogInit:  - bDontReuseConnections = false  - Libcurl will reuse connections
LogInit:  - MaxHostConnections = 16  - Libcurl will limit the number of connections to a host
LogInit:  - LocalHostAddr = Default
LogInit:  - BufferSize = 65536
LogOnline: OSS: Creating online subsystem instance for: NULL
LogInit: WinSock: version 1.1 (2.2), MaxSocks=32767, MaxUdp=65467
LogOnline: OSS: TryLoadSubsystemAndSetDefault: Loaded subsystem for module [NULL]
LogOculusPluginWrapper: OculusPlugin initialized successfully
LogHMD: Failed initializing OVRPlugin 1.59.0
LogInit: Build: ++UE4+Release-4.27-CL-18319896
LogInit: Engine Version: 4.27.2-18319896+++UE4+Release-4.27
LogInit: Compatible Engine Version: 4.27.0-17155196+++UE4+Release-4.27
LogInit: Net CL: 17155196
LogInit: OS: Windows 10 (Release 2009) (), CPU: 12th Gen Intel(R) Core(TM) i7-12700, GPU: NVIDIA GeForce RTX 3080
LogInit: Compiled (64-bit): Nov 30 2021 07:12:08
LogInit: Compiled with Visual C++: 19.24.28315.00
LogInit: Build Configuration: Development
LogInit: Branch Name: ++UE4+Release-4.27
LogInit: Command Line:  -skipcompile
LogInit: Base Directory: C:/Program Files/Epic Games/UE_4.27/Engine/Binaries/Win64/
LogInit: Allocator: TBB
LogInit: Installed Engine Build: 1
LogDevObjectVersion: Number of dev versions registered: 29
LogDevObjectVersion:   Dev-Blueprints (B0D832E4-1F89-4F0D-ACCF-7EB736FD4AA2): 10
LogDevObjectVersion:   Dev-Build (E1C64328-A22C-4D53-A36C-8E866417BD8C): 0
LogDevObjectVersion:   Dev-Core (375EC13C-06E4-48FB-B500-84F0262A717E): 4
LogDevObjectVersion:   Dev-Editor (E4B068ED-F494-42E9-A231-DA0B2E46BB41): 40
LogDevObjectVersion:   Dev-Framework (CFFC743F-43B0-4480-9391-14DF171D2073): 37
LogDevObjectVersion:   Dev-Mobile (B02B49B5-BB20-44E9-A304-32B752E40360): 3
LogDevObjectVersion:   Dev-Networking (A4E4105C-59A1-49B5-A7C5-40C4547EDFEE): 0
LogDevObjectVersion:   Dev-Online (39C831C9-5AE6-47DC-9A44-9C173E1C8E7C): 0
LogDevObjectVersion:   Dev-Physics (78F01B33-EBEA-4F98-B9B4-84EACCB95AA2): 14
LogDevObjectVersion:   Dev-Platform (6631380F-2D4D-43E0-8009-CF276956A95A): 0
LogDevObjectVersion:   Dev-Rendering (12F88B9F-8875-4AFC-A67C-D90C383ABD29): 45
LogDevObjectVersion:   Dev-Sequencer (7B5AE74C-D270-4C10-A958-57980B212A5A): 13
LogDevObjectVersion:   Dev-VR (D7296918-1DD6-4BDD-9DE2-64A83CC13884): 3
LogDevObjectVersion:   Dev-LoadTimes (C2A15278-BFE7-4AFE-6C17-90FF531DF755): 1
LogDevObjectVersion:   Private-Geometry (6EACA3D4-40EC-4CC1-B786-8BED09428FC5): 3
LogDevObjectVersion:   Dev-AnimPhys (29E575DD-E0A3-4627-9D10-D276232CDCEA): 17
LogDevObjectVersion:   Dev-Anim (AF43A65D-7FD3-4947-9873-3E8ED9C1BB05): 15
LogDevObjectVersion:   Dev-ReflectionCapture (6B266CEC-1EC7-4B8F-A30B-E4D90942FC07): 1
LogDevObjectVersion:   Dev-Automation (0DF73D61-A23F-47EA-B727-89E90C41499A): 1
LogDevObjectVersion:   FortniteMain (601D1886-AC64-4F84-AA16-D3DE0DEAC7D6): 47
LogDevObjectVersion:   FortniteRelease (E7086368-6B23-4C58-8439-1B7016265E91): 1
LogDevObjectVersion:   Dev-Enterprise (9DFFBCD6-494F-0158-E221-12823C92A888): 10
LogDevObjectVersion:   Dev-Niagara (F2AED0AC-9AFE-416F-8664-AA7FFA26D6FC): 1
LogDevObjectVersion:   Dev-Destruction (174F1F0B-B4C6-45A5-B13F-2EE8D0FB917D): 10
LogDevObjectVersion:   Dev-Physics-Ext (35F94A83-E258-406C-A318-09F59610247C): 41
LogDevObjectVersion:   Dev-PhysicsMaterial-Chaos (B68FC16E-8B1B-42E2-B453-215C058844FE): 1
LogDevObjectVersion:   Dev-CineCamera (B2E18506-4273-CFC2-A54E-F4BB758BBA07): 1
LogDevObjectVersion:   Dev-VirtualProduction (64F58936-FD1B-42BA-BA96-7289D5D0FA4E): 1
LogDevObjectVersion:   Dev-MediaFramework (6F0ED827-A609-4895-9C91-998D90180EA4): 2
LogInit: Presizing for max 25165824 objects, including 0 objects not considered by GC, pre-allocating 0 bytes for permanent pool.
LogConfig: Applying CVar settings from Section [/Script/Engine.StreamingSettings] File [C:/Users/B1050622/Documents/GitHub/BetaArcade_Team11/terry/Saved/Config/Windows/Engine.ini]
LogConfig: Setting CVar [[s.MinBulkDataSizeForAsyncLoading:131072]]
LogConfig: Setting CVar [[s.AsyncLoadingThreadEnabled:0]]
LogConfig: Setting CVar [[s.EventDrivenLoaderEnabled:1]]
LogConfig: Setting CVar [[s.WarnIfTimeLimitExceeded:0]]
LogConfig: Setting CVar [[s.TimeLimitExceededMultiplier:1.5]]
LogConfig: Setting CVar [[s.TimeLimitExceededMinTime:0.005]]
LogConfig: Setting CVar [[s.UseBackgroundLevelStreaming:1]]
LogConfig: Setting CVar [[s.PriorityAsyncLoadingExtraTime:15.0]]
LogConfig: Setting CVar [[s.LevelStreamingActorsUpdateTimeLimit:5.0]]
LogConfig: Setting CVar [[s.PriorityLevelStreamingActorsUpdateExtraTime:5.0]]
LogConfig: Setting CVar [[s.LevelStreamingComponentsRegistrationGranularity:10]]
LogConfig: Setting CVar [[s.UnregisterComponentsTimeLimit:1.0]]
LogConfig: Setting CVar [[s.LevelStreamingComponentsUnregistrationGranularity:5]]
LogConfig: Setting CVar [[s.FlushStreamingOnExit:1]]
LogInit: Object subsystem initialized
LogConfig: Setting CVar [[con.DebugEarlyDefault:1]]
LogConfig: Setting CVar [[r.setres:1280x720]]
[2023.10.03-12.42.11:891][  0]LogConfig: Setting CVar [[r.VSync:0]]
[2023.10.03-12.42.11:891][  0]LogConfig: Setting CVar [[r.RHICmdBypass:0]]
[2023.10.03-12.42.11:891][  0]LogConfig: Applying CVar settings from Section [/Script/Engine.RendererSettings] File [C:/Users/B1050622/Documents/GitHub/BetaArcade_Team11/terry/Saved/Config/Windows/Engine.ini]
[2023.10.03-12.42.11:891][  0]LogConfig: Setting CVar [[r.GPUCrashDebugging:0]]
[2023.10.03-12.42.11:891][  0]LogConfig: Applying CVar settings from Section [/Script/Engine.RendererOverrideSettings] File [C:/Users/B1050622/Documents/GitHub/BetaArcade_Team11/terry/Saved/Config/Windows/Engine.ini]
[2023.10.03-12.42.11:891][  0]LogConfig: Applying CVar settings from Section [/Script/Engine.StreamingSettings] File [C:/Users/B1050622/Documents/GitHub/BetaArcade_Team11/terry/Saved/Config/Windows/Engine.ini]
[2023.10.03-12.42.11:891][  0]LogConfig: Setting CVar [[s.MinBulkDataSizeForAsyncLoading:131072]]
[2023.10.03-12.42.11:891][  0]LogConfig: Setting CVar [[s.AsyncLoadingThreadEnabled:0]]
[2023.10.03-12.42.11:891][  0]LogConfig: Setting CVar [[s.EventDrivenLoaderEnabled:1]]
[2023.10.03-12.42.11:891][  0]LogConfig: Setting CVar [[s.WarnIfTimeLimitExceeded:0]]
[2023.10.03-12.42.11:891][  0]LogConfig: Setting CVar [[s.TimeLimitExceededMultiplier:1.5]]
[2023.10.03-12.42.11:892][  0]LogConfig: Setting CVar [[s.TimeLimitExceededMinTime:0.005]]
[2023.10.03-12.42.11:892][  0]LogConfig: Setting CVar [[s.UseBackgroundLevelStreaming:1]]
[2023.10.03-12.42.11:892][  0]LogConfig: Setting CVar [[s.PriorityAsyncLoadingExtraTime:15.0]]
[2023.10.03-12.42.11:892][  0]LogConfig: Setting CVar [[s.LevelStreamingActorsUpdateTimeLimit:5.0]]
[2023.10.03-12.42.11:892][  0]LogConfig: Setting CVar [[s.PriorityLevelStreamingActorsUpdateExtraTime:5.0]]
[2023.10.03-12.42.11:892][  0]LogConfig: Setting CVar [[s.LevelStreamingComponentsRegistrationGranularity:10]]
[2023.10.03-12.42.11:892][  0]LogConfig: Setting CVar [[s.UnregisterComponentsTimeLimit:1.0]]
[2023.10.03-12.42.11:892][  0]LogConfig: Setting CVar [[s.LevelStreamingComponentsUnregistrationGranularity:5]]
[2023.10.03-12.42.11:892][  0]LogConfig: Setting CVar [[s.FlushStreamingOnExit:1]]
[2023.10.03-12.42.11:892][  0]LogConfig: Applying CVar settings from Section [/Script/Engine.GarbageCollectionSettings] File [C:/Users/B1050622/Documents/GitHub/BetaArcade_Team11/terry/Saved/Config/Windows/Engine.ini]
[2023.10.03-12.42.11:892][  0]LogConfig: Setting CVar [[gc.MaxObjectsNotConsideredByGC:1]]
[2023.10.03-12.42.11:892][  0]LogConfig: Setting CVar [[gc.SizeOfPermanentObjectPool:0]]
[2023.10.03-12.42.11:892][  0]LogConfig: Setting CVar [[gc.FlushStreamingOnGC:0]]
[2023.10.03-12.42.11:892][  0]LogConfig: Setting CVar [[gc.NumRetriesBeforeForcingGC:10]]
[2023.10.03-12.42.11:892][  0]LogConfig: Setting CVar [[gc.AllowParallelGC:1]]
[2023.10.03-12.42.11:892][  0]LogConfig: Setting CVar [[gc.TimeBetweenPurgingPendingKillObjects:61.1]]
[2023.10.03-12.42.11:892][  0]LogConfig: Setting CVar [[gc.MaxObjectsInEditor:25165824]]
[2023.10.03-12.42.11:892][  0]LogConfig: Setting CVar [[gc.IncrementalBeginDestroyEnabled:1]]
[2023.10.03-12.42.11:892][  0]LogConfig: Setting CVar [[gc.CreateGCClusters:1]]
[2023.10.03-12.42.11:892][  0]LogConfig: Setting CVar [[gc.MinGCClusterSize:5]]
[2023.10.03-12.42.11:892][  0]LogConfig: Setting CVar [[gc.ActorClusteringEnabled:0]]
[2023.10.03-12.42.11:892][  0]LogConfig: Setting CVar [[gc.BlueprintClusteringEnabled:0]]
[2023.10.03-12.42.11:892][  0]LogConfig: Setting CVar [[gc.UseDisregardForGCOnDedicatedServers:0]]
[2023.10.03-12.42.11:892][  0]LogConfig: Setting CVar [[gc.MultithreadedDestructionEnabled:1]]
[2023.10.03-12.42.11:892][  0]LogConfig: Applying CVar settings from Section [/Script/Engine.NetworkSettings] File [C:/Users/B1050622/Documents/GitHub/BetaArcade_Team11/terry/Saved/Config/Windows/Engine.ini]
[2023.10.03-12.42.11:892][  0]LogConfig: Applying CVar settings from Section [/Script/UnrealEd.CookerSettings] File [C:/Users/B1050622/Documents/GitHub/BetaArcade_Team11/terry/Saved/Config/Windows/Engine.ini]
[2023.10.03-12.42.11:903][  0]LogConfig: Applying CVar settings from Section [ViewDistanceQuality@3] File [C:/Users/B1050622/Documents/GitHub/BetaArcade_Team11/terry/Saved/Config/Windows/Scalability.ini]
[2023.10.03-12.42.11:903][  0]LogConfig: Setting CVar [[r.SkeletalMeshLODBias:0]]
[2023.10.03-12.42.11:903][  0]LogConfig: Setting CVar [[r.ViewDistanceScale:1.0]]
[2023.10.03-12.42.11:903][  0]LogConfig: Applying CVar settings from Section [AntiAliasingQuality@3] File [C:/Users/B1050622/Documents/GitHub/BetaArcade_Team11/terry/Saved/Config/Windows/Scalability.ini]
[2023.10.03-12.42.11:903][  0]LogConfig: Setting CVar [[r.PostProcessAAQuality:4]]
[2023.10.03-12.42.11:904][  0]LogConfig: Applying CVar settings from Section [ShadowQuality@3] File [C:/Users/B1050622/Documents/GitHub/BetaArcade_Team11/terry/Saved/Config/Windows/Scalability.ini]
[2023.10.03-12.42.11:904][  0]LogConfig: Setting CVar [[r.LightFunctionQuality:1]]
[2023.10.03-12.42.11:904][  0]LogConfig: Setting CVar [[r.ShadowQuality:5]]
[2023.10.03-12.42.11:904][  0]LogConfig: Setting CVar [[r.Shadow.CSM.MaxCascades:10]]
[2023.10.03-12.42.11:904][  0]LogConfig: Setting CVar [[r.Shadow.MaxResolution:2048]]
[2023.10.03-12.42.11:904][  0]LogConfig: Setting CVar [[r.Shadow.MaxCSMResolution:2048]]
[2023.10.03-12.42.11:904][  0]LogConfig: Setting CVar [[r.Shadow.RadiusThreshold:0.01]]
[2023.10.03-12.42.11:904][  0]LogConfig: Setting CVar [[r.Shadow.DistanceScale:1.0]]
[2023.10.03-12.42.11:904][  0]LogConfig: Setting CVar [[r.Shadow.CSM.TransitionScale:1.0]]
[2023.10.03-12.42.11:904][  0]LogConfig: Setting CVar [[r.Shadow.PreShadowResolutionFactor:1.0]]
[2023.10.03-12.42.11:904][  0]LogConfig: Setting CVar [[r.DistanceFieldShadowing:1]]
[2023.10.03-12.42.11:904][  0]LogConfig: Setting CVar [[r.DistanceFieldAO:1]]
[2023.10.03-12.42.11:904][  0]LogConfig: Setting CVar [[r.AOQuality:2]]
[2023.10.03-12.42.11:904][  0]LogConfig: Setting CVar [[r.VolumetricFog:1]]
[2023.10.03-12.42.11:904][  0]LogConfig: Setting CVar [[r.VolumetricFog.GridPixelSize:8]]
[2023.10.03-12.42.11:904][  0]LogConfig: Setting CVar [[r.VolumetricFog.GridSizeZ:128]]
[2023.10.03-12.42.11:904][  0]LogConfig: Setting CVar [[r.VolumetricFog.HistoryMissSupersampleCount:4]]
[2023.10.03-12.42.11:904][  0]LogConfig: Setting CVar [[r.LightMaxDrawDistanceScale:1]]
[2023.10.03-12.42.11:904][  0]LogConfig: Setting CVar [[r.CapsuleShadows:1]]
[2023.10.03-12.42.11:904][  0]LogConfig: Applying CVar settings from Section [PostProcessQuality@3] File [C:/Users/B1050622/Documents/GitHub/BetaArcade_Team11/terry/Saved/Config/Windows/Scalability.ini]
[2023.10.03-12.42.11:904][  0]LogConfig: Setting CVar [[r.MotionBlurQuality:4]]
[2023.10.03-12.42.11:904][  0]LogConfig: Setting CVar [[r.AmbientOcclusionMipLevelFactor:0.4]]
[2023.10.03-12.42.11:904][  0]LogConfig: Setting CVar [[r.AmbientOcclusionMaxQuality:100]]
[2023.10.03-12.42.11:904][  0]LogConfig: Setting CVar [[r.AmbientOcclusionLevels:-1]]
[2023.10.03-12.42.11:904][  0]LogConfig: Setting CVar [[r.AmbientOcclusionRadiusScale:1.0]]
[2023.10.03-12.42.11:905][  0]LogConfig: Setting CVar [[r.DepthOfFieldQuality:2]]
[2023.10.03-12.42.11:905][  0]LogConfig: Setting CVar [[r.RenderTargetPoolMin:400]]
[2023.10.03-12.42.11:905][  0]LogConfig: Setting CVar [[r.LensFlareQuality:2]]
[2023.10.03-12.42.11:905][  0]LogConfig: Setting CVar [[r.SceneColorFringeQuality:1]]
[2023.10.03-12.42.11:905][  0]LogConfig: Setting CVar [[r.EyeAdaptationQuality:2]]
[2023.10.03-12.42.11:905][  0]LogConfig: Setting CVar [[r.BloomQuality:5]]
[2023.10.03-12.42.11:905][  0]LogConfig: Setting CVar [[r.FastBlurThreshold:100]]
[2023.10.03-12.42.11:905][  0]LogConfig: Setting CVar [[r.Upscale.Quality:3]]
[2023.10.03-12.42.11:905][  0]LogConfig: Setting CVar [[r.Tonemapper.GrainQuantization:1]]
[2023.10.03-12.42.11:905][  0]LogConfig: Setting CVar [[r.LightShaftQuality:1]]
[2023.10.03-12.42.11:905][  0]LogConfig: Setting CVar [[r.Filter.SizeScale:1]]
[2023.10.03-12.42.11:905][  0]LogConfig: Setting CVar [[r.Tonemapper.Quality:5]]
[2023.10.03-12.42.11:905][  0]LogConfig: Setting CVar [[r.DOF.Gather.AccumulatorQuality:1        ; higher gathering accumulator quality]]
[2023.10.03-12.42.11:905][  0]LogConfig: Setting CVar [[r.DOF.Gather.PostfilterMethod:1          ; Median3x3 postfilering method]]
[2023.10.03-12.42.11:905][  0]LogConfig: Setting CVar [[r.DOF.Gather.EnableBokehSettings:0       ; no bokeh simulation when gathering]]
[2023.10.03-12.42.11:905][  0]LogConfig: Setting CVar [[r.DOF.Gather.RingCount:4                 ; medium number of samples when gathering]]
[2023.10.03-12.42.11:905][  0]LogConfig: Setting CVar [[r.DOF.Scatter.ForegroundCompositing:1    ; additive foreground scattering]]
[2023.10.03-12.42.11:905][  0]LogConfig: Setting CVar [[r.DOF.Scatter.BackgroundCompositing:2    ; additive background scattering]]
[2023.10.03-12.42.11:905][  0]LogConfig: Setting CVar [[r.DOF.Scatter.EnableBokehSettings:1      ; bokeh simulation when scattering]]
[2023.10.03-12.42.11:905][  0]LogConfig: Setting CVar [[r.DOF.Scatter.MaxSpriteRatio:0.1         ; only a maximum of 10% of scattered bokeh]]
[2023.10.03-12.42.11:905][  0]LogConfig: Setting CVar [[r.DOF.Recombine.Quality:1                ; cheap slight out of focus]]
[2023.10.03-12.42.11:905][  0]LogConfig: Setting CVar [[r.DOF.Recombine.EnableBokehSettings:0    ; no bokeh simulation on slight out of focus]]
[2023.10.03-12.42.11:905][  0]LogConfig: Setting CVar [[r.DOF.TemporalAAQuality:1                ; more stable temporal accumulation]]
[2023.10.03-12.42.11:905][  0]LogConfig: Setting CVar [[r.DOF.Kernel.MaxForegroundRadius:0.025]]
[2023.10.03-12.42.11:905][  0]LogConfig: Setting CVar [[r.DOF.Kernel.MaxBackgroundRadius:0.025]]
[2023.10.03-12.42.11:905][  0]LogConfig: Applying CVar settings from Section [TextureQuality@3] File [C:/Users/B1050622/Documents/GitHub/BetaArcade_Team11/terry/Saved/Config/Windows/Scalability.ini]
[2023.10.03-12.42.11:905][  0]LogConfig: Setting CVar [[r.Streaming.MipBias:0]]
[2023.10.03-12.42.11:905][  0]LogConfig: Setting CVar [[r.Streaming.AmortizeCPUToGPUCopy:0]]
[2023.10.03-12.42.11:906][  0]LogConfig: Setting CVar [[r.Streaming.MaxNumTexturesToStreamPerFrame:0]]
[2023.10.03-12.42.11:906][  0]LogConfig: Setting CVar [[r.Streaming.Boost:1]]
[2023.10.03-12.42.11:906][  0]LogConfig: Setting CVar [[r.MaxAnisotropy:8]]
[2023.10.03-12.42.11:906][  0]LogConfig: Setting CVar [[r.VT.MaxAnisotropy:8]]
[2023.10.03-12.42.11:906][  0]LogConfig: Setting CVar [[r.Streaming.LimitPoolSizeToVRAM:0]]
[2023.10.03-12.42.11:906][  0]LogConfig: Setting CVar [[r.Streaming.PoolSize:1000]]
[2023.10.03-12.42.11:906][  0]LogConfig: Setting CVar [[r.Streaming.MaxEffectiveScreenSize:0]]
[2023.10.03-12.42.11:906][  0]LogConfig: Applying CVar settings from Section [EffectsQuality@3] File [C:/Users/B1050622/Documents/GitHub/BetaArcade_Team11/terry/Saved/Config/Windows/Scalability.ini]
[2023.10.03-12.42.11:906][  0]LogConfig: Setting CVar [[r.TranslucencyLightingVolumeDim:64]]
[2023.10.03-12.42.11:906][  0]LogConfig: Setting CVar [[r.RefractionQuality:2]]
[2023.10.03-12.42.11:906][  0]LogConfig: Setting CVar [[r.SSR.Quality:3]]
[2023.10.03-12.42.11:906][  0]LogConfig: Setting CVar [[r.SSR.HalfResSceneColor:0]]
[2023.10.03-12.42.11:906][  0]LogConfig: Setting CVar [[r.SceneColorFormat:4]]
[2023.10.03-12.42.11:906][  0]LogConfig: Setting CVar [[r.DetailMode:2]]
[2023.10.03-12.42.11:906][  0]LogConfig: Setting CVar [[r.TranslucencyVolumeBlur:1]]
[2023.10.03-12.42.11:906][  0]LogConfig: Setting CVar [[r.MaterialQualityLevel:1 ; High quality]]
[2023.10.03-12.42.11:906][  0]LogConfig: Setting CVar [[r.AnisotropicMaterials:1]]
[2023.10.03-12.42.11:906][  0]LogConfig: Setting CVar [[r.SSS.Scale:1]]
[2023.10.03-12.42.11:906][  0]LogConfig: Setting CVar [[r.SSS.SampleSet:2]]
[2023.10.03-12.42.11:906][  0]LogConfig: Setting CVar [[r.SSS.Quality:1]]
[2023.10.03-12.42.11:906][  0]LogConfig: Setting CVar [[r.SSS.HalfRes:0]]
[2023.10.03-12.42.11:906][  0]LogConfig: Setting CVar [[r.SSGI.Quality:3]]
[2023.10.03-12.42.11:906][  0]LogConfig: Setting CVar [[r.EmitterSpawnRateScale:1.0]]
[2023.10.03-12.42.11:906][  0]LogConfig: Setting CVar [[r.ParticleLightQuality:2]]
[2023.10.03-12.42.11:906][  0]LogConfig: Setting CVar [[r.SkyAtmosphere.AerialPerspectiveLUT.FastApplyOnOpaque:1 ; Always have FastSkyLUT 1 in this case to avoid wrong sky]]
[2023.10.03-12.42.11:906][  0]LogConfig: Setting CVar [[r.SkyAtmosphere.AerialPerspectiveLUT.SampleCountMaxPerSlice:4]]
[2023.10.03-12.42.11:906][  0]LogConfig: Setting CVar [[r.SkyAtmosphere.AerialPerspectiveLUT.DepthResolution:16.0]]
[2023.10.03-12.42.11:906][  0]LogConfig: Setting CVar [[r.SkyAtmosphere.FastSkyLUT:1]]
[2023.10.03-12.42.11:907][  0]LogConfig: Setting CVar [[r.SkyAtmosphere.FastSkyLUT.SampleCountMin:4.0]]
[2023.10.03-12.42.11:907][  0]LogConfig: Setting CVar [[r.SkyAtmosphere.FastSkyLUT.SampleCountMax:128.0]]
[2023.10.03-12.42.11:907][  0]LogConfig: Setting CVar [[r.SkyAtmosphere.SampleCountMin:4.0]]
[2023.10.03-12.42.11:907][  0]LogConfig: Setting CVar [[r.SkyAtmosphere.SampleCountMax:128.0]]
[2023.10.03-12.42.11:907][  0]LogConfig: Setting CVar [[r.SkyAtmosphere.TransmittanceLUT.UseSmallFormat:0]]
[2023.10.03-12.42.11:907][  0]LogConfig: Setting CVar [[r.SkyAtmosphere.TransmittanceLUT.SampleCount:10.0]]
[2023.10.03-12.42.11:907][  0]LogConfig: Setting CVar [[r.SkyAtmosphere.MultiScatteringLUT.SampleCount:15.0]]
[2023.10.03-12.42.11:907][  0]LogConfig: Setting CVar [[r.SkyLight.RealTimeReflectionCapture:1]]
[2023.10.03-12.42.11:907][  0]LogConfig: Applying CVar settings from Section [FoliageQuality@3] File [C:/Users/B1050622/Documents/GitHub/BetaArcade_Team11/terry/Saved/Config/Windows/Scalability.ini]
[2023.10.03-12.42.11:907][  0]LogConfig: Setting CVar [[foliage.DensityScale:1.0]]
[2023.10.03-12.42.11:907][  0]LogConfig: Setting CVar [[grass.DensityScale:1.0]]
[2023.10.03-12.42.11:907][  0]LogConfig: Applying CVar settings from Section [ShadingQuality@3] File [C:/Users/B1050622/Documents/GitHub/BetaArcade_Team11/terry/Saved/Config/Windows/Scalability.ini]
[2023.10.03-12.42.11:907][  0]LogConfig: Setting CVar [[r.HairStrands.SkyLighting.IntegrationType:2]]
[2023.10.03-12.42.11:907][  0]LogConfig: Setting CVar [[r.HairStrands.SkyAO.SampleCount:4]]
[2023.10.03-12.42.11:907][  0]LogConfig: Setting CVar [[r.HairStrands.Visibility.MSAA.SamplePerPixel:4]]
[2023.10.03-12.42.11:907][  0]LogInit: Selected Device Profile: [Windows]
[2023.10.03-12.42.11:907][  0]LogInit: Applying CVar settings loaded from the selected device profile: [Windows]
[2023.10.03-12.42.11:907][  0]LogHAL: Display: Platform has ~ 64 GB [68410646528 / 68719476736 / 64], which maps to Largest [LargestMinGB=32, LargerMinGB=12, DefaultMinGB=8, SmallerMinGB=6, SmallestMinGB=0)
[2023.10.03-12.42.11:907][  0]LogInit: Going up to parent DeviceProfile []
[2023.10.03-12.42.11:907][  0]LogConfig: Applying CVar settings from Section [ViewDistanceQuality@3] File [C:/Users/B1050622/Documents/GitHub/BetaArcade_Team11/terry/Saved/Config/Windows/Scalability.ini]
[2023.10.03-12.42.11:907][  0]LogConfig: Setting CVar [[r.SkeletalMeshLODBias:0]]
[2023.10.03-12.42.11:907][  0]LogConfig: Setting CVar [[r.ViewDistanceScale:1.0]]
[2023.10.03-12.42.11:907][  0]LogConfig: Applying CVar settings from Section [AntiAliasingQuality@3] File [C:/Users/B1050622/Documents/GitHub/BetaArcade_Team11/terry/Saved/Config/Windows/Scalability.ini]
[2023.10.03-12.42.11:907][  0]LogConfig: Setting CVar [[r.PostProcessAAQuality:4]]
[2023.10.03-12.42.11:907][  0]LogConfig: Applying CVar settings from Section [ShadowQuality@3] File [C:/Users/B1050622/Documents/GitHub/BetaArcade_Team11/terry/Saved/Config/Windows/Scalability.ini]
[2023.10.03-12.42.11:907][  0]LogConfig: Setting CVar [[r.LightFunctionQuality:1]]
[2023.10.03-12.42.11:907][  0]LogConfig: Setting CVar [[r.ShadowQuality:5]]
[2023.10.03-12.42.11:908][  0]LogConfig: Setting CVar [[r.Shadow.CSM.MaxCascades:10]]
[2023.10.03-12.42.11:908][  0]LogConfig: Setting CVar [[r.Shadow.MaxResolution:2048]]
[2023.10.03-12.42.11:908][  0]LogConfig: Setting CVar [[r.Shadow.MaxCSMResolution:2048]]
[2023.10.03-12.42.11:908][  0]LogConfig: Setting CVar [[r.Shadow.RadiusThreshold:0.01]]
[2023.10.03-12.42.11:908][  0]LogConfig: Setting CVar [[r.Shadow.DistanceScale:1.0]]
[2023.10.03-12.42.11:908][  0]LogConfig: Setting CVar [[r.Shadow.CSM.TransitionScale:1.0]]
[2023.10.03-12.42.11:908][  0]LogConfig: Setting CVar [[r.Shadow.PreShadowResolutionFactor:1.0]]
[2023.10.03-12.42.11:908][  0]LogConfig: Setting CVar [[r.DistanceFieldShadowing:1]]
[2023.10.03-12.42.11:908][  0]LogConfig: Setting CVar [[r.DistanceFieldAO:1]]
[2023.10.03-12.42.11:908][  0]LogConfig: Setting CVar [[r.AOQuality:2]]
[2023.10.03-12.42.11:908][  0]LogConfig: Setting CVar [[r.VolumetricFog:1]]
[2023.10.03-12.42.11:908][  0]LogConfig: Setting CVar [[r.VolumetricFog.GridPixelSize:8]]
[2023.10.03-12.42.11:908][  0]LogConfig: Setting CVar [[r.VolumetricFog.GridSizeZ:128]]
[2023.10.03-12.42.11:908][  0]LogConfig: Setting CVar [[r.VolumetricFog.HistoryMissSupersampleCount:4]]
[2023.10.03-12.42.11:908][  0]LogConfig: Setting CVar [[r.LightMaxDrawDistanceScale:1]]
[2023.10.03-12.42.11:908][  0]LogConfig: Setting CVar [[r.CapsuleShadows:1]]
[2023.10.03-12.42.11:908][  0]LogConfig: Applying CVar settings from Section [PostProcessQuality@3] File [C:/Users/B1050622/Documents/GitHub/BetaArcade_Team11/terry/Saved/Config/Windows/Scalability.ini]
[2023.10.03-12.42.11:908][  0]LogConfig: Setting CVar [[r.MotionBlurQuality:4]]
[2023.10.03-12.42.11:908][  0]LogConfig: Setting CVar [[r.AmbientOcclusionMipLevelFactor:0.4]]
[2023.10.03-12.42.11:908][  0]LogConfig: Setting CVar [[r.AmbientOcclusionMaxQuality:100]]
[2023.10.03-12.42.11:908][  0]LogConfig: Setting CVar [[r.AmbientOcclusionLevels:-1]]
[2023.10.03-12.42.11:908][  0]LogConfig: Setting CVar [[r.AmbientOcclusionRadiusScale:1.0]]
[2023.10.03-12.42.11:908][  0]LogConfig: Setting CVar [[r.DepthOfFieldQuality:2]]
[2023.10.03-12.42.11:908][  0]LogConfig: Setting CVar [[r.RenderTargetPoolMin:400]]
[2023.10.03-12.42.11:908][  0]LogConfig: Setting CVar [[r.LensFlareQuality:2]]
[2023.10.03-12.42.11:908][  0]LogConfig: Setting CVar [[r.SceneColorFringeQuality:1]]
[2023.10.03-12.42.11:908][  0]LogConfig: Setting CVar [[r.EyeAdaptationQuality:2]]
[2023.10.03-12.42.11:908][  0]LogConfig: Setting CVar [[r.BloomQuality:5]]
[2023.10.03-12.42.11:908][  0]LogConfig: Setting CVar [[r.FastBlurThreshold:100]]
[2023.10.03-12.42.11:909][  0]LogConfig: Setting CVar [[r.Upscale.Quality:3]]
[2023.10.03-12.42.11:909][  0]LogConfig: Setting CVar [[r.Tonemapper.GrainQuantization:1]]
[2023.10.03-12.42.11:909][  0]LogConfig: Setting CVar [[r.LightShaftQuality:1]]
[2023.10.03-12.42.11:909][  0]LogConfig: Setting CVar [[r.Filter.SizeScale:1]]
[2023.10.03-12.42.11:909][  0]LogConfig: Setting CVar [[r.Tonemapper.Quality:5]]
[2023.10.03-12.42.11:909][  0]LogConfig: Setting CVar [[r.DOF.Gather.AccumulatorQuality:1        ; higher gathering accumulator quality]]
[2023.10.03-12.42.11:909][  0]LogConfig: Setting CVar [[r.DOF.Gather.PostfilterMethod:1          ; Median3x3 postfilering method]]
[2023.10.03-12.42.11:909][  0]LogConfig: Setting CVar [[r.DOF.Gather.EnableBokehSettings:0       ; no bokeh simulation when gathering]]
[2023.10.03-12.42.11:909][  0]LogConfig: Setting CVar [[r.DOF.Gather.RingCount:4                 ; medium number of samples when gathering]]
[2023.10.03-12.42.11:909][  0]LogConfig: Setting CVar [[r.DOF.Scatter.ForegroundCompositing:1    ; additive foreground scattering]]
[2023.10.03-12.42.11:909][  0]LogConfig: Setting CVar [[r.DOF.Scatter.BackgroundCompositing:2    ; additive background scattering]]
[2023.10.03-12.42.11:909][  0]LogConfig: Setting CVar [[r.DOF.Scatter.EnableBokehSettings:1      ; bokeh simulation when scattering]]
[2023.10.03-12.42.11:909][  0]LogConfig: Setting CVar [[r.DOF.Scatter.MaxSpriteRatio:0.1         ; only a maximum of 10% of scattered bokeh]]
[2023.10.03-12.42.11:909][  0]LogConfig: Setting CVar [[r.DOF.Recombine.Quality:1                ; cheap slight out of focus]]
[2023.10.03-12.42.11:909][  0]LogConfig: Setting CVar [[r.DOF.Recombine.EnableBokehSettings:0    ; no bokeh simulation on slight out of focus]]
[2023.10.03-12.42.11:909][  0]LogConfig: Setting CVar [[r.DOF.TemporalAAQuality:1                ; more stable temporal accumulation]]
[2023.10.03-12.42.11:909][  0]LogConfig: Setting CVar [[r.DOF.Kernel.MaxForegroundRadius:0.025]]
[2023.10.03-12.42.11:909][  0]LogConfig: Setting CVar [[r.DOF.Kernel.MaxBackgroundRadius:0.025]]
[2023.10.03-12.42.11:909][  0]LogConfig: Applying CVar settings from Section [TextureQuality@3] File [C:/Users/B1050622/Documents/GitHub/BetaArcade_Team11/terry/Saved/Config/Windows/Scalability.ini]
[2023.10.03-12.42.11:909][  0]LogConfig: Setting CVar [[r.Streaming.MipBias:0]]
[2023.10.03-12.42.11:909][  0]LogConfig: Setting CVar [[r.Streaming.AmortizeCPUToGPUCopy:0]]
[2023.10.03-12.42.11:909][  0]LogConfig: Setting CVar [[r.Streaming.MaxNumTexturesToStreamPerFrame:0]]
[2023.10.03-12.42.11:909][  0]LogConfig: Setting CVar [[r.Streaming.Boost:1]]
[2023.10.03-12.42.11:909][  0]LogConfig: Setting CVar [[r.MaxAnisotropy:8]]
[2023.10.03-12.42.11:909][  0]LogConfig: Setting CVar [[r.VT.MaxAnisotropy:8]]
[2023.10.03-12.42.11:909][  0]LogConfig: Setting CVar [[r.Streaming.LimitPoolSizeToVRAM:0]]
[2023.10.03-12.42.11:909][  0]LogConfig: Setting CVar [[r.Streaming.PoolSize:1000]]
[2023.10.03-12.42.11:910][  0]LogConfig: Setting CVar [[r.Streaming.MaxEffectiveScreenSize:0]]
[2023.10.03-12.42.11:910][  0]LogConfig: Applying CVar settings from Section [EffectsQuality@3] File [C:/Users/B1050622/Documents/GitHub/BetaArcade_Team11/terry/Saved/Config/Windows/Scalability.ini]
[2023.10.03-12.42.11:910][  0]LogConfig: Setting CVar [[r.TranslucencyLightingVolumeDim:64]]
[2023.10.03-12.42.11:910][  0]LogConfig: Setting CVar [[r.RefractionQuality:2]]
[2023.10.03-12.42.11:910][  0]LogConfig: Setting CVar [[r.SSR.Quality:3]]
[2023.10.03-12.42.11:910][  0]LogConfig: Setting CVar [[r.SSR.HalfResSceneColor:0]]
[2023.10.03-12.42.11:910][  0]LogConfig: Setting CVar [[r.SceneColorFormat:4]]
[2023.10.03-12.42.11:910][  0]LogConfig: Setting CVar [[r.DetailMode:2]]
[2023.10.03-12.42.11:910][  0]LogConfig: Setting CVar [[r.TranslucencyVolumeBlur:1]]
[2023.10.03-12.42.11:910][  0]LogConfig: Setting CVar [[r.MaterialQualityLevel:1 ; High quality]]
[2023.10.03-12.42.11:910][  0]LogConfig: Setting CVar [[r.AnisotropicMaterials:1]]
[2023.10.03-12.42.11:910][  0]LogConfig: Setting CVar [[r.SSS.Scale:1]]
[2023.10.03-12.42.11:910][  0]LogConfig: Setting CVar [[r.SSS.SampleSet:2]]
[2023.10.03-12.42.11:910][  0]LogConfig: Setting CVar [[r.SSS.Quality:1]]
[2023.10.03-12.42.11:910][  0]LogConfig: Setting CVar [[r.SSS.HalfRes:0]]
[2023.10.03-12.42.11:910][  0]LogConfig: Setting CVar [[r.SSGI.Quality:3]]
[2023.10.03-12.42.11:910][  0]LogConfig: Setting CVar [[r.EmitterSpawnRateScale:1.0]]
[2023.10.03-12.42.11:910][  0]LogConfig: Setting CVar [[r.ParticleLightQuality:2]]
[2023.10.03-12.42.11:910][  0]LogConfig: Setting CVar [[r.SkyAtmosphere.AerialPerspectiveLUT.FastApplyOnOpaque:1 ; Always have FastSkyLUT 1 in this case to avoid wrong sky]]
[2023.10.03-12.42.11:910][  0]LogConfig: Setting CVar [[r.SkyAtmosphere.AerialPerspectiveLUT.SampleCountMaxPerSlice:4]]
[2023.10.03-12.42.11:910][  0]LogConfig: Setting CVar [[r.SkyAtmosphere.AerialPerspectiveLUT.DepthResolution:16.0]]
[2023.10.03-12.42.11:910][  0]LogConfig: Setting CVar [[r.SkyAtmosphere.FastSkyLUT:1]]
[2023.10.03-12.42.11:910][  0]LogConfig: Setting CVar [[r.SkyAtmosphere.FastSkyLUT.SampleCountMin:4.0]]
[2023.10.03-12.42.11:910][  0]LogConfig: Setting CVar [[r.SkyAtmosphere.FastSkyLUT.SampleCountMax:128.0]]
[2023.10.03-12.42.11:910][  0]LogConfig: Setting CVar [[r.SkyAtmosphere.SampleCountMin:4.0]]
[2023.10.03-12.42.11:910][  0]LogConfig: Setting CVar [[r.SkyAtmosphere.SampleCountMax:128.0]]
[2023.10.03-12.42.11:910][  0]LogConfig: Setting CVar [[r.SkyAtmosphere.TransmittanceLUT.UseSmallFormat:0]]
[2023.10.03-12.42.11:910][  0]LogConfig: Setting CVar [[r.SkyAtmosphere.TransmittanceLUT.SampleCount:10.0]]
[2023.10.03-12.42.11:910][  0]LogConfig: Setting CVar [[r.SkyAtmosphere.MultiScatteringLUT.SampleCount:15.0]]
[2023.10.03-12.42.11:911][  0]LogConfig: Setting CVar [[r.SkyLight.RealTimeReflectionCapture:1]]
[2023.10.03-12.42.11:911][  0]LogConfig: Applying CVar settings from Section [FoliageQuality@3] File [C:/Users/B1050622/Documents/GitHub/BetaArcade_Team11/terry/Saved/Config/Windows/Scalability.ini]
[2023.10.03-12.42.11:911][  0]LogConfig: Setting CVar [[foliage.DensityScale:1.0]]
[2023.10.03-12.42.11:911][  0]LogConfig: Setting CVar [[grass.DensityScale:1.0]]
[2023.10.03-12.42.11:911][  0]LogConfig: Applying CVar settings from Section [ShadingQuality@3] File [C:/Users/B1050622/Documents/GitHub/BetaArcade_Team11/terry/Saved/Config/Windows/Scalability.ini]
[2023.10.03-12.42.11:911][  0]LogConfig: Setting CVar [[r.HairStrands.SkyLighting.IntegrationType:2]]
[2023.10.03-12.42.11:911][  0]LogConfig: Setting CVar [[r.HairStrands.SkyAO.SampleCount:4]]
[2023.10.03-12.42.11:911][  0]LogConfig: Setting CVar [[r.HairStrands.Visibility.MSAA.SamplePerPixel:4]]
[2023.10.03-12.42.11:911][  0]LogConfig: Applying CVar settings from Section [Startup] File [../../../Engine/Config/ConsoleVariables.ini]
[2023.10.03-12.42.11:911][  0]LogConfig: Setting CVar [[net.UseAdaptiveNetUpdateFrequency:0]]
[2023.10.03-12.42.11:911][  0]LogConfig: Setting CVar [[p.chaos.AllowCreatePhysxBodies:1]]
[2023.10.03-12.42.11:911][  0]LogConfig: Setting CVar [[fx.SkipVectorVMBackendOptimizations:1]]
[2023.10.03-12.42.11:911][  0]LogConfig: Applying CVar settings from Section [ConsoleVariables] File [C:/Users/B1050622/Documents/GitHub/BetaArcade_Team11/terry/Saved/Config/Windows/Engine.ini]
[2023.10.03-12.42.11:911][  0]LogConfig: Applying CVar settings from Section [ConsoleVariables] File [C:/Users/B1050622/Documents/GitHub/BetaArcade_Team11/terry/Saved/Config/Windows/Editor.ini]
[2023.10.03-12.42.11:911][  0]LogInit: Computer: TU42658
[2023.10.03-12.42.11:911][  0]LogInit: User: B1050622
[2023.10.03-12.42.11:911][  0]LogInit: CPU Page size=4096, Cores=12
[2023.10.03-12.42.11:911][  0]LogInit: High frequency timer resolution =10.000000 MHz
[2023.10.03-12.42.11:911][  0]LogMemory: Memory total: Physical=63.7GB (64GB approx)
[2023.10.03-12.42.11:912][  0]LogMemory: Platform Memory Stats for Windows
[2023.10.03-12.42.11:912][  0]LogMemory: Process Physical Memory: 145.39 MB used, 145.39 MB peak
[2023.10.03-12.42.11:912][  0]LogMemory: Process Virtual Memory: 128.42 MB used, 128.42 MB peak
[2023.10.03-12.42.11:912][  0]LogMemory: Physical Memory: 15173.28 MB used,  50068.20 MB free, 65241.48 MB total
[2023.10.03-12.42.11:912][  0]LogMemory: Virtual Memory: 134161720.00 MB used,  56011.57 MB free, 134217728.00 MB total
[2023.10.03-12.42.11:919][  0]LogWindows: WindowsPlatformFeatures enabled
[2023.10.03-12.42.12:032][  0]LogInit: Physics initialised using underlying interface: PhysX
[2023.10.03-12.42.12:033][  0]LogInit: Using OS detected language (en-GB).
[2023.10.03-12.42.12:033][  0]LogInit: Using OS detected locale (en-GB).
[2023.10.03-12.42.12:037][  0]LogTextLocalizationManager: No specific localization for 'en-GB' exists, so the 'en' localization will be used.
[2023.10.03-12.42.12:156][  0]LogInit: Setting process to per monitor DPI aware
[2023.10.03-12.42.12:176][  0]LogWindowsTextInputMethodSystem: Display: IME system deactivated.
[2023.10.03-12.42.12:191][  0]LogSlate: New Slate User Created.  User Index 0, Is Virtual User: 0
[2023.10.03-12.42.12:191][  0]LogSlate: Slate User Registered.  User Index 0, Is Virtual User: 0
[2023.10.03-12.42.12:299][  0]LogD3D11RHI: Loaded GFSDK_Aftermath_Lib.x64.dll
[2023.10.03-12.42.12:303][  0]LogHMD: Failed to initialize OpenVR with code 110
[2023.10.03-12.42.12:304][  0]LogD3D11RHI: D3D11 min allowed feature level: 11_0
[2023.10.03-12.42.12:304][  0]LogD3D11RHI: D3D11 max allowed feature level: 11_0
[2023.10.03-12.42.12:304][  0]LogD3D11RHI: D3D11 adapters:
[2023.10.03-12.42.12:943][  0]LogD3D11RHI:    0. 'NVIDIA GeForce RTX 3080' (Feature Level 11_0)
[2023.10.03-12.42.12:943][  0]LogD3D11RHI:       10067/0/32620 MB DedicatedVideo/DedicatedSystem/SharedSystem, Outputs:2, VendorId:0x10de
[2023.10.03-12.42.12:998][  0]LogD3D11RHI:    1. 'Intel(R) UHD Graphics 770' (Feature Level 11_0)
[2023.10.03-12.42.12:998][  0]LogD3D11RHI:       128/0/32620 MB DedicatedVideo/DedicatedSystem/SharedSystem, Outputs:0, VendorId:0x8086
[2023.10.03-12.42.13:003][  0]LogD3D11RHI:    2. 'Microsoft Basic Render Driver' (Feature Level 11_0)
[2023.10.03-12.42.13:004][  0]LogD3D11RHI:       0/0/32620 MB DedicatedVideo/DedicatedSystem/SharedSystem, Outputs:0, VendorId:0x1414
[2023.10.03-12.42.13:004][  0]LogD3D11RHI: Chosen D3D11 Adapter:
[2023.10.03-12.42.13:004][  0]LogD3D11RHI:     Description : NVIDIA GeForce RTX 3080
[2023.10.03-12.42.13:004][  0]LogD3D11RHI:     VendorId    : 10de
[2023.10.03-12.42.13:004][  0]LogD3D11RHI:     DeviceId    : 2216
[2023.10.03-12.42.13:004][  0]LogD3D11RHI:     SubSysId    : 88d7103c
[2023.10.03-12.42.13:004][  0]LogD3D11RHI:     Revision    : 00a1
[2023.10.03-12.42.13:004][  0]LogD3D11RHI:     DedicatedVideoMemory : 10556014592 bytes
[2023.10.03-12.42.13:004][  0]LogD3D11RHI:     DedicatedSystemMemory : 0 bytes
[2023.10.03-12.42.13:004][  0]LogD3D11RHI:     SharedSystemMemory : 34205323264 bytes
[2023.10.03-12.42.13:004][  0]LogD3D11RHI:     AdapterLuid : 0 139435
[2023.10.03-12.42.13:008][  0]LogD3D11RHI: Creating new Direct3DDevice
[2023.10.03-12.42.13:008][  0]LogD3D11RHI:     GPU DeviceId: 0x2216 (for the marketing name, search the web for "GPU Device Id")
[2023.10.03-12.42.13:008][  0]LogWindows: EnumDisplayDevices:
[2023.10.03-12.42.13:009][  0]LogWindows:    0. 'NVIDIA GeForce RTX 3080' (P:1 D:1)
[2023.10.03-12.42.13:009][  0]LogWindows:    1. 'NVIDIA GeForce RTX 3080' (P:0 D:1)
[2023.10.03-12.42.13:009][  0]LogWindows:    2. 'NVIDIA GeForce RTX 3080' (P:0 D:0)
[2023.10.03-12.42.13:009][  0]LogWindows:    3. 'NVIDIA GeForce RTX 3080' (P:0 D:0)
[2023.10.03-12.42.13:010][  0]LogWindows:    4. 'Intel(R) UHD Graphics 770' (P:0 D:0)
[2023.10.03-12.42.13:010][  0]LogWindows:    5. 'Intel(R) UHD Graphics 770' (P:0 D:0)
[2023.10.03-12.42.13:010][  0]LogWindows:    6. 'Intel(R) UHD Graphics 770' (P:0 D:0)
[2023.10.03-12.42.13:010][  0]LogWindows:    7. 'Intel(R) UHD Graphics 770' (P:0 D:0)
[2023.10.03-12.42.13:011][  0]LogWindows: DebugString: PrimaryIsNotTheChoosenAdapter PrimaryIsNotTheChoosenAdapter PrimaryIsNotTheChoosenAdapter PrimaryIsNotTheChoosenAdapter FoundDriverCount:4 
[2023.10.03-12.42.13:011][  0]LogD3D11RHI:     Adapter Name: NVIDIA GeForce RTX 3080
[2023.10.03-12.42.13:011][  0]LogD3D11RHI:   Driver Version: 531.14 (internal:31.0.15.3114, unified:531.14)
[2023.10.03-12.42.13:011][  0]LogD3D11RHI:      Driver Date: 2-22-2023
[2023.10.03-12.42.13:011][  0]LogRHI: Texture pool is 7046 MB (70% of 10067 MB)
[2023.10.03-12.42.13:011][  0]LogD3D11RHI: Creating D3DDevice using adapter:
[2023.10.03-12.42.13:011][  0]LogD3D11RHI:     Description : NVIDIA GeForce RTX 3080
[2023.10.03-12.42.13:011][  0]LogD3D11RHI:     VendorId    : 10de
[2023.10.03-12.42.13:011][  0]LogD3D11RHI:     DeviceId    : 2216
[2023.10.03-12.42.13:011][  0]LogD3D11RHI:     SubSysId    : 88d7103c
[2023.10.03-12.42.13:011][  0]LogD3D11RHI:     Revision    : 00a1
[2023.10.03-12.42.13:011][  0]LogD3D11RHI:     DedicatedVideoMemory : 10556014592 bytes
[2023.10.03-12.42.13:011][  0]LogD3D11RHI:     DedicatedSystemMemory : 0 bytes
[2023.10.03-12.42.13:011][  0]LogD3D11RHI:     SharedSystemMemory : 34205323264 bytes
[2023.10.03-12.42.13:011][  0]LogD3D11RHI:     AdapterLuid : 0 139435
[2023.10.03-12.42.13:085][  0]LogD3D11RHI: RHI has support for 64 bit atomics
[2023.10.03-12.42.13:085][  0]LogD3D11RHI: Async texture creation enabled
[2023.10.03-12.42.13:085][  0]LogD3D11RHI: Array index from any shader is supported
[2023.10.03-12.42.13:097][  0]LogD3D11RHI: GPU Timing Frequency: 1000.000000 (Debug: 2 1)
[2023.10.03-12.42.13:128][  0]LogRHI: GeForceNow SDK initialized: 1
[2023.10.03-12.42.13:398][  0]LogTargetPlatformManager: Display: Loaded TargetPlatform 'AllDesktop'
[2023.10.03-12.42.13:414][  0]LogTargetPlatformManager: Display: Loaded TargetPlatform 'Android'
[2023.10.03-12.42.13:415][  0]LogTargetPlatformManager: Display: Loaded TargetPlatform 'Android_ASTC'
[2023.10.03-12.42.13:415][  0]LogTargetPlatformManager: Display: Loaded TargetPlatform 'Android_DXT'
[2023.10.03-12.42.13:415][  0]LogTargetPlatformManager: Display: Loaded TargetPlatform 'Android_ETC2'
[2023.10.03-12.42.13:415][  0]LogTargetPlatformManager: Display: Loaded TargetPlatform 'AndroidClient'
[2023.10.03-12.42.13:415][  0]LogTargetPlatformManager: Display: Loaded TargetPlatform 'Android_ASTCClient'
[2023.10.03-12.42.13:415][  0]LogTargetPlatformManager: Display: Loaded TargetPlatform 'Android_DXTClient'
[2023.10.03-12.42.13:415][  0]LogTargetPlatformManager: Display: Loaded TargetPlatform 'Android_ETC2Client'
[2023.10.03-12.42.13:415][  0]LogTargetPlatformManager: Display: Loaded TargetPlatform 'Android_Multi'
[2023.10.03-12.42.13:415][  0]LogTargetPlatformManager: Display: Loaded TargetPlatform 'Android_MultiClient'
[2023.10.03-12.42.13:435][  0]LogTargetPlatformManager: Display: Loaded TargetPlatform 'IOSClient'
[2023.10.03-12.42.13:436][  0]LogTargetPlatformManager: Display: Loaded TargetPlatform 'IOS'
[2023.10.03-12.42.13:445][  0]LogTargetPlatformManager: Display: Loaded TargetPlatform 'Linux'
[2023.10.03-12.42.13:450][  0]LogTargetPlatformManager: Display: Loaded TargetPlatform 'LinuxNoEditor'
[2023.10.03-12.42.13:455][  0]LogTargetPlatformManager: Display: Loaded TargetPlatform 'LinuxClient'
[2023.10.03-12.42.13:460][  0]LogTargetPlatformManager: Display: Loaded TargetPlatform 'LinuxServer'
[2023.10.03-12.42.13:468][  0]LogTargetPlatformManager: Display: Loaded TargetPlatform 'LinuxAArch64NoEditor'
[2023.10.03-12.42.13:473][  0]LogTargetPlatformManager: Display: Loaded TargetPlatform 'LinuxAArch64Client'
[2023.10.03-12.42.13:478][  0]LogTargetPlatformManager: Display: Loaded TargetPlatform 'LinuxAArch64Server'
[2023.10.03-12.42.13:498][  0]LogTargetPlatformManager: Display: Loaded TargetPlatform 'Lumin'
[2023.10.03-12.42.13:498][  0]LogTargetPlatformManager: Display: Loaded TargetPlatform 'LuminClient'
[2023.10.03-12.42.13:507][  0]LogTargetPlatformManager: Display: Loaded TargetPlatform 'MacNoEditor'
[2023.10.03-12.42.13:512][  0]LogTargetPlatformManager: Display: Loaded TargetPlatform 'Mac'
[2023.10.03-12.42.13:516][  0]LogTargetPlatformManager: Display: Loaded TargetPlatform 'MacClient'
[2023.10.03-12.42.13:521][  0]LogTargetPlatformManager: Display: Loaded TargetPlatform 'MacServer'
[2023.10.03-12.42.13:530][  0]LogTargetPlatformManager: Display: Loaded TargetPlatform 'TVOSClient'
[2023.10.03-12.42.13:530][  0]LogTargetPlatformManager: Display: Loaded TargetPlatform 'TVOS'
[2023.10.03-12.42.13:540][  0]LogTargetPlatformManager: Display: Loaded TargetPlatform 'WindowsNoEditor'
[2023.10.03-12.42.13:545][  0]LogTargetPlatformManager: Display: Loaded TargetPlatform 'Windows'
[2023.10.03-12.42.13:551][  0]LogTargetPlatformManager: Display: Loaded TargetPlatform 'WindowsClient'
[2023.10.03-12.42.13:556][  0]LogTargetPlatformManager: Display: Loaded TargetPlatform 'WindowsServer'
[2023.10.03-12.42.13:556][  0]LogTargetPlatformManager: Display: Building Assets For Windows
[2023.10.03-12.42.13:576][  0]LogAudioDebug: Display: Lib vorbis DLL was dynamically loaded.
[2023.10.03-12.42.13:619][  0]LogTextureFormatOodle: Display: Oodle Texture 2.9.0 init RDO Off
[2023.10.03-12.42.13:665][  0]LogRendererCore: Ray tracing is disabled. Reason: r.RayTracing=0.
[2023.10.03-12.42.13:665][  0]LogShaderCompilers: Guid format shader working directory is -24 characters bigger than the processId version (../../../../../../Users/B1050622/Documents/GitHub/BetaArcade_Team11/terry/Intermediate/Shaders/WorkingDirectory/4628/).
[2023.10.03-12.42.13:665][  0]LogShaderCompilers: Cleaned the shader compiler working directory 'C:/Users/B1050622/AppData/Local/Temp/UnrealShaderWorkingDir/EBEB27614E7D7AECC9096ABAB7E06C66/'.
[2023.10.03-12.42.13:665][  0]LogXGEController: Cannot use XGE Controller as Incredibuild is not installed on this machine.
[2023.10.03-12.42.13:665][  0]LogShaderCompilers: Cannot use XGE Shader Compiler as Incredibuild is not installed on this machine.
[2023.10.03-12.42.13:665][  0]LogShaderCompilers: Display: Using Local Shader Compiler.
[2023.10.03-12.42.14:269][  0]LogDerivedDataCache: Display: Max Cache Size: 512 MB
[2023.10.03-12.42.14:307][  0]LogDerivedDataCache: Loaded boot cache 0.04s 94MB C:/Users/B1050622/AppData/Local/UnrealEngine/4.27/DerivedDataCache/Boot.ddc.
[2023.10.03-12.42.14:307][  0]LogDerivedDataCache: Display: Loaded Boot cache: C:/Users/B1050622/AppData/Local/UnrealEngine/4.27/DerivedDataCache/Boot.ddc
[2023.10.03-12.42.14:308][  0]LogDerivedDataCache: FDerivedDataBackendGraph:  Pak pak cache file ../../../../../../Users/B1050622/Documents/GitHub/BetaArcade_Team11/terry/DerivedDataCache/DDC.ddp not found, will not use a pak cache.
[2023.10.03-12.42.14:308][  0]LogDerivedDataCache: Unable to find inner node Pak for hierarchical cache Hierarchy.
[2023.10.03-12.42.14:308][  0]LogDerivedDataCache: FDerivedDataBackendGraph:  CompressedPak pak cache file ../../../../../../Users/B1050622/Documents/GitHub/BetaArcade_Team11/terry/DerivedDataCache/Compressed.ddp not found, will not use a pak cache.
[2023.10.03-12.42.14:308][  0]LogDerivedDataCache: Unable to find inner node CompressedPak for hierarchical cache Hierarchy.
[2023.10.03-12.42.14:320][  0]LogDerivedDataCache: Display: Pak cache opened for reading ../../../Engine/DerivedDataCache/Compressed.ddp.
[2023.10.03-12.42.14:321][  0]LogDerivedDataCache: FDerivedDataBackendGraph:  EnterprisePak pak cache file ../../../Enterprise/DerivedDataCache/Compressed.ddp not found, will not use a pak cache.
[2023.10.03-12.42.14:321][  0]LogDerivedDataCache: Unable to find inner node EnterprisePak for hierarchical cache Hierarchy.
[2023.10.03-12.42.14:338][  0]LogDerivedDataCache: Speed tests for C:/Users/B1050622/AppData/Local/UnrealEngine/Common/DerivedDataCache took 0.02 seconds
[2023.10.03-12.42.14:338][  0]LogDerivedDataCache: Display: Performance to C:/Users/B1050622/AppData/Local/UnrealEngine/Common/DerivedDataCache: Latency=0.02ms. RandomReadSpeed=1110.74MBs, RandomWriteSpeed=58.10MBs. Assigned SpeedClass 'Local'
[2023.10.03-12.42.14:339][  0]LogDerivedDataCache: Using Local data cache path C:/Users/B1050622/AppData/Local/UnrealEngine/Common/DerivedDataCache: Writable
[2023.10.03-12.42.14:339][  0]LogDerivedDataCache: Shared data cache path not found in *engine.ini, will not use an Shared cache.
[2023.10.03-12.42.14:339][  0]LogDerivedDataCache: Unable to find inner node Shared for hierarchical cache Hierarchy.
[2023.10.03-12.42.14:371][  0]LogSlate: Using FreeType 2.10.0
[2023.10.03-12.42.14:371][  0]LogSlate: SlateFontServices - WITH_FREETYPE: 1, WITH_HARFBUZZ: 1
[2023.10.03-12.42.14:395][  0]LogAssetRegistry: FAssetRegistry took 0.0033 seconds to start up
[2023.10.03-12.42.14:563][  0]LogInit: Selected Device Profile: [Windows]
[2023.10.03-12.42.14:563][  0]LogInit: Active device profile: [000002262A378F00][0000022628A10B40 49] Windows
[2023.10.03-12.42.14:564][  0]LogInit: Profiles: [000002262A378F00][0000022628A10B40 49] Windows, [000002262A322400][000002262B220C80 49] WindowsNoEditor, [000002262A379F00][000002261DBDADC0 49] WindowsServer, [000002262A321600][000002262B228F40 49] WindowsClient, [000002262A379000][000002262B22D0C0 49] IOS, [000002262A323A00][000002262B231240 49] iPadAir, [000002262A37B300][000002262B2413C0 49] iPadAir2, [000002262B40D300][000002262B24D680 49] IPadPro, [000002262B40D400][000002262B2496C0 49] iPadAir3, [000002262A320B00][0000022624007840 49] iPadAir4, [000002262B40E100][000002262B2779C0 49] iPadMini2, [000002262A323400][000002262B0D7B40 49] iPadMini3, [000002262B40EC00][000002262B122140 49] iPadMini4, [000002262A322700][00000226255162C0 49] iPadMini5, [000002262B438E00][0000022625558580 49] iPhone6, [000002262B438F00][00000226255545C0 49] iPodTouch6, [000002262A37A800][0000022625560880 49] iPhone7, [000002262A37A900][000002262555C8C0 49] iPodTouch7, [000002262B40CC00][000002262B1F8A40 49] iPhone5S, [000002262A379300][000002261DBF6B80 49] iPhone6Plus, [000002262A37BA00][000002262B1FCCC0 49] iPhone6S, [000002262B439300][0000022625564E00 49] iPhone6SPlus, [000002262A378B00][0000022625568F40 49] iPhone7Plus, [000002262B439600][000002262C6810C0 49] iPhoneSE, [000002262A378A00][000002262C685240 49] iPhone8, [000002262B439200][000002262C6893C0 49] iPhone8Plus, [000002262B40EB00][000002262C68D540 49] iPhoneX, [000002262B438C00][000002262C4656C0 49] iPhoneXS, [000002262B40FA00][000002262C469840 49] iPhoneXSMax, [000002262B43B800][000002262C4719C0 49] iPhoneXR, [000002262B40CD00][000002262C475B40 49] iPhone11, [000002262B43A600][000002262C478140 49] iPhone11Pro, [000002262B40E900][000002262C47C2C0 49] iPhone11ProMax, [000002262B438200][000002262C480440 49] iPhoneSE2, [000002262B40CB00][000002262C4845C0 49] iPhone12Mini, [000002262B43AA00][000002262C488740 49] iPhone12, [000002262B40EE00][000002262C4C68C0 49] iPhone12Pro, [000002262B438A00][000002262C4CAA40 49] iPhone12ProMax, [000002262B40F200][000002262C4EEBC0 49] iPadPro105, [000002262B43B600][000002262C4FAD40 49] iPadPro129, [000002262B40E000][000002262556CE80 49] iPadPro97, [000002262B43A000][000002262C502FC0 49] iPadPro2_129, [000002262B40E400][000002262C507100 49] iPad5, [000002262B439400][000002262CA9D280 49] iPad6, [000002262B40D000][000002262C609400 49] iPad7, [000002262B439700][000002262C611580 49] iPad8, [000002262B40FC00][000002262C615700 49] iPadPro11, [000002262B439800][000002262C619880 49] iPadPro2_11, [000002262B40C600][000002262C61DA00 49] iPadPro3_129, [000002262B438D00][000002262B18BB80 49] iPadPro4_129, [000002262B40F100][000002262B1B0180 49] AppleTV, [000002262B438800][000002262C604300 49] AppleTV4K, [000002262B40C500][000002262C326480 49] TVOS, [000002262B438500][000002262C32A600 49] Mac, [000002262B40C700][000002262C32E780 49] MacClient, [000002262B439500][000002262C332900 49] MacNoEditor, [000002262B40D500][000002262C336A80 49] MacServer, [000002262B43AE00][000002262C33AC00 49] Linux, [000002262B40C400][000002262C33ED80 49] LinuxAArch64, [000002262B439E00][000002262C342F00 49] LinuxNoEditor, [000002262B40DC00][000002262CA99040 49] LinuxAArch64NoEditor, [000002262B43A900][000002262C347180 49] LinuxClient, [000002262B40ED00][000002262C34B2C0 49] LinuxAArch64Client, [000002262B438100][000002262C353440 49] LinuxServer, [000002262B40DE00][000002262C3575C0 49] LinuxAArch64Server, [000002262B438B00][000002262C35B740 49] Android, [000002262B40DA00][000002262C35F8C0 49] Android_Low, [000002262B43AF00][000002262C3EDA40 49] Android_Mid, [000002262B40D100][000002262C3F1BC0 49] Android_High, [000002262B43B000][000002262C3F41C0 49] Android_Default, [000002262B40D700][000002262C3F8340 49] Android_Adreno4xx, [000002262B439900][000002262C3FC4C0 49] Android_Adreno5xx_Low, [000002262B40CA00][000002262C400640 49] Android_Adreno5xx, [000002262B43B400][000002262C4047C0 49] Android_Adreno6xx, [000002262B40CE00][000002262C408940 49] Android_Adreno6xx_Vulkan, [000002262B43B100][000002262C40CAC0 49] Android_Mali_T6xx, [000002262A379E00][000002262C410C40 49] Android_Mali_T7xx, [000002262A320800][000002262C414DC0 49] Android_Mali_T8xx, [000002262A379200][000002262C418F40 49] Android_Mali_G71, [000002262A320E00][000002262C41D0C0 49] Android_Mali_G72, [000002262A379100][000002262C34F200 49] Android_Mali_G72_Vulkan, [000002262A322500][000002262C421340 49] Android_Mali_G76, [000002262A379500][000002262C425480 49] Android_Mali_G76_Vulkan, [000002262A322000][000002262C4295C0 49] Android_Mali_G77, [000002262A37BF00][000002262B1B5740 49] Android_Mali_G77_Vulkan, [000002262A321D00][000002262B1B98C0 49] Android_Mali_G78, [000002262A378300][000002262B1BDA40 49] Android_Mali_G78_Vulkan, [000002262A320400][000002262B1C1BC0 49] Android_Mali_G710, [000002262A37B700][000002262B1C41C0 49] Android_Mali_G710_Vulkan, [000002262A323100][000002262B1C8340 49] Android_Vulkan_SM5, [000002262A378800][000002262B1CC4C0 49] Android_PowerVR_G6xxx, [000002262A320A00][000002262B1D0640 49] Android_PowerVR_GT7xxx, [000002262A378D00][000002262B1D47C0 49] Android_PowerVR_GE8xxx, [000002262A323C00][000002262C4FE940 49] Android_PowerVR_GM9xxx, [000002262A378600][000002262C60CAC0 49] Android_PowerVR_GM9xxx_Vulkan, [000002262A321200][000002262B1D8C40 49] Android_TegraK1, [000002262A37AB00][000002262B1DCDC0 49] Android_Unknown_Vulkan, [000002262A323000][000002262B1E0F40 49] Lumin, [000002262A37A000][000002262B1E50C0 49] Lumin_Desktop, [000002262A322E00][000002262B1E9240 49] HoloLens, 
[2023.10.03-12.42.14:701][  0]LogMeshReduction: Using QuadricMeshReduction for automatic static mesh reduction
[2023.10.03-12.42.14:701][  0]LogMeshReduction: Using SimplygonMeshReduction for automatic skeletal mesh reduction
[2023.10.03-12.42.14:701][  0]LogMeshReduction: Using ProxyLODMeshReduction for automatic mesh merging
[2023.10.03-12.42.14:701][  0]LogMeshReduction: No distributed automatic mesh merging module available
[2023.10.03-12.42.14:701][  0]LogMeshMerging: No distributed automatic mesh merging module available
[2023.10.03-12.42.14:716][  0]LogNetVersion: terry 1.0.0, NetCL: 17155196, EngineNetVer: 17, GameNetVer: 0 (Checksum: 1008197515)
[2023.10.03-12.42.14:991][  0]LogTexture: Default maximum texture size for cubemaps generated from long-lat sources has been changed from 512 to unlimited. In order to preserve old behaiour for '/Engine/MapTemplates/Sky/DaylightAmbientCubemap.DaylightAmbientCubemap', its maximum texture size has been explicitly set to 512.
[2023.10.03-12.42.15:032][  0]LogHMD: PokeAHoleMaterial loaded successfully
[2023.10.03-12.42.15:036][  0]LogUObjectArray: 17178 objects as part of root set at end of initial load.
[2023.10.03-12.42.15:036][  0]LogUObjectAllocator: 4302048 out of 0 bytes used by permanent object pool.
[2023.10.03-12.42.15:036][  0]LogUObjectArray: CloseDisregardForGC: 0/0 objects in disregard for GC pool
[2023.10.03-12.42.15:311][  0]LogNiagaraDebuggerClient: Niagara Debugger Client Initialized | Session: 7D637AA34D1847C7545D86B0357E7FF8 | Instance: 06AE4E0C4E105F83FCF528BCD72AEA05 (TU42658-4628).
[2023.10.03-12.42.15:443][  0]LogTcpMessaging: Initializing TcpMessaging bridge
[2023.10.03-12.42.15:449][  0]LogUdpMessaging: Initializing bridge on interface 0.0.0.0:0 to multicast group 230.0.0.1:6666.
[2023.10.03-12.42.15:470][  0]LogPython: Using Python 3.7.7
[2023.10.03-12.42.16:105][  0]SourceControl: Source control is disabled
[2023.10.03-12.42.16:105][  0]SourceControl: Source control is disabled
[2023.10.03-12.42.16:109][  0]SourceControl: Source control is disabled
[2023.10.03-12.42.16:113][  0]SourceControl: Source control is disabled
[2023.10.03-12.42.16:117][  0]SourceControl: Source control is disabled
[2023.10.03-12.42.16:125][  0]LogUProjectInfo: Found projects:
[2023.10.03-12.42.16:306][  0]LogOpenImageDenoise: OIDN starting up
[2023.10.03-12.42.16:310][  0]LogAndroidPermission: UAndroidPermissionCallbackProxy::GetInstance
[2023.10.03-12.42.16:333][  0]LogAudioCaptureCore: Display: No Audio Capture implementations found. Audio input will be silent.
[2023.10.03-12.42.16:334][  0]LogAudioCaptureCore: Display: No Audio Capture implementations found. Audio input will be silent.
[2023.10.03-12.42.16:450][  0]LogCollectionManager: Loaded 0 collections in 0.001092 seconds
[2023.10.03-12.42.16:474][  0]LogFileCache: Scanning file cache for directory 'C:/Users/B1050622/Documents/GitHub/BetaArcade_Team11/terry/Saved/Collections/' took 0.00s
[2023.10.03-12.42.16:474][  0]LogFileCache: Scanning file cache for directory 'C:/Users/B1050622/Documents/GitHub/BetaArcade_Team11/terry/Content/Developers/B1050622/Collections/' took 0.00s
[2023.10.03-12.42.16:474][  0]LogFileCache: Scanning file cache for directory 'C:/Users/B1050622/Documents/GitHub/BetaArcade_Team11/terry/Content/Collections/' took 0.00s
[2023.10.03-12.42.16:475][  0]LogOcInput: OculusInput pre-init called
[2023.10.03-12.42.16:657][  0]LogEngine: Initializing Engine...
[2023.10.03-12.42.16:661][  0]LogHMD: Failed to enumerate extensions. Please check that you have a valid OpenXR runtime installed.
[2023.10.03-12.42.16:661][  0]LogHMD: Failed to initialize OpenVR with code 110
[2023.10.03-12.42.16:661][  0]LogMagicLeap: Warning: VR disabled because ZI is not enabled.  To enable, in the editor, Edit -> Project Settings -> Plugins -> Magic Leap Plugin -> Enable Zero Iteration
[2023.10.03-12.42.16:662][  0]LogStats: UGameplayTagsManager::InitializeManager -  0.000 s
[2023.10.03-12.42.16:749][  0]LogInit: Initializing FReadOnlyCVARCache
[2023.10.03-12.42.16:757][  0]LogAIModule: Creating AISystem for world Untitled
[2023.10.03-12.42.16:761][  0]LogAudio: Display: Initializing Audio Device Manager...
[2023.10.03-12.42.16:765][  0]LogAudio: Display: Loading Default Audio Settings Objects...
[2023.10.03-12.42.16:765][  0]LogAudio: Display: No default SoundConcurrencyObject specified (or failed to load).
[2023.10.03-12.42.16:766][  0]LogAudio: Display: Audio Device Manager Initialized
[2023.10.03-12.42.16:766][  0]LogAudio: Display: Creating Audio Device:                 Id: 1, Scope: Shared, Realtime: True
[2023.10.03-12.42.16:766][  0]LogAudioMixer: Display: Audio Mixer Platform Settings:
[2023.10.03-12.42.16:766][  0]LogAudioMixer: Display: 	Sample Rate:						  48000
[2023.10.03-12.42.16:766][  0]LogAudioMixer: Display: 	Callback Buffer Frame Size Requested: 1024
[2023.10.03-12.42.16:766][  0]LogAudioMixer: Display: 	Callback Buffer Frame Size To Use:	  1024
[2023.10.03-12.42.16:766][  0]LogAudioMixer: Display: 	Number of buffers to queue:			  2
[2023.10.03-12.42.16:766][  0]LogAudioMixer: Display: 	Max Channels (voices):				  32
[2023.10.03-12.42.16:766][  0]LogAudioMixer: Display: 	Number of Async Source Workers:		  0
[2023.10.03-12.42.16:766][  0]LogAudio: Display: AudioDevice MaxSources: 32
[2023.10.03-12.42.16:767][  0]LogAudio: Display: Audio Spatialization Plugin: None (built-in).
[2023.10.03-12.42.16:767][  0]LogAudio: Display: Audio Reverb Plugin: None (built-in).
[2023.10.03-12.42.16:767][  0]LogAudio: Display: Audio Occlusion Plugin: None (built-in).
[2023.10.03-12.42.16:767][  0]LogAudioMixer: Display: Initializing audio mixer.
[2023.10.03-12.42.16:780][  0]LogAudioMixer: Display: 0: FrontLeft
[2023.10.03-12.42.16:780][  0]LogAudioMixer: Display: 1: FrontRight
[2023.10.03-12.42.16:806][  0]LogAudioMixer: Display: Using Audio Device Speakers (Realtek(R) Audio)
[2023.10.03-12.42.16:808][  0]LogAudioMixer: Display: Initializing Sound Submixes...
[2023.10.03-12.42.16:810][  0]LogAudioMixer: Display: Creating Master Submix 'MasterSubmixDefault'
[2023.10.03-12.42.16:810][  0]LogAudioMixer: Display: Creating Master Submix 'MasterReverbSubmixDefault'
[2023.10.03-12.42.16:811][  0]LogAudioMixer: Display: Creating Master Submix 'MasterEQSubmixDefault'
[2023.10.03-12.42.16:811][  0]LogAudioMixer: FMixerPlatformXAudio2::StartAudioStream() called
[2023.10.03-12.42.16:811][  0]LogAudioMixer: Display: Output buffers initialized: Frames=1024, Channels=2, Samples=2048
[2023.10.03-12.42.16:813][  0]LogAudioMixer: Display: Starting AudioMixerPlatformInterface::RunInternal()
[2023.10.03-12.42.16:813][  0]LogAudioMixer: Display: FMixerPlatformXAudio2::SubmitBuffer() called for the first time
[2023.10.03-12.42.16:813][  0]LogInit: FAudioDevice initialized.
[2023.10.03-12.42.16:814][  0]LogAudio: Display: Audio Device (ID: 1) registered with world 'Untitled'.
[2023.10.03-12.42.16:814][  0]LogNetVersion: Set ProjectVersion to 1.0.0.0. Version Checksum will be recalculated on next use.
[2023.10.03-12.42.17:092][  0]LogDerivedDataCache: Saved boot cache 0.28s 94MB C:/Users/B1050622/AppData/Local/UnrealEngine/4.27/DerivedDataCache/Boot.ddc.
[2023.10.03-12.42.17:094][  0]LogInit: Texture streaming: Enabled
[2023.10.03-12.42.17:111][  0]LogAnalytics: Display: [UEEditor.Rocket.Release] APIServer = https://datarouter.ol.epicgames.com/. AppVersion = 4.27.2-18319896+++UE4+Release-4.27
[2023.10.03-12.42.17:117][  0]LogEngineSessionManager: EngineSessionManager initialized
[2023.10.03-12.42.17:117][  0]LogEditorSessionSummary: Verbose: Initializing EditorSessionSummaryWriter for editor session tracking
[2023.10.03-12.42.17:121][  0]LogEditorSessionSummary: EditorSessionSummaryWriter initialized
[2023.10.03-12.42.17:143][  0]LogInit: Transaction tracking system initialized
[2023.10.03-12.42.17:168][  0]BlueprintLog: New page: Editor Load
[2023.10.03-12.42.17:239][  0]LocalizationService: Localization service is disabled
[2023.10.03-12.42.17:267][  0]TimingProfiler: Initialize
[2023.10.03-12.42.17:267][  0]TimingProfiler: OnSessionChanged
[2023.10.03-12.42.17:267][  0]LoadingProfiler: Initialize
[2023.10.03-12.42.17:267][  0]LoadingProfiler: OnSessionChanged
[2023.10.03-12.42.17:267][  0]NetworkingProfiler: Initialize
[2023.10.03-12.42.17:267][  0]NetworkingProfiler: OnSessionChanged
[2023.10.03-12.42.17:267][  0]MemoryProfiler: Initialize
[2023.10.03-12.42.17:268][  0]MemoryProfiler: OnSessionChanged
[2023.10.03-12.42.17:404][  0]LogCook: Display: CookSettings for Memory: MemoryMaxUsedVirtual 0MiB, MemoryMaxUsedPhysical 16384MiB, MemoryMinFreeVirtual 0MiB, MemoryMinFreePhysical 1024MiB
[2023.10.03-12.42.17:404][  0]LogCook: Display: Mobile HDR setting 1
[2023.10.03-12.42.17:599][  0]LogFileCache: Scanning file cache for directory 'C:/Users/B1050622/Documents/GitHub/BetaArcade_Team11/terry/Content/' took 0.00s
[2023.10.03-12.42.17:724][  0]LogInit: Display: Engine is initialized. Leaving FEngineLoop::Init()
[2023.10.03-12.42.17:728][  0]SourceControl: Source control is disabled
[2023.10.03-12.42.17:728][  0]LogUnrealEdMisc: Loading editor; pre map load, took 7.141
[2023.10.03-12.42.17:728][  0]Cmd: MAP LOAD FILE="../../../../../../Users/B1050622/Documents/GitHub/BetaArcade_Team11/terry/Content/ThirdPersonBP/Maps/ThirdPersonExampleMap.umap" TEMPLATE=0 SHOWPROGRESS=1 FEATURELEVEL=3
[2023.10.03-12.42.17:729][  0]LightingResults: New page: Lighting Build
[2023.10.03-12.42.17:729][  0]LogWorld: UWorld::CleanupWorld for Untitled, bSessionEnded=true, bCleanupResources=true
[2023.10.03-12.42.17:730][  0]LogSlate: InvalidateAllWidgets triggered.  All widgets were invalidated
[2023.10.03-12.42.17:730][  0]MapCheck: New page: Map Check
[2023.10.03-12.42.17:730][  0]LightingResults: New page: Lighting Build
[2023.10.03-12.42.17:732][  0]LogAudio: Display: Audio Device unregistered from world 'None'.
[2023.10.03-12.42.17:735][  0]LogUObjectHash: Compacting FUObjectHashTables data took   1.13ms
[2023.10.03-12.42.17:902][  0]LogAudio: Display: Audio Device (ID: 1) registered with world 'ThirdPersonExampleMap'.
[2023.10.03-12.42.17:903][  0]LogAIModule: Creating AISystem for world ThirdPersonExampleMap
[2023.10.03-12.42.17:908][  0]LogEditorServer: Finished looking for orphan Actors (0.000 secs)
[2023.10.03-12.42.17:917][  0]LogUObjectHash: Compacting FUObjectHashTables data took   1.17ms
[2023.10.03-12.42.17:917][  0]Cmd: MAP CHECKDEP NOCLEARLOG
[2023.10.03-12.42.17:918][  0]MapCheck: Map check complete: 0 Error(s), 0 Warning(s), took 0.115ms to complete.
[2023.10.03-12.42.17:918][  0]LogFileHelpers: Loading map 'ThirdPersonExampleMap' took 0.190
[2023.10.03-12.42.17:921][  0]LogUnrealEdMisc: Total Editor Startup Time, took 7.333
[2023.10.03-12.42.18:046][  0]LogSlate: Updating window title bar state: overlay mode, drag disabled, window buttons hidden, title bar hidden
[2023.10.03-12.42.18:049][  0]LogSlate: Updating window title bar state: overlay mode, drag disabled, window buttons hidden, title bar hidden
[2023.10.03-12.42.18:052][  0]LogSlate: Updating window title bar state: overlay mode, drag disabled, window buttons hidden, title bar hidden
[2023.10.03-12.42.18:056][  0]LogSlate: Updating window title bar state: overlay mode, drag disabled, window buttons hidden, title bar hidden
[2023.10.03-12.42.18:066][  0]LogNativeClassHierarchy: Verbose: Native class hierarchy populated in 0.0060 seconds. Added 3823 classes and 930 folders.
[2023.10.03-12.42.18:068][  0]LogNativeClassHierarchy: Verbose: Native class hierarchy updated for 'WidgetCarousel' in 0.0002 seconds. Added 0 classes and 0 folders.
[2023.10.03-12.42.18:069][  0]LogPakFile: PakFile PrimaryIndexSize=187
[2023.10.03-12.42.18:069][  0]LogPakFile: PakFile PathHashIndexSize=101
[2023.10.03-12.42.18:069][  0]LogPakFile: PakFile FullDirectoryIndexSize=148
[2023.10.03-12.42.18:069][  0]LogShaderLibrary: Display: ShaderCodeLibraryPakFileMountedCallback: PakFile 'C:/Program Files/Epic Games/UE_4.27/FeaturePacks/FP_FirstPerson.upack' (chunk index -1, root 'root:/') mounted
[2023.10.03-12.42.18:069][  0]LogShaderLibrary: Display: ShaderCodeLibraryPakFileMountedCallback: pending pak file info (ChunkID:-1 Root:root:/ File:C:/Program Files/Epic Games/UE_4.27/FeaturePacks/FP_FirstPerson.upack)
[2023.10.03-12.42.18:069][  0]LogPakFile: OnPakFileMounted2Time == 0.000135
[2023.10.03-12.42.18:070][  0]LogPakFile: PakFile PrimaryIndexSize=189
[2023.10.03-12.42.18:070][  0]LogPakFile: PakFile PathHashIndexSize=101
[2023.10.03-12.42.18:070][  0]LogPakFile: PakFile FullDirectoryIndexSize=152
[2023.10.03-12.42.18:070][  0]LogShaderLibrary: Display: ShaderCodeLibraryPakFileMountedCallback: PakFile 'C:/Program Files/Epic Games/UE_4.27/FeaturePacks/FP_FirstPersonBP.upack' (chunk index -1, root 'root:/') mounted
[2023.10.03-12.42.18:070][  0]LogShaderLibrary: Display: ShaderCodeLibraryPakFileMountedCallback: pending pak file info (ChunkID:-1 Root:root:/ File:C:/Program Files/Epic Games/UE_4.27/FeaturePacks/FP_FirstPersonBP.upack)
[2023.10.03-12.42.18:070][  0]LogPakFile: OnPakFileMounted2Time == 0.000108
[2023.10.03-12.42.18:071][  0]LogPakFile: PakFile PrimaryIndexSize=191
[2023.10.03-12.42.18:071][  0]LogPakFile: PakFile PathHashIndexSize=101
[2023.10.03-12.42.18:071][  0]LogPakFile: PakFile FullDirectoryIndexSize=160
[2023.10.03-12.42.18:071][  0]LogShaderLibrary: Display: ShaderCodeLibraryPakFileMountedCallback: PakFile 'C:/Program Files/Epic Games/UE_4.27/FeaturePacks/MobileStarterContent.upack' (chunk index -1, root 'root:/') mounted
[2023.10.03-12.42.18:071][  0]LogShaderLibrary: Display: ShaderCodeLibraryPakFileMountedCallback: pending pak file info (ChunkID:-1 Root:root:/ File:C:/Program Files/Epic Games/UE_4.27/FeaturePacks/MobileStarterContent.upack)
[2023.10.03-12.42.18:071][  0]LogPakFile: OnPakFileMounted2Time == 0.000125
[2023.10.03-12.42.18:071][  0]LogPakFile: PakFile PrimaryIndexSize=185
[2023.10.03-12.42.18:072][  0]LogPakFile: PakFile PathHashIndexSize=101
[2023.10.03-12.42.18:072][  0]LogPakFile: PakFile FullDirectoryIndexSize=148
[2023.10.03-12.42.18:072][  0]LogShaderLibrary: Display: ShaderCodeLibraryPakFileMountedCallback: PakFile 'C:/Program Files/Epic Games/UE_4.27/FeaturePacks/StarterContent.upack' (chunk index -1, root 'root:/') mounted
[2023.10.03-12.42.18:072][  0]LogShaderLibrary: Display: ShaderCodeLibraryPakFileMountedCallback: pending pak file info (ChunkID:-1 Root:root:/ File:C:/Program Files/Epic Games/UE_4.27/FeaturePacks/StarterContent.upack)
[2023.10.03-12.42.18:072][  0]LogPakFile: OnPakFileMounted2Time == 0.000131
[2023.10.03-12.42.18:072][  0]LogPakFile: PakFile PrimaryIndexSize=190
[2023.10.03-12.42.18:072][  0]LogPakFile: PakFile PathHashIndexSize=101
[2023.10.03-12.42.18:072][  0]LogPakFile: PakFile FullDirectoryIndexSize=154
[2023.10.03-12.42.18:072][  0]LogShaderLibrary: Display: ShaderCodeLibraryPakFileMountedCallback: PakFile 'C:/Program Files/Epic Games/UE_4.27/FeaturePacks/TP_2DSideScroller.upack' (chunk index -1, root 'root:/') mounted
[2023.10.03-12.42.18:073][  0]LogShaderLibrary: Display: ShaderCodeLibraryPakFileMountedCallback: pending pak file info (ChunkID:-1 Root:root:/ File:C:/Program Files/Epic Games/UE_4.27/FeaturePacks/TP_2DSideScroller.upack)
[2023.10.03-12.42.18:073][  0]LogPakFile: OnPakFileMounted2Time == 0.000138
[2023.10.03-12.42.18:073][  0]LogPakFile: PakFile PrimaryIndexSize=192
[2023.10.03-12.42.18:073][  0]LogPakFile: PakFile PathHashIndexSize=101
[2023.10.03-12.42.18:073][  0]LogPakFile: PakFile FullDirectoryIndexSize=158
[2023.10.03-12.42.18:073][  0]LogShaderLibrary: Display: ShaderCodeLibraryPakFileMountedCallback: PakFile 'C:/Program Files/Epic Games/UE_4.27/FeaturePacks/TP_2DSideScrollerBP.upack' (chunk index -1, root 'root:/') mounted
[2023.10.03-12.42.18:073][  0]LogShaderLibrary: Display: ShaderCodeLibraryPakFileMountedCallback: pending pak file info (ChunkID:-1 Root:root:/ File:C:/Program Files/Epic Games/UE_4.27/FeaturePacks/TP_2DSideScrollerBP.upack)
[2023.10.03-12.42.18:073][  0]LogPakFile: OnPakFileMounted2Time == 0.000130
[2023.10.03-12.42.18:074][  0]LogPakFile: PakFile PrimaryIndexSize=182
[2023.10.03-12.42.18:074][  0]LogPakFile: PakFile PathHashIndexSize=101
[2023.10.03-12.42.18:074][  0]LogPakFile: PakFile FullDirectoryIndexSize=138
[2023.10.03-12.42.18:074][  0]LogShaderLibrary: Display: ShaderCodeLibraryPakFileMountedCallback: PakFile 'C:/Program Files/Epic Games/UE_4.27/FeaturePacks/TP_Flying.upack' (chunk index -1, root 'root:/') mounted
[2023.10.03-12.42.18:074][  0]LogShaderLibrary: Display: ShaderCodeLibraryPakFileMountedCallback: pending pak file info (ChunkID:-1 Root:root:/ File:C:/Program Files/Epic Games/UE_4.27/FeaturePacks/TP_Flying.upack)
[2023.10.03-12.42.18:074][  0]LogPakFile: OnPakFileMounted2Time == 0.000135
[2023.10.03-12.42.18:075][  0]LogPakFile: PakFile PrimaryIndexSize=184
[2023.10.03-12.42.18:075][  0]LogPakFile: PakFile PathHashIndexSize=101
[2023.10.03-12.42.18:075][  0]LogPakFile: PakFile FullDirectoryIndexSize=142
[2023.10.03-12.42.18:075][  0]LogShaderLibrary: Display: ShaderCodeLibraryPakFileMountedCallback: PakFile 'C:/Program Files/Epic Games/UE_4.27/FeaturePacks/TP_FlyingBP.upack' (chunk index -1, root 'root:/') mounted
[2023.10.03-12.42.18:075][  0]LogShaderLibrary: Display: ShaderCodeLibraryPakFileMountedCallback: pending pak file info (ChunkID:-1 Root:root:/ File:C:/Program Files/Epic Games/UE_4.27/FeaturePacks/TP_FlyingBP.upack)
[2023.10.03-12.42.18:075][  0]LogPakFile: OnPakFileMounted2Time == 0.000117
[2023.10.03-12.42.18:076][  0]LogPakFile: PakFile PrimaryIndexSize=188
[2023.10.03-12.42.18:076][  0]LogPakFile: PakFile PathHashIndexSize=101
[2023.10.03-12.42.18:076][  0]LogPakFile: PakFile FullDirectoryIndexSize=150
[2023.10.03-12.42.18:076][  0]LogShaderLibrary: Display: ShaderCodeLibraryPakFileMountedCallback: PakFile 'C:/Program Files/Epic Games/UE_4.27/FeaturePacks/TP_HandheldARBP.upack' (chunk index -1, root 'root:/') mounted
[2023.10.03-12.42.18:076][  0]LogShaderLibrary: Display: ShaderCodeLibraryPakFileMountedCallback: pending pak file info (ChunkID:-1 Root:root:/ File:C:/Program Files/Epic Games/UE_4.27/FeaturePacks/TP_HandheldARBP.upack)
[2023.10.03-12.42.18:076][  0]LogPakFile: OnPakFileMounted2Time == 0.000096
[2023.10.03-12.42.18:076][  0]LogPakFile: PakFile PrimaryIndexSize=182
[2023.10.03-12.42.18:076][  0]LogPakFile: PakFile PathHashIndexSize=101
[2023.10.03-12.42.18:077][  0]LogPakFile: PakFile FullDirectoryIndexSize=138
[2023.10.03-12.42.18:077][  0]LogShaderLibrary: Display: ShaderCodeLibraryPakFileMountedCallback: PakFile 'C:/Program Files/Epic Games/UE_4.27/FeaturePacks/TP_Puzzle.upack' (chunk index -1, root 'root:/') mounted
[2023.10.03-12.42.18:077][  0]LogShaderLibrary: Display: ShaderCodeLibraryPakFileMountedCallback: pending pak file info (ChunkID:-1 Root:root:/ File:C:/Program Files/Epic Games/UE_4.27/FeaturePacks/TP_Puzzle.upack)
[2023.10.03-12.42.18:077][  0]LogPakFile: OnPakFileMounted2Time == 0.000095
[2023.10.03-12.42.18:077][  0]LogPakFile: PakFile PrimaryIndexSize=184
[2023.10.03-12.42.18:077][  0]LogPakFile: PakFile PathHashIndexSize=101
[2023.10.03-12.42.18:077][  0]LogPakFile: PakFile FullDirectoryIndexSize=142
[2023.10.03-12.42.18:077][  0]LogShaderLibrary: Display: ShaderCodeLibraryPakFileMountedCallback: PakFile 'C:/Program Files/Epic Games/UE_4.27/FeaturePacks/TP_PuzzleBP.upack' (chunk index -1, root 'root:/') mounted
[2023.10.03-12.42.18:077][  0]LogShaderLibrary: Display: ShaderCodeLibraryPakFileMountedCallback: pending pak file info (ChunkID:-1 Root:root:/ File:C:/Program Files/Epic Games/UE_4.27/FeaturePacks/TP_PuzzleBP.upack)
[2023.10.03-12.42.18:077][  0]LogPakFile: OnPakFileMounted2Time == 0.000100
[2023.10.03-12.42.18:078][  0]LogPakFile: PakFile PrimaryIndexSize=183
[2023.10.03-12.42.18:078][  0]LogPakFile: PakFile PathHashIndexSize=101
[2023.10.03-12.42.18:078][  0]LogPakFile: PakFile FullDirectoryIndexSize=140
[2023.10.03-12.42.18:078][  0]LogShaderLibrary: Display: ShaderCodeLibraryPakFileMountedCallback: PakFile 'C:/Program Files/Epic Games/UE_4.27/FeaturePacks/TP_Rolling.upack' (chunk index -1, root 'root:/') mounted
[2023.10.03-12.42.18:078][  0]LogShaderLibrary: Display: ShaderCodeLibraryPakFileMountedCallback: pending pak file info (ChunkID:-1 Root:root:/ File:C:/Program Files/Epic Games/UE_4.27/FeaturePacks/TP_Rolling.upack)
[2023.10.03-12.42.18:078][  0]LogPakFile: OnPakFileMounted2Time == 0.000129
[2023.10.03-12.42.18:079][  0]LogPakFile: PakFile PrimaryIndexSize=185
[2023.10.03-12.42.18:079][  0]LogPakFile: PakFile PathHashIndexSize=101
[2023.10.03-12.42.18:079][  0]LogPakFile: PakFile FullDirectoryIndexSize=144
[2023.10.03-12.42.18:079][  0]LogShaderLibrary: Display: ShaderCodeLibraryPakFileMountedCallback: PakFile 'C:/Program Files/Epic Games/UE_4.27/FeaturePacks/TP_RollingBP.upack' (chunk index -1, root 'root:/') mounted
[2023.10.03-12.42.18:079][  0]LogShaderLibrary: Display: ShaderCodeLibraryPakFileMountedCallback: pending pak file info (ChunkID:-1 Root:root:/ File:C:/Program Files/Epic Games/UE_4.27/FeaturePacks/TP_RollingBP.upack)
[2023.10.03-12.42.18:079][  0]LogPakFile: OnPakFileMounted2Time == 0.000141
[2023.10.03-12.42.18:080][  0]LogPakFile: PakFile PrimaryIndexSize=188
[2023.10.03-12.42.18:080][  0]LogPakFile: PakFile PathHashIndexSize=101
[2023.10.03-12.42.18:080][  0]LogPakFile: PakFile FullDirectoryIndexSize=150
[2023.10.03-12.42.18:080][  0]LogShaderLibrary: Display: ShaderCodeLibraryPakFileMountedCallback: PakFile 'C:/Program Files/Epic Games/UE_4.27/FeaturePacks/TP_SideScroller.upack' (chunk index -1, root 'root:/') mounted
[2023.10.03-12.42.18:080][  0]LogShaderLibrary: Display: ShaderCodeLibraryPakFileMountedCallback: pending pak file info (ChunkID:-1 Root:root:/ File:C:/Program Files/Epic Games/UE_4.27/FeaturePacks/TP_SideScroller.upack)
[2023.10.03-12.42.18:080][  0]LogPakFile: OnPakFileMounted2Time == 0.000110
[2023.10.03-12.42.18:080][  0]LogPakFile: PakFile PrimaryIndexSize=190
[2023.10.03-12.42.18:080][  0]LogPakFile: PakFile PathHashIndexSize=101
[2023.10.03-12.42.18:081][  0]LogPakFile: PakFile FullDirectoryIndexSize=154
[2023.10.03-12.42.18:081][  0]LogShaderLibrary: Display: ShaderCodeLibraryPakFileMountedCallback: PakFile 'C:/Program Files/Epic Games/UE_4.27/FeaturePacks/TP_SideScrollerBP.upack' (chunk index -1, root 'root:/') mounted
[2023.10.03-12.42.18:081][  0]LogShaderLibrary: Display: ShaderCodeLibraryPakFileMountedCallback: pending pak file info (ChunkID:-1 Root:root:/ File:C:/Program Files/Epic Games/UE_4.27/FeaturePacks/TP_SideScrollerBP.upack)
[2023.10.03-12.42.18:081][  0]LogPakFile: OnPakFileMounted2Time == 0.000137
[2023.10.03-12.42.18:081][  0]LogPakFile: PakFile PrimaryIndexSize=187
[2023.10.03-12.42.18:081][  0]LogPakFile: PakFile PathHashIndexSize=101
[2023.10.03-12.42.18:081][  0]LogPakFile: PakFile FullDirectoryIndexSize=148
[2023.10.03-12.42.18:081][  0]LogShaderLibrary: Display: ShaderCodeLibraryPakFileMountedCallback: PakFile 'C:/Program Files/Epic Games/UE_4.27/FeaturePacks/TP_ThirdPerson.upack' (chunk index -1, root 'root:/') mounted
[2023.10.03-12.42.18:081][  0]LogShaderLibrary: Display: ShaderCodeLibraryPakFileMountedCallback: pending pak file info (ChunkID:-1 Root:root:/ File:C:/Program Files/Epic Games/UE_4.27/FeaturePacks/TP_ThirdPerson.upack)
[2023.10.03-12.42.18:082][  0]LogPakFile: OnPakFileMounted2Time == 0.000111
[2023.10.03-12.42.18:082][  0]LogPakFile: PakFile PrimaryIndexSize=189
[2023.10.03-12.42.18:082][  0]LogPakFile: PakFile PathHashIndexSize=101
[2023.10.03-12.42.18:082][  0]LogPakFile: PakFile FullDirectoryIndexSize=152
[2023.10.03-12.42.18:082][  0]LogShaderLibrary: Display: ShaderCodeLibraryPakFileMountedCallback: PakFile 'C:/Program Files/Epic Games/UE_4.27/FeaturePacks/TP_ThirdPersonBP.upack' (chunk index -1, root 'root:/') mounted
[2023.10.03-12.42.18:082][  0]LogShaderLibrary: Display: ShaderCodeLibraryPakFileMountedCallback: pending pak file info (ChunkID:-1 Root:root:/ File:C:/Program Files/Epic Games/UE_4.27/FeaturePacks/TP_ThirdPersonBP.upack)
[2023.10.03-12.42.18:082][  0]LogPakFile: OnPakFileMounted2Time == 0.000129
[2023.10.03-12.42.18:083][  0]LogPakFile: PakFile PrimaryIndexSize=183
[2023.10.03-12.42.18:083][  0]LogPakFile: PakFile PathHashIndexSize=101
[2023.10.03-12.42.18:083][  0]LogPakFile: PakFile FullDirectoryIndexSize=140
[2023.10.03-12.42.18:083][  0]LogShaderLibrary: Display: ShaderCodeLibraryPakFileMountedCallback: PakFile 'C:/Program Files/Epic Games/UE_4.27/FeaturePacks/TP_TopDown.upack' (chunk index -1, root 'root:/') mounted
[2023.10.03-12.42.18:083][  0]LogShaderLibrary: Display: ShaderCodeLibraryPakFileMountedCallback: pending pak file info (ChunkID:-1 Root:root:/ File:C:/Program Files/Epic Games/UE_4.27/FeaturePacks/TP_TopDown.upack)
[2023.10.03-12.42.18:083][  0]LogPakFile: OnPakFileMounted2Time == 0.000116
[2023.10.03-12.42.18:083][  0]LogPakFile: PakFile PrimaryIndexSize=185
[2023.10.03-12.42.18:084][  0]LogPakFile: PakFile PathHashIndexSize=101
[2023.10.03-12.42.18:084][  0]LogPakFile: PakFile FullDirectoryIndexSize=144
[2023.10.03-12.42.18:084][  0]LogShaderLibrary: Display: ShaderCodeLibraryPakFileMountedCallback: PakFile 'C:/Program Files/Epic Games/UE_4.27/FeaturePacks/TP_TopDownBP.upack' (chunk index -1, root 'root:/') mounted
[2023.10.03-12.42.18:084][  0]LogShaderLibrary: Display: ShaderCodeLibraryPakFileMountedCallback: pending pak file info (ChunkID:-1 Root:root:/ File:C:/Program Files/Epic Games/UE_4.27/FeaturePacks/TP_TopDownBP.upack)
[2023.10.03-12.42.18:084][  0]LogPakFile: OnPakFileMounted2Time == 0.000143
[2023.10.03-12.42.18:084][  0]LogPakFile: PakFile PrimaryIndexSize=185
[2023.10.03-12.42.18:084][  0]LogPakFile: PakFile PathHashIndexSize=101
[2023.10.03-12.42.18:084][  0]LogPakFile: PakFile FullDirectoryIndexSize=144
[2023.10.03-12.42.18:084][  0]LogShaderLibrary: Display: ShaderCodeLibraryPakFileMountedCallback: PakFile 'C:/Program Files/Epic Games/UE_4.27/FeaturePacks/TP_TwinStick.upack' (chunk index -1, root 'root:/') mounted
[2023.10.03-12.42.18:085][  0]LogShaderLibrary: Display: ShaderCodeLibraryPakFileMountedCallback: pending pak file info (ChunkID:-1 Root:root:/ File:C:/Program Files/Epic Games/UE_4.27/FeaturePacks/TP_TwinStick.upack)
[2023.10.03-12.42.18:085][  0]LogPakFile: OnPakFileMounted2Time == 0.000164
[2023.10.03-12.42.18:085][  0]LogPakFile: PakFile PrimaryIndexSize=187
[2023.10.03-12.42.18:085][  0]LogPakFile: PakFile PathHashIndexSize=101
[2023.10.03-12.42.18:085][  0]LogPakFile: PakFile FullDirectoryIndexSize=148
[2023.10.03-12.42.18:085][  0]LogShaderLibrary: Display: ShaderCodeLibraryPakFileMountedCallback: PakFile 'C:/Program Files/Epic Games/UE_4.27/FeaturePacks/TP_TwinStickBP.upack' (chunk index -1, root 'root:/') mounted
[2023.10.03-12.42.18:085][  0]LogShaderLibrary: Display: ShaderCodeLibraryPakFileMountedCallback: pending pak file info (ChunkID:-1 Root:root:/ File:C:/Program Files/Epic Games/UE_4.27/FeaturePacks/TP_TwinStickBP.upack)
[2023.10.03-12.42.18:085][  0]LogPakFile: OnPakFileMounted2Time == 0.000129
[2023.10.03-12.42.18:086][  0]LogPakFile: PakFile PrimaryIndexSize=183
[2023.10.03-12.42.18:086][  0]LogPakFile: PakFile PathHashIndexSize=101
[2023.10.03-12.42.18:086][  0]LogPakFile: PakFile FullDirectoryIndexSize=140
[2023.10.03-12.42.18:086][  0]LogShaderLibrary: Display: ShaderCodeLibraryPakFileMountedCallback: PakFile 'C:/Program Files/Epic Games/UE_4.27/FeaturePacks/TP_Vehicle.upack' (chunk index -1, root 'root:/') mounted
[2023.10.03-12.42.18:086][  0]LogShaderLibrary: Display: ShaderCodeLibraryPakFileMountedCallback: pending pak file info (ChunkID:-1 Root:root:/ File:C:/Program Files/Epic Games/UE_4.27/FeaturePacks/TP_Vehicle.upack)
[2023.10.03-12.42.18:086][  0]LogPakFile: OnPakFileMounted2Time == 0.000121
[2023.10.03-12.42.18:087][  0]LogPakFile: PakFile PrimaryIndexSize=186
[2023.10.03-12.42.18:087][  0]LogPakFile: PakFile PathHashIndexSize=101
[2023.10.03-12.42.18:087][  0]LogPakFile: PakFile FullDirectoryIndexSize=146
[2023.10.03-12.42.18:087][  0]LogShaderLibrary: Display: ShaderCodeLibraryPakFileMountedCallback: PakFile 'C:/Program Files/Epic Games/UE_4.27/FeaturePacks/TP_VehicleAdv.upack' (chunk index -1, root 'root:/') mounted
[2023.10.03-12.42.18:087][  0]LogShaderLibrary: Display: ShaderCodeLibraryPakFileMountedCallback: pending pak file info (ChunkID:-1 Root:root:/ File:C:/Program Files/Epic Games/UE_4.27/FeaturePacks/TP_VehicleAdv.upack)
[2023.10.03-12.42.18:087][  0]LogPakFile: OnPakFileMounted2Time == 0.000304
[2023.10.03-12.42.18:088][  0]LogPakFile: PakFile PrimaryIndexSize=188
[2023.10.03-12.42.18:088][  0]LogPakFile: PakFile PathHashIndexSize=101
[2023.10.03-12.42.18:088][  0]LogPakFile: PakFile FullDirectoryIndexSize=150
[2023.10.03-12.42.18:088][  0]LogShaderLibrary: Display: ShaderCodeLibraryPakFileMountedCallback: PakFile 'C:/Program Files/Epic Games/UE_4.27/FeaturePacks/TP_VehicleAdvBP.upack' (chunk index -1, root 'root:/') mounted
[2023.10.03-12.42.18:088][  0]LogShaderLibrary: Display: ShaderCodeLibraryPakFileMountedCallback: pending pak file info (ChunkID:-1 Root:root:/ File:C:/Program Files/Epic Games/UE_4.27/FeaturePacks/TP_VehicleAdvBP.upack)
[2023.10.03-12.42.18:088][  0]LogPakFile: OnPakFileMounted2Time == 0.000158
[2023.10.03-12.42.18:089][  0]LogPakFile: PakFile PrimaryIndexSize=185
[2023.10.03-12.42.18:089][  0]LogPakFile: PakFile PathHashIndexSize=101
[2023.10.03-12.42.18:089][  0]LogPakFile: PakFile FullDirectoryIndexSize=144
[2023.10.03-12.42.18:089][  0]LogShaderLibrary: Display: ShaderCodeLibraryPakFileMountedCallback: PakFile 'C:/Program Files/Epic Games/UE_4.27/FeaturePacks/TP_VehicleBP.upack' (chunk index -1, root 'root:/') mounted
[2023.10.03-12.42.18:089][  0]LogShaderLibrary: Display: ShaderCodeLibraryPakFileMountedCallback: pending pak file info (ChunkID:-1 Root:root:/ File:C:/Program Files/Epic Games/UE_4.27/FeaturePacks/TP_VehicleBP.upack)
[2023.10.03-12.42.18:089][  0]LogPakFile: OnPakFileMounted2Time == 0.000116
[2023.10.03-12.42.18:090][  0]LogPakFile: PakFile PrimaryIndexSize=192
[2023.10.03-12.42.18:090][  0]LogPakFile: PakFile PathHashIndexSize=101
[2023.10.03-12.42.18:090][  0]LogPakFile: PakFile FullDirectoryIndexSize=158
[2023.10.03-12.42.18:090][  0]LogShaderLibrary: Display: ShaderCodeLibraryPakFileMountedCallback: PakFile 'C:/Program Files/Epic Games/UE_4.27/FeaturePacks/TP_VirtualRealityBP.upack' (chunk index -1, root 'root:/') mounted
[2023.10.03-12.42.18:090][  0]LogShaderLibrary: Display: ShaderCodeLibraryPakFileMountedCallback: pending pak file info (ChunkID:-1 Root:root:/ File:C:/Program Files/Epic Games/UE_4.27/FeaturePacks/TP_VirtualRealityBP.upack)
[2023.10.03-12.42.18:090][  0]LogPakFile: OnPakFileMounted2Time == 0.000139
[2023.10.03-12.42.18:137][  0]LogNativeClassHierarchy: Verbose: Native class hierarchy updated for 'AddContentDialog' in 0.0002 seconds. Added 0 classes and 0 folders.
[2023.10.03-12.42.18:138][  0]LogNativeClassHierarchy: Verbose: Native class hierarchy updated for 'SceneOutliner' in 0.0002 seconds. Added 2 classes and 0 folders.
[2023.10.03-12.42.18:169][  0]LogSlate: Took 0.000187 seconds to synchronously load lazily loaded font '../../../Engine/Content/Slate/Fonts/Roboto-Regular.ttf' (155K)
[2023.10.03-12.42.18:170][  0]LogSlate: Took 0.000162 seconds to synchronously load lazily loaded font '../../../Engine/Content/Editor/Slate/Fonts/FontAwesome.ttf' (139K)
[2023.10.03-12.42.18:171][  0]LogSlate: Took 0.000157 seconds to synchronously load lazily loaded font '../../../Engine/Content/Slate/Fonts/Roboto-Bold.ttf' (160K)
[2023.10.03-12.42.18:233][  0]LogRenderer: Reallocating scene render targets to support 1208x652 Format 10 NumSamples 1 (Frame:1).
[2023.10.03-12.42.18:262][  0]LogSlate: Took 0.000204 seconds to synchronously load lazily loaded font '../../../Engine/Content/Slate/Fonts/Roboto-Light.ttf' (167K)
[2023.10.03-12.42.18:333][  0]LogNativeClassHierarchy: Verbose: Native class hierarchy updated for 'HierarchicalLODOutliner' in 0.0002 seconds. Added 0 classes and 0 folders.
[2023.10.03-12.42.18:333][  0]LogInput: Warning: Action Jump uses invalid key OculusGo_Left_Trigger_Click.
[2023.10.03-12.42.18:333][  0]LogInput: Warning: Action ResetVR uses invalid key OculusGo_Left_Trackpad_Click.
[2023.10.03-12.42.18:333][  0]LogInput: Warning: Use -RemoveInvalidKeys to remove instances of these keys from the action mapping.
[2023.10.03-12.42.18:333][  0]LogLoad: (Engine Initialization) Total time: 7.75 seconds
[2023.10.03-12.42.18:334][  0]LogLoad: (Engine Initialization) Total Blueprint compile time: 0.00 seconds
[2023.10.03-12.42.18:364][  0]LogAssetRegistry: Asset discovery search completed in 3.9718 seconds
[2023.10.03-12.42.18:368][  0]LogCollectionManager: Fixed up redirectors for 0 collections in 0.000003 seconds (updated 0 objects)
[2023.10.03-12.42.18:370][  0]LogContentStreaming: Texture pool size now 1000 MB
[2023.10.03-12.42.22:426][419]LogSlate: Took 0.000176 seconds to synchronously load lazily loaded font '../../../Engine/Content/Slate/Fonts/Roboto-Light.ttf' (167K)
[2023.10.03-12.42.22:489][419]LogAssetEditorSubsystem: Opening Asset editor for Blueprint /Game/ThirdPersonBP/Blueprints/ThirdPersonCharacter.ThirdPersonCharacter
[2023.10.03-12.42.22:662][419]LogNativeClassHierarchy: Verbose: Native class hierarchy updated for 'BlueprintGraph' in 0.0004 seconds. Added 126 classes and 0 folders.
[2023.10.03-12.42.23:140][419]LogSlate: Took 0.000188 seconds to synchronously load lazily loaded font '../../../Engine/Content/Slate/Fonts/Roboto-BoldCondensed.ttf' (158K)
[2023.10.03-12.42.23:206][421]LogSlate: Took 0.000189 seconds to synchronously load lazily loaded font '../../../Engine/Content/Slate/Fonts/Roboto-Italic.ttf' (157K)
[2023.10.03-12.42.26:427][711]LogSlate: Window 'ThirdPersonCharacter' being destroyed
[2023.10.03-12.42.27:621][841]LogTemp: Repeating last play command: Selected Viewport
[2023.10.03-12.42.27:628][841]LogPlayLevel: PlayLevel: No blueprints needed recompiling
[2023.10.03-12.42.27:628][841]PIE: New page: PIE session: ThirdPersonExampleMap (3 Oct 2023, 14:42:27)
[2023.10.03-12.42.27:630][841]LogOnline: OSS: Creating online subsystem instance for: NULL
[2023.10.03-12.42.27:631][841]LogOnline: OSS: TryLoadSubsystemAndSetDefault: Loaded subsystem for module [NULL]
[2023.10.03-12.42.27:631][841]LogPlayLevel: Creating play world package: /Game/ThirdPersonBP/Maps/UEDPIE_0_ThirdPersonExampleMap
[2023.10.03-12.42.27:640][841]LogPlayLevel: PIE: StaticDuplicateObject took: (0.008470s)
[2023.10.03-12.42.27:641][841]LogAIModule: Creating AISystem for world ThirdPersonExampleMap
[2023.10.03-12.42.27:641][841]LogPlayLevel: PIE: World Init took: (0.000957s)
[2023.10.03-12.42.27:641][841]LogPlayLevel: PIE: Created PIE world by copying editor world from /Game/ThirdPersonBP/Maps/ThirdPersonExampleMap.ThirdPersonExampleMap to /Game/ThirdPersonBP/Maps/UEDPIE_0_ThirdPersonExampleMap.ThirdPersonExampleMap (0.009680s)
[2023.10.03-12.42.27:658][841]LogUObjectHash: Compacting FUObjectHashTables data took   3.26ms
[2023.10.03-12.42.27:659][841]LogAudio: Display: Creating Audio Device:                 Id: 2, Scope: Unique, Realtime: True
[2023.10.03-12.42.27:659][841]LogAudioMixer: Display: Audio Mixer Platform Settings:
[2023.10.03-12.42.27:659][841]LogAudioMixer: Display: 	Sample Rate:						  48000
[2023.10.03-12.42.27:659][841]LogAudioMixer: Display: 	Callback Buffer Frame Size Requested: 1024
[2023.10.03-12.42.27:659][841]LogAudioMixer: Display: 	Callback Buffer Frame Size To Use:	  1024
[2023.10.03-12.42.27:660][841]LogAudioMixer: Display: 	Number of buffers to queue:			  2
[2023.10.03-12.42.27:660][841]LogAudioMixer: Display: 	Max Channels (voices):				  32
[2023.10.03-12.42.27:660][841]LogAudioMixer: Display: 	Number of Async Source Workers:		  0
[2023.10.03-12.42.27:660][841]LogAudio: Display: AudioDevice MaxSources: 32
[2023.10.03-12.42.27:660][841]LogAudio: Display: Audio Spatialization Plugin: None (built-in).
[2023.10.03-12.42.27:660][841]LogAudio: Display: Audio Reverb Plugin: None (built-in).
[2023.10.03-12.42.27:660][841]LogAudio: Display: Audio Occlusion Plugin: None (built-in).
[2023.10.03-12.42.27:660][841]LogAudioMixer: Display: Initializing audio mixer.
[2023.10.03-12.42.27:662][841]LogAudioMixer: Display: 0: FrontLeft
[2023.10.03-12.42.27:662][841]LogAudioMixer: Display: 1: FrontRight
[2023.10.03-12.42.27:673][841]LogAudioMixer: Display: Using Audio Device Speakers (Realtek(R) Audio)
[2023.10.03-12.42.27:674][841]LogAudioMixer: Display: Initializing Sound Submixes...
[2023.10.03-12.42.27:674][841]LogAudioMixer: Display: Creating Master Submix 'MasterSubmixDefault'
[2023.10.03-12.42.27:674][841]LogAudioMixer: Display: Creating Master Submix 'MasterReverbSubmixDefault'
[2023.10.03-12.42.27:674][841]LogAudioMixer: Display: Creating Master Submix 'MasterEQSubmixDefault'
[2023.10.03-12.42.27:674][841]LogAudioMixer: FMixerPlatformXAudio2::StartAudioStream() called
[2023.10.03-12.42.27:674][841]LogAudioMixer: Display: Output buffers initialized: Frames=1024, Channels=2, Samples=2048
[2023.10.03-12.42.27:676][841]LogAudioMixer: Display: Starting AudioMixerPlatformInterface::RunInternal()
[2023.10.03-12.42.27:676][841]LogAudioMixer: Display: FMixerPlatformXAudio2::SubmitBuffer() called for the first time
[2023.10.03-12.42.27:676][841]LogInit: FAudioDevice initialized.
[2023.10.03-12.42.27:676][841]LogAudio: Display: Audio Device (ID: 2) registered with world 'ThirdPersonExampleMap'.
[2023.10.03-12.42.27:691][841]LogLoad: Game class is 'ThirdPersonGameMode_C'
[2023.10.03-12.42.27:692][841]LogWorld: Bringing World /Game/ThirdPersonBP/Maps/UEDPIE_0_ThirdPersonExampleMap.ThirdPersonExampleMap up for play (max tick rate 0) at 2023.10.03-13.42.27
[2023.10.03-12.42.27:693][841]LogWorld: Bringing up level for play took: 0.001075
[2023.10.03-12.42.27:693][841]LogOnline: OSS: Creating online subsystem instance for: :Context_3
[2023.10.03-12.42.27:698][841]LogNativeClassHierarchy: Verbose: Native class hierarchy updated for 'MovieSceneCapture' in 0.0002 seconds. Added 20 classes and 0 folders.
[2023.10.03-12.42.27:698][841]PIE: Server logged in
[2023.10.03-12.42.27:700][841]PIE: Play in editor total start time 0.073 seconds.
[2023.10.03-12.42.29:536][ 22]LogSlate: Updating window title bar state: overlay mode, drag disabled, window buttons hidden, title bar hidden
[2023.10.03-12.42.29:537][ 22]LogWorld: BeginTearingDown for /Game/ThirdPersonBP/Maps/UEDPIE_0_ThirdPersonExampleMap
[2023.10.03-12.42.29:537][ 22]LogWorld: UWorld::CleanupWorld for ThirdPersonExampleMap, bSessionEnded=true, bCleanupResources=true
[2023.10.03-12.42.29:537][ 22]LogSlate: InvalidateAllWidgets triggered.  All widgets were invalidated
[2023.10.03-12.42.29:544][ 22]LogPlayLevel: Display: Shutting down PIE online subsystems
[2023.10.03-12.42.29:547][ 22]LogSlate: InvalidateAllWidgets triggered.  All widgets were invalidated
[2023.10.03-12.42.29:562][ 22]LogAudio: Display: Audio Device unregistered from world 'None'.
[2023.10.03-12.42.29:563][ 22]LogAudioMixer: FMixerPlatformXAudio2::StopAudioStream() called
[2023.10.03-12.42.29:564][ 22]LogAudioMixer: FMixerPlatformXAudio2::StopAudioStream() called
[2023.10.03-12.42.29:567][ 22]LogSlate: Updating window title bar state: overlay mode, drag disabled, window buttons hidden, title bar hidden
[2023.10.03-12.42.29:582][ 22]LogUObjectHash: Compacting FUObjectHashTables data took   4.86ms
[2023.10.03-12.42.29:618][ 24]LogPlayLevel: Display: Destroying online subsystem :Context_3
