Log file open, 10/05/23 10:26:31
LogWindows: Failed to load 'aqProf.dll' (GetLastError=126)
LogWindows: File 'aqProf.dll' does not exist
LogWindows: Failed to load 'VtuneApi.dll' (GetLastError=126)
LogWindows: File 'VtuneApi.dll' does not exist
LogWindows: Failed to load 'VtuneApi32e.dll' (GetLastError=126)
LogWindows: File 'VtuneApi32e.dll' does not exist
LogConsoleResponse: Display: Failed to find resolution value strings in scalability ini. Falling back to default.
LogConsoleResponse: Display: Failed to find resolution value strings in scalability ini. Falling back to default.
LogInit: Display: Running engine for game: terry
LogPlatformFile: Not using cached read wrapper
LogTaskGraph: Started task graph with 5 named threads and 38 total threads with 3 sets of task threads.
LogStats: Stats thread started at 0.266116
LogICUInternationalization: ICU TimeZone Detection - Raw Offset: +0:00, Platform Override: ''
LogInit: Display: Loading text-based GConfig....
LogPluginManager: Mounting plugin MeshPainting
LogPluginManager: Mounting plugin XGEController
LogPluginManager: Mounting plugin Paper2D
LogPluginManager: Mounting plugin AISupport
LogPluginManager: Mounting plugin EnvironmentQueryEditor
LogPluginManager: Mounting plugin LiveLink
LogPluginManager: Mounting plugin GameplayCameras
LogPluginManager: Mounting plugin OodleData
LogPluginManager: Mounting plugin LightPropagationVolume
LogPluginManager: Mounting plugin CameraShakePreviewer
LogPluginManager: Mounting plugin AnimationSharing
LogPluginManager: Mounting plugin CLionSourceCodeAccess
LogPluginManager: Mounting plugin CodeLiteSourceCodeAccess
LogPluginManager: Mounting plugin GitSourceControl
LogPluginManager: Mounting plugin OodleNetwork
LogPluginManager: Mounting plugin NullSourceCodeAccess
LogPluginManager: Mounting plugin KDevelopSourceCodeAccess
LogPluginManager: Mounting plugin PlasticSourceControl
LogPluginManager: Mounting plugin PluginUtils
LogPluginManager: Mounting plugin PixWinPlugin
LogPluginManager: Mounting plugin RiderSourceCodeAccess
LogPluginManager: Mounting plugin PropertyAccessNode
LogPluginManager: Mounting plugin TextureFormatOodle
LogPluginManager: Mounting plugin SubversionSourceControl
LogPluginManager: Mounting plugin UObjectPlugin
LogPluginManager: Mounting plugin VisualStudioSourceCodeAccess
LogPluginManager: Mounting plugin VisualStudioCodeSourceCodeAccess
LogPluginManager: Mounting plugin XCodeSourceCodeAccess
LogPluginManager: Mounting plugin VariantManagerContent
LogPluginManager: Mounting plugin Niagara
LogPluginManager: Mounting plugin AlembicImporter
LogPluginManager: Mounting plugin AutomationUtils
LogPluginManager: Mounting plugin ChaosCloth
LogPluginManager: Mounting plugin BackChannel
LogPluginManager: Mounting plugin ChaosClothEditor
LogPluginManager: Mounting plugin ChaosEditor
LogPluginManager: Mounting plugin CharacterAI
LogPluginManager: Mounting plugin ChaosNiagara
LogPluginManager: Mounting plugin ChaosSolverPlugin
LogPluginManager: Mounting plugin GeometryCollectionPlugin
LogPluginManager: Mounting plugin GeometryCache
LogPluginManager: Mounting plugin GeometryProcessing
LogPluginManager: Mounting plugin OpenImageDenoise
LogPluginManager: Mounting plugin MotoSynth
LogPluginManager: Mounting plugin PlanarCut
LogPluginManager: Mounting plugin PlatformCrypto
LogPluginManager: Mounting plugin ProxyLODPlugin
LogPluginManager: Mounting plugin PythonScriptPlugin
LogPluginManager: Mounting plugin SkeletalReduction
LogPluginManager: Mounting plugin AndroidMedia
LogPluginManager: Mounting plugin AvfMedia
LogPluginManager: Mounting plugin MediaCompositing
LogPluginManager: Mounting plugin ImgMedia
LogPluginManager: Mounting plugin MediaPlayerEditor
LogPluginManager: Mounting plugin WmfMedia
LogPluginManager: Mounting plugin WebMMedia
LogPluginManager: Mounting plugin AssetManagerEditor
LogPluginManager: Mounting plugin CurveEditorTools
LogPluginManager: Mounting plugin FacialAnimation
LogPluginManager: Mounting plugin CryptoKeys
LogPluginManager: Mounting plugin DataValidation
LogPluginManager: Mounting plugin GameplayTagsEditor
LogPluginManager: Mounting plugin MacGraphicsSwitching
LogPluginManager: Mounting plugin GeometryMode
LogPluginManager: Mounting plugin PluginBrowser
LogPluginManager: Mounting plugin MaterialAnalyzer
LogPluginManager: Mounting plugin SpeedTreeImporter
LogPluginManager: Mounting plugin MobileLauncherProfileWizard
LogPluginManager: Mounting plugin UdpMessaging
LogPluginManager: Mounting plugin MagicLeap
LogPluginManager: Mounting plugin LuminPlatformFeatures
LogPluginManager: Mounting plugin TcpMessaging
LogPluginManager: Mounting plugin MagicLeapMedia
LogPluginManager: Mounting plugin DatasmithContent
LogPluginManager: Mounting plugin MagicLeapLightEstimation
LogPluginManager: Mounting plugin MagicLeapPassableWorld
LogPluginManager: Mounting plugin MLSDK
LogPluginManager: Mounting plugin LauncherChunkInstaller
LogPluginManager: Mounting plugin AndroidDeviceProfileSelector
LogPluginManager: Mounting plugin ActorLayerUtilities
LogPluginManager: Mounting plugin AndroidPermission
LogPluginManager: Mounting plugin AppleImageUtils
LogPluginManager: Mounting plugin ArchVisCharacter
LogPluginManager: Mounting plugin AppleMoviePlayer
LogPluginManager: Mounting plugin AssetTags
LogPluginManager: Mounting plugin AudioSynesthesia
LogPluginManager: Mounting plugin CableComponent
LogPluginManager: Mounting plugin AudioCapture
LogPluginManager: Mounting plugin CustomMeshComponent
LogPluginManager: Mounting plugin ChunkDownloader
LogPluginManager: Mounting plugin ExampleDeviceProfileSelector
LogPluginManager: Mounting plugin EditableMesh
LogPluginManager: Mounting plugin GoogleCloudMessaging
LogPluginManager: Mounting plugin GooglePAD
LogPluginManager: Mounting plugin IOSDeviceProfileSelector
LogPluginManager: Mounting plugin LinuxDeviceProfileSelector
LogPluginManager: Mounting plugin LocationServicesBPLibrary
LogPluginManager: Mounting plugin MobilePatchingUtils
LogPluginManager: Mounting plugin AndroidMoviePlayer
LogPluginManager: Mounting plugin OpenXREyeTracker
LogPluginManager: Mounting plugin OpenXRHandTracking
LogPluginManager: Mounting plugin PhysXVehicles
LogPluginManager: Mounting plugin PerforceSourceControl
LogPluginManager: Mounting plugin PostSplashScreen
LogPluginManager: Mounting plugin PropertyAccessEditor
LogPluginManager: Mounting plugin RuntimePhysXCooking
LogPluginManager: Mounting plugin SignificanceManager
LogPluginManager: Mounting plugin ProceduralMeshComponent
LogPluginManager: Mounting plugin SoundFields
LogPluginManager: Mounting plugin WebMMoviePlayer
LogPluginManager: Mounting plugin WindowsMoviePlayer
LogPluginManager: Mounting plugin OnlineSubsystemNull
LogPluginManager: Mounting plugin OnlineSubsystemUtils
LogPluginManager: Mounting plugin ActorSequence
LogPluginManager: Mounting plugin MatineeToLevelSequence
LogPluginManager: Mounting plugin LevelSequenceEditor
LogPluginManager: Mounting plugin TemplateSequence
LogPluginManager: Mounting plugin ScreenshotTools
LogPluginManager: Mounting plugin Takes
LogPluginManager: Mounting plugin Synthesis
LogPluginManager: Mounting plugin OnlineSubsystem
LogPluginManager: Mounting plugin OpenXR
LogPluginManager: Mounting plugin ContentBrowserAssetDataSource
LogPluginManager: Mounting plugin ContentBrowserClassDataSource
LogPluginManager: Mounting plugin ContentBrowserFileDataSource
LogPluginManager: Mounting plugin OculusVR
LogPluginManager: Mounting plugin SteamVR
LogPluginManager: Mounting plugin OnlineSubsystemGooglePlay
LogPluginManager: Mounting plugin OnlineSubsystemIOS
PixWinPlugin: PIX capture plugin failed to initialize! Check that the process is launched from PIX.
LogInit: Using libcurl 7.55.1-DEV
LogInit:  - built for x86_64-pc-win32
LogInit:  - supports SSL with OpenSSL/1.1.1
LogInit:  - supports HTTP deflate (compression) using libz 1.2.8
LogInit:  - other features:
LogInit:      CURL_VERSION_SSL
LogInit:      CURL_VERSION_LIBZ
LogInit:      CURL_VERSION_IPV6
LogInit:      CURL_VERSION_ASYNCHDNS
LogInit:      CURL_VERSION_LARGEFILE
LogInit:      CURL_VERSION_IDN
LogInit:  CurlRequestOptions (configurable via config and command line):
LogInit:  - bVerifyPeer = true  - Libcurl will verify peer certificate
LogInit:  - bUseHttpProxy = false  - Libcurl will NOT use HTTP proxy
LogInit:  - bDontReuseConnections = false  - Libcurl will reuse connections
LogInit:  - MaxHostConnections = 16  - Libcurl will limit the number of connections to a host
LogInit:  - LocalHostAddr = Default
LogInit:  - BufferSize = 65536
LogOnline: OSS: Creating online subsystem instance for: NULL
LogInit: WinSock: version 1.1 (2.2), MaxSocks=32767, MaxUdp=65467
LogOnline: OSS: TryLoadSubsystemAndSetDefault: Loaded subsystem for module [NULL]
LogInit: Build: ++UE4+Release-4.27-CL-18319896
LogInit: Engine Version: 4.27.2-18319896+++UE4+Release-4.27
LogInit: Compatible Engine Version: 4.27.0-17155196+++UE4+Release-4.27
LogInit: Net CL: 17155196
LogInit: OS: Windows 10 (Release 2009) (), CPU: 12th Gen Intel(R) Core(TM) i7-12700, GPU: NVIDIA GeForce RTX 3080
LogInit: Compiled (64-bit): Nov 30 2021 07:12:08
LogInit: Compiled with Visual C++: 19.24.28315.00
LogInit: Build Configuration: Development
LogInit: Branch Name: ++UE4+Release-4.27
LogInit: Command Line:  C:\Users\B1050622\Documents\GitHub\BetaArcade_Team11\terry\terry.uproject -run=VisualStudioTools -unattended -noshadercompile -nosound -nullrhi -nocpuprofilertrace -nocrashreports -nosplash -ddc=noshared -output=C:\Users\B1050622\AppData\Local\Temp\tmp8C15.tmp
LogInit: Base Directory: C:/Program Files/Epic Games/UE_4.27/Engine/Binaries/Win64/
LogInit: Allocator: TBB
LogInit: Installed Engine Build: 1
LogDevObjectVersion: Number of dev versions registered: 29
LogDevObjectVersion:   Dev-Blueprints (B0D832E4-1F89-4F0D-ACCF-7EB736FD4AA2): 10
LogDevObjectVersion:   Dev-Build (E1C64328-A22C-4D53-A36C-8E866417BD8C): 0
LogDevObjectVersion:   Dev-Core (375EC13C-06E4-48FB-B500-84F0262A717E): 4
LogDevObjectVersion:   Dev-Editor (E4B068ED-F494-42E9-A231-DA0B2E46BB41): 40
LogDevObjectVersion:   Dev-Framework (CFFC743F-43B0-4480-9391-14DF171D2073): 37
LogDevObjectVersion:   Dev-Mobile (B02B49B5-BB20-44E9-A304-32B752E40360): 3
LogDevObjectVersion:   Dev-Networking (A4E4105C-59A1-49B5-A7C5-40C4547EDFEE): 0
LogDevObjectVersion:   Dev-Online (39C831C9-5AE6-47DC-9A44-9C173E1C8E7C): 0
LogDevObjectVersion:   Dev-Physics (78F01B33-EBEA-4F98-B9B4-84EACCB95AA2): 14
LogDevObjectVersion:   Dev-Platform (6631380F-2D4D-43E0-8009-CF276956A95A): 0
LogDevObjectVersion:   Dev-Rendering (12F88B9F-8875-4AFC-A67C-D90C383ABD29): 45
LogDevObjectVersion:   Dev-Sequencer (7B5AE74C-D270-4C10-A958-57980B212A5A): 13
LogDevObjectVersion:   Dev-VR (D7296918-1DD6-4BDD-9DE2-64A83CC13884): 3
LogDevObjectVersion:   Dev-LoadTimes (C2A15278-BFE7-4AFE-6C17-90FF531DF755): 1
LogDevObjectVersion:   Private-Geometry (6EACA3D4-40EC-4CC1-B786-8BED09428FC5): 3
LogDevObjectVersion:   Dev-AnimPhys (29E575DD-E0A3-4627-9D10-D276232CDCEA): 17
LogDevObjectVersion:   Dev-Anim (AF43A65D-7FD3-4947-9873-3E8ED9C1BB05): 15
LogDevObjectVersion:   Dev-ReflectionCapture (6B266CEC-1EC7-4B8F-A30B-E4D90942FC07): 1
LogDevObjectVersion:   Dev-Automation (0DF73D61-A23F-47EA-B727-89E90C41499A): 1
LogDevObjectVersion:   FortniteMain (601D1886-AC64-4F84-AA16-D3DE0DEAC7D6): 47
LogDevObjectVersion:   FortniteRelease (E7086368-6B23-4C58-8439-1B7016265E91): 1
LogDevObjectVersion:   Dev-Enterprise (9DFFBCD6-494F-0158-E221-12823C92A888): 10
LogDevObjectVersion:   Dev-Niagara (F2AED0AC-9AFE-416F-8664-AA7FFA26D6FC): 1
LogDevObjectVersion:   Dev-Destruction (174F1F0B-B4C6-45A5-B13F-2EE8D0FB917D): 10
LogDevObjectVersion:   Dev-Physics-Ext (35F94A83-E258-406C-A318-09F59610247C): 41
LogDevObjectVersion:   Dev-PhysicsMaterial-Chaos (B68FC16E-8B1B-42E2-B453-215C058844FE): 1
LogDevObjectVersion:   Dev-CineCamera (B2E18506-4273-CFC2-A54E-F4BB758BBA07): 1
LogDevObjectVersion:   Dev-VirtualProduction (64F58936-FD1B-42BA-BA96-7289D5D0FA4E): 1
LogDevObjectVersion:   Dev-MediaFramework (6F0ED827-A609-4895-9C91-998D90180EA4): 2
LogInit: Presizing for max 25165824 objects, including 0 objects not considered by GC, pre-allocating 0 bytes for permanent pool.
LogConfig: Applying CVar settings from Section [/Script/Engine.StreamingSettings] File [C:/Users/B1050622/Documents/GitHub/BetaArcade_Team11/terry/Saved/Config/Windows/Engine.ini]
LogConfig: Setting CVar [[s.MinBulkDataSizeForAsyncLoading:131072]]
LogConfig: Setting CVar [[s.AsyncLoadingThreadEnabled:0]]
LogConfig: Setting CVar [[s.EventDrivenLoaderEnabled:1]]
LogConfig: Setting CVar [[s.WarnIfTimeLimitExceeded:0]]
LogConfig: Setting CVar [[s.TimeLimitExceededMultiplier:1.5]]
LogConfig: Setting CVar [[s.TimeLimitExceededMinTime:0.005]]
LogConfig: Setting CVar [[s.UseBackgroundLevelStreaming:1]]
LogConfig: Setting CVar [[s.PriorityAsyncLoadingExtraTime:15.0]]
LogConfig: Setting CVar [[s.LevelStreamingActorsUpdateTimeLimit:5.0]]
LogConfig: Setting CVar [[s.PriorityLevelStreamingActorsUpdateExtraTime:5.0]]
LogConfig: Setting CVar [[s.LevelStreamingComponentsRegistrationGranularity:10]]
LogConfig: Setting CVar [[s.UnregisterComponentsTimeLimit:1.0]]
LogConfig: Setting CVar [[s.LevelStreamingComponentsUnregistrationGranularity:5]]
LogConfig: Setting CVar [[s.FlushStreamingOnExit:1]]
LogInit: Object subsystem initialized
LogConfig: Setting CVar [[con.DebugEarlyDefault:1]]
LogConfig: Setting CVar [[r.setres:1280x720]]
[2023.10.05-09.26.32:330][  0]LogConfig: Setting CVar [[con.DebugEarlyDefault:1]]
[2023.10.05-09.26.32:330][  0]LogConfig: Setting CVar [[r.setres:1280x720]]
[2023.10.05-09.26.32:330][  0]LogConfig: Applying CVar settings from Section [/Script/Engine.RendererSettings] File [C:/Users/B1050622/Documents/GitHub/BetaArcade_Team11/terry/Saved/Config/Windows/Engine.ini]
[2023.10.05-09.26.32:330][  0]LogConfig: Setting CVar [[r.GPUCrashDebugging:0]]
[2023.10.05-09.26.32:330][  0]LogConfig: Applying CVar settings from Section [/Script/Engine.RendererOverrideSettings] File [C:/Users/B1050622/Documents/GitHub/BetaArcade_Team11/terry/Saved/Config/Windows/Engine.ini]
[2023.10.05-09.26.32:330][  0]LogConfig: Applying CVar settings from Section [/Script/Engine.StreamingSettings] File [C:/Users/B1050622/Documents/GitHub/BetaArcade_Team11/terry/Saved/Config/Windows/Engine.ini]
[2023.10.05-09.26.32:330][  0]LogConfig: Setting CVar [[s.MinBulkDataSizeForAsyncLoading:131072]]
[2023.10.05-09.26.32:330][  0]LogConfig: Setting CVar [[s.AsyncLoadingThreadEnabled:0]]
[2023.10.05-09.26.32:330][  0]LogConfig: Setting CVar [[s.EventDrivenLoaderEnabled:1]]
[2023.10.05-09.26.32:330][  0]LogConfig: Setting CVar [[s.WarnIfTimeLimitExceeded:0]]
[2023.10.05-09.26.32:330][  0]LogConfig: Setting CVar [[s.TimeLimitExceededMultiplier:1.5]]
[2023.10.05-09.26.32:330][  0]LogConfig: Setting CVar [[s.TimeLimitExceededMinTime:0.005]]
[2023.10.05-09.26.32:330][  0]LogConfig: Setting CVar [[s.UseBackgroundLevelStreaming:1]]
[2023.10.05-09.26.32:330][  0]LogConfig: Setting CVar [[s.PriorityAsyncLoadingExtraTime:15.0]]
[2023.10.05-09.26.32:330][  0]LogConfig: Setting CVar [[s.LevelStreamingActorsUpdateTimeLimit:5.0]]
[2023.10.05-09.26.32:330][  0]LogConfig: Setting CVar [[s.PriorityLevelStreamingActorsUpdateExtraTime:5.0]]
[2023.10.05-09.26.32:330][  0]LogConfig: Setting CVar [[s.LevelStreamingComponentsRegistrationGranularity:10]]
[2023.10.05-09.26.32:330][  0]LogConfig: Setting CVar [[s.UnregisterComponentsTimeLimit:1.0]]
[2023.10.05-09.26.32:330][  0]LogConfig: Setting CVar [[s.LevelStreamingComponentsUnregistrationGranularity:5]]
[2023.10.05-09.26.32:330][  0]LogConfig: Setting CVar [[s.FlushStreamingOnExit:1]]
[2023.10.05-09.26.32:330][  0]LogConfig: Applying CVar settings from Section [/Script/Engine.GarbageCollectionSettings] File [C:/Users/B1050622/Documents/GitHub/BetaArcade_Team11/terry/Saved/Config/Windows/Engine.ini]
[2023.10.05-09.26.32:330][  0]LogConfig: Setting CVar [[gc.MaxObjectsNotConsideredByGC:1]]
[2023.10.05-09.26.32:330][  0]LogConfig: Setting CVar [[gc.SizeOfPermanentObjectPool:0]]
[2023.10.05-09.26.32:330][  0]LogConfig: Setting CVar [[gc.FlushStreamingOnGC:0]]
[2023.10.05-09.26.32:330][  0]LogConfig: Setting CVar [[gc.NumRetriesBeforeForcingGC:10]]
[2023.10.05-09.26.32:330][  0]LogConfig: Setting CVar [[gc.AllowParallelGC:1]]
[2023.10.05-09.26.32:330][  0]LogConfig: Setting CVar [[gc.TimeBetweenPurgingPendingKillObjects:61.1]]
[2023.10.05-09.26.32:330][  0]LogConfig: Setting CVar [[gc.MaxObjectsInEditor:25165824]]
[2023.10.05-09.26.32:330][  0]LogConfig: Setting CVar [[gc.IncrementalBeginDestroyEnabled:1]]
[2023.10.05-09.26.32:330][  0]LogConfig: Setting CVar [[gc.CreateGCClusters:1]]
[2023.10.05-09.26.32:330][  0]LogConfig: Setting CVar [[gc.MinGCClusterSize:5]]
[2023.10.05-09.26.32:330][  0]LogConfig: Setting CVar [[gc.ActorClusteringEnabled:0]]
[2023.10.05-09.26.32:330][  0]LogConfig: Setting CVar [[gc.BlueprintClusteringEnabled:0]]
[2023.10.05-09.26.32:330][  0]LogConfig: Setting CVar [[gc.UseDisregardForGCOnDedicatedServers:0]]
[2023.10.05-09.26.32:330][  0]LogConfig: Setting CVar [[gc.MultithreadedDestructionEnabled:1]]
[2023.10.05-09.26.32:330][  0]LogConfig: Applying CVar settings from Section [/Script/Engine.NetworkSettings] File [C:/Users/B1050622/Documents/GitHub/BetaArcade_Team11/terry/Saved/Config/Windows/Engine.ini]
[2023.10.05-09.26.32:330][  0]LogConfig: Applying CVar settings from Section [/Script/UnrealEd.CookerSettings] File [C:/Users/B1050622/Documents/GitHub/BetaArcade_Team11/terry/Saved/Config/Windows/Engine.ini]
[2023.10.05-09.26.32:330][  0]LogConfig: Applying CVar settings from Section [ViewDistanceQuality@3] File [C:/Users/B1050622/Documents/GitHub/BetaArcade_Team11/terry/Saved/Config/Windows/Scalability.ini]
[2023.10.05-09.26.32:330][  0]LogConfig: Setting CVar [[r.SkeletalMeshLODBias:0]]
[2023.10.05-09.26.32:330][  0]LogConfig: Setting CVar [[r.ViewDistanceScale:1.0]]
[2023.10.05-09.26.32:330][  0]LogConfig: Applying CVar settings from Section [AntiAliasingQuality@3] File [C:/Users/B1050622/Documents/GitHub/BetaArcade_Team11/terry/Saved/Config/Windows/Scalability.ini]
[2023.10.05-09.26.32:330][  0]LogConfig: Setting CVar [[r.PostProcessAAQuality:4]]
[2023.10.05-09.26.32:330][  0]LogConfig: Applying CVar settings from Section [ShadowQuality@3] File [C:/Users/B1050622/Documents/GitHub/BetaArcade_Team11/terry/Saved/Config/Windows/Scalability.ini]
[2023.10.05-09.26.32:330][  0]LogConfig: Setting CVar [[r.LightFunctionQuality:1]]
[2023.10.05-09.26.32:330][  0]LogConfig: Setting CVar [[r.ShadowQuality:5]]
[2023.10.05-09.26.32:330][  0]LogConfig: Setting CVar [[r.Shadow.CSM.MaxCascades:10]]
[2023.10.05-09.26.32:331][  0]LogConfig: Setting CVar [[r.Shadow.MaxResolution:2048]]
[2023.10.05-09.26.32:331][  0]LogConfig: Setting CVar [[r.Shadow.MaxCSMResolution:2048]]
[2023.10.05-09.26.32:331][  0]LogConfig: Setting CVar [[r.Shadow.RadiusThreshold:0.01]]
[2023.10.05-09.26.32:331][  0]LogConfig: Setting CVar [[r.Shadow.DistanceScale:1.0]]
[2023.10.05-09.26.32:331][  0]LogConfig: Setting CVar [[r.Shadow.CSM.TransitionScale:1.0]]
[2023.10.05-09.26.32:331][  0]LogConfig: Setting CVar [[r.Shadow.PreShadowResolutionFactor:1.0]]
[2023.10.05-09.26.32:331][  0]LogConfig: Setting CVar [[r.DistanceFieldShadowing:1]]
[2023.10.05-09.26.32:331][  0]LogConfig: Setting CVar [[r.DistanceFieldAO:1]]
[2023.10.05-09.26.32:331][  0]LogConfig: Setting CVar [[r.AOQuality:2]]
[2023.10.05-09.26.32:331][  0]LogConfig: Setting CVar [[r.VolumetricFog:1]]
[2023.10.05-09.26.32:331][  0]LogConfig: Setting CVar [[r.VolumetricFog.GridPixelSize:8]]
[2023.10.05-09.26.32:331][  0]LogConfig: Setting CVar [[r.VolumetricFog.GridSizeZ:128]]
[2023.10.05-09.26.32:331][  0]LogConfig: Setting CVar [[r.VolumetricFog.HistoryMissSupersampleCount:4]]
[2023.10.05-09.26.32:331][  0]LogConfig: Setting CVar [[r.LightMaxDrawDistanceScale:1]]
[2023.10.05-09.26.32:331][  0]LogConfig: Setting CVar [[r.CapsuleShadows:1]]
[2023.10.05-09.26.32:331][  0]LogConfig: Applying CVar settings from Section [PostProcessQuality@3] File [C:/Users/B1050622/Documents/GitHub/BetaArcade_Team11/terry/Saved/Config/Windows/Scalability.ini]
[2023.10.05-09.26.32:331][  0]LogConfig: Setting CVar [[r.MotionBlurQuality:4]]
[2023.10.05-09.26.32:331][  0]LogConfig: Setting CVar [[r.AmbientOcclusionMipLevelFactor:0.4]]
[2023.10.05-09.26.32:331][  0]LogConfig: Setting CVar [[r.AmbientOcclusionMaxQuality:100]]
[2023.10.05-09.26.32:331][  0]LogConfig: Setting CVar [[r.AmbientOcclusionLevels:-1]]
[2023.10.05-09.26.32:331][  0]LogConfig: Setting CVar [[r.AmbientOcclusionRadiusScale:1.0]]
[2023.10.05-09.26.32:331][  0]LogConfig: Setting CVar [[r.DepthOfFieldQuality:2]]
[2023.10.05-09.26.32:331][  0]LogConfig: Setting CVar [[r.RenderTargetPoolMin:400]]
[2023.10.05-09.26.32:331][  0]LogConfig: Setting CVar [[r.LensFlareQuality:2]]
[2023.10.05-09.26.32:331][  0]LogConfig: Setting CVar [[r.SceneColorFringeQuality:1]]
[2023.10.05-09.26.32:331][  0]LogConfig: Setting CVar [[r.EyeAdaptationQuality:2]]
[2023.10.05-09.26.32:331][  0]LogConfig: Setting CVar [[r.BloomQuality:5]]
[2023.10.05-09.26.32:331][  0]LogConfig: Setting CVar [[r.FastBlurThreshold:100]]
[2023.10.05-09.26.32:331][  0]LogConfig: Setting CVar [[r.Upscale.Quality:3]]
[2023.10.05-09.26.32:331][  0]LogConfig: Setting CVar [[r.Tonemapper.GrainQuantization:1]]
[2023.10.05-09.26.32:331][  0]LogConfig: Setting CVar [[r.LightShaftQuality:1]]
[2023.10.05-09.26.32:331][  0]LogConfig: Setting CVar [[r.Filter.SizeScale:1]]
[2023.10.05-09.26.32:331][  0]LogConfig: Setting CVar [[r.Tonemapper.Quality:5]]
[2023.10.05-09.26.32:331][  0]LogConfig: Setting CVar [[r.DOF.Gather.AccumulatorQuality:1        ; higher gathering accumulator quality]]
[2023.10.05-09.26.32:331][  0]LogConfig: Setting CVar [[r.DOF.Gather.PostfilterMethod:1          ; Median3x3 postfilering method]]
[2023.10.05-09.26.32:331][  0]LogConfig: Setting CVar [[r.DOF.Gather.EnableBokehSettings:0       ; no bokeh simulation when gathering]]
[2023.10.05-09.26.32:331][  0]LogConfig: Setting CVar [[r.DOF.Gather.RingCount:4                 ; medium number of samples when gathering]]
[2023.10.05-09.26.32:331][  0]LogConfig: Setting CVar [[r.DOF.Scatter.ForegroundCompositing:1    ; additive foreground scattering]]
[2023.10.05-09.26.32:331][  0]LogConfig: Setting CVar [[r.DOF.Scatter.BackgroundCompositing:2    ; additive background scattering]]
[2023.10.05-09.26.32:331][  0]LogConfig: Setting CVar [[r.DOF.Scatter.EnableBokehSettings:1      ; bokeh simulation when scattering]]
[2023.10.05-09.26.32:331][  0]LogConfig: Setting CVar [[r.DOF.Scatter.MaxSpriteRatio:0.1         ; only a maximum of 10% of scattered bokeh]]
[2023.10.05-09.26.32:331][  0]LogConfig: Setting CVar [[r.DOF.Recombine.Quality:1                ; cheap slight out of focus]]
[2023.10.05-09.26.32:331][  0]LogConfig: Setting CVar [[r.DOF.Recombine.EnableBokehSettings:0    ; no bokeh simulation on slight out of focus]]
[2023.10.05-09.26.32:331][  0]LogConfig: Setting CVar [[r.DOF.TemporalAAQuality:1                ; more stable temporal accumulation]]
[2023.10.05-09.26.32:331][  0]LogConfig: Setting CVar [[r.DOF.Kernel.MaxForegroundRadius:0.025]]
[2023.10.05-09.26.32:331][  0]LogConfig: Setting CVar [[r.DOF.Kernel.MaxBackgroundRadius:0.025]]
[2023.10.05-09.26.32:331][  0]LogConfig: Applying CVar settings from Section [TextureQuality@3] File [C:/Users/B1050622/Documents/GitHub/BetaArcade_Team11/terry/Saved/Config/Windows/Scalability.ini]
[2023.10.05-09.26.32:331][  0]LogConfig: Setting CVar [[r.Streaming.MipBias:0]]
[2023.10.05-09.26.32:331][  0]LogConfig: Setting CVar [[r.Streaming.AmortizeCPUToGPUCopy:0]]
[2023.10.05-09.26.32:331][  0]LogConfig: Setting CVar [[r.Streaming.MaxNumTexturesToStreamPerFrame:0]]
[2023.10.05-09.26.32:331][  0]LogConfig: Setting CVar [[r.Streaming.Boost:1]]
[2023.10.05-09.26.32:331][  0]LogConfig: Setting CVar [[r.MaxAnisotropy:8]]
[2023.10.05-09.26.32:331][  0]LogConfig: Setting CVar [[r.VT.MaxAnisotropy:8]]
[2023.10.05-09.26.32:331][  0]LogConfig: Setting CVar [[r.Streaming.LimitPoolSizeToVRAM:0]]
[2023.10.05-09.26.32:331][  0]LogConfig: Setting CVar [[r.Streaming.PoolSize:1000]]
[2023.10.05-09.26.32:331][  0]LogConfig: Setting CVar [[r.Streaming.MaxEffectiveScreenSize:0]]
[2023.10.05-09.26.32:331][  0]LogConfig: Applying CVar settings from Section [EffectsQuality@3] File [C:/Users/B1050622/Documents/GitHub/BetaArcade_Team11/terry/Saved/Config/Windows/Scalability.ini]
[2023.10.05-09.26.32:331][  0]LogConfig: Setting CVar [[r.TranslucencyLightingVolumeDim:64]]
[2023.10.05-09.26.32:331][  0]LogConfig: Setting CVar [[r.RefractionQuality:2]]
[2023.10.05-09.26.32:331][  0]LogConfig: Setting CVar [[r.SSR.Quality:3]]
[2023.10.05-09.26.32:331][  0]LogConfig: Setting CVar [[r.SSR.HalfResSceneColor:0]]
[2023.10.05-09.26.32:331][  0]LogConfig: Setting CVar [[r.SceneColorFormat:4]]
[2023.10.05-09.26.32:331][  0]LogConfig: Setting CVar [[r.DetailMode:2]]
[2023.10.05-09.26.32:331][  0]LogConfig: Setting CVar [[r.TranslucencyVolumeBlur:1]]
[2023.10.05-09.26.32:331][  0]LogConfig: Setting CVar [[r.MaterialQualityLevel:1 ; High quality]]
[2023.10.05-09.26.32:331][  0]LogConfig: Setting CVar [[r.AnisotropicMaterials:1]]
[2023.10.05-09.26.32:331][  0]LogConfig: Setting CVar [[r.SSS.Scale:1]]
[2023.10.05-09.26.32:331][  0]LogConfig: Setting CVar [[r.SSS.SampleSet:2]]
[2023.10.05-09.26.32:331][  0]LogConfig: Setting CVar [[r.SSS.Quality:1]]
[2023.10.05-09.26.32:331][  0]LogConfig: Setting CVar [[r.SSS.HalfRes:0]]
[2023.10.05-09.26.32:331][  0]LogConfig: Setting CVar [[r.SSGI.Quality:3]]
[2023.10.05-09.26.32:331][  0]LogConfig: Setting CVar [[r.EmitterSpawnRateScale:1.0]]
[2023.10.05-09.26.32:331][  0]LogConfig: Setting CVar [[r.ParticleLightQuality:2]]
[2023.10.05-09.26.32:331][  0]LogConfig: Setting CVar [[r.SkyAtmosphere.AerialPerspectiveLUT.FastApplyOnOpaque:1 ; Always have FastSkyLUT 1 in this case to avoid wrong sky]]
[2023.10.05-09.26.32:331][  0]LogConfig: Setting CVar [[r.SkyAtmosphere.AerialPerspectiveLUT.SampleCountMaxPerSlice:4]]
[2023.10.05-09.26.32:331][  0]LogConfig: Setting CVar [[r.SkyAtmosphere.AerialPerspectiveLUT.DepthResolution:16.0]]
[2023.10.05-09.26.32:331][  0]LogConfig: Setting CVar [[r.SkyAtmosphere.FastSkyLUT:1]]
[2023.10.05-09.26.32:331][  0]LogConfig: Setting CVar [[r.SkyAtmosphere.FastSkyLUT.SampleCountMin:4.0]]
[2023.10.05-09.26.32:331][  0]LogConfig: Setting CVar [[r.SkyAtmosphere.FastSkyLUT.SampleCountMax:128.0]]
[2023.10.05-09.26.32:331][  0]LogConfig: Setting CVar [[r.SkyAtmosphere.SampleCountMin:4.0]]
[2023.10.05-09.26.32:331][  0]LogConfig: Setting CVar [[r.SkyAtmosphere.SampleCountMax:128.0]]
[2023.10.05-09.26.32:331][  0]LogConfig: Setting CVar [[r.SkyAtmosphere.TransmittanceLUT.UseSmallFormat:0]]
[2023.10.05-09.26.32:331][  0]LogConfig: Setting CVar [[r.SkyAtmosphere.TransmittanceLUT.SampleCount:10.0]]
[2023.10.05-09.26.32:331][  0]LogConfig: Setting CVar [[r.SkyAtmosphere.MultiScatteringLUT.SampleCount:15.0]]
[2023.10.05-09.26.32:331][  0]LogConfig: Setting CVar [[r.SkyLight.RealTimeReflectionCapture:1]]
[2023.10.05-09.26.32:331][  0]LogConfig: Applying CVar settings from Section [FoliageQuality@3] File [C:/Users/B1050622/Documents/GitHub/BetaArcade_Team11/terry/Saved/Config/Windows/Scalability.ini]
[2023.10.05-09.26.32:331][  0]LogConfig: Setting CVar [[foliage.DensityScale:1.0]]
[2023.10.05-09.26.32:331][  0]LogConfig: Setting CVar [[grass.DensityScale:1.0]]
[2023.10.05-09.26.32:331][  0]LogConfig: Applying CVar settings from Section [ShadingQuality@3] File [C:/Users/B1050622/Documents/GitHub/BetaArcade_Team11/terry/Saved/Config/Windows/Scalability.ini]
[2023.10.05-09.26.32:331][  0]LogConfig: Setting CVar [[r.HairStrands.SkyLighting.IntegrationType:2]]
[2023.10.05-09.26.32:331][  0]LogConfig: Setting CVar [[r.HairStrands.SkyAO.SampleCount:4]]
[2023.10.05-09.26.32:331][  0]LogConfig: Setting CVar [[r.HairStrands.Visibility.MSAA.SamplePerPixel:4]]
[2023.10.05-09.26.32:334][  0]LogInit: Selected Device Profile: [Windows]
[2023.10.05-09.26.32:334][  0]LogInit: Applying CVar settings loaded from the selected device profile: [Windows]
[2023.10.05-09.26.32:334][  0]LogHAL: Display: Platform has ~ 64 GB [68410646528 / 68719476736 / 64], which maps to Largest [LargestMinGB=32, LargerMinGB=12, DefaultMinGB=8, SmallerMinGB=6, SmallestMinGB=0)
[2023.10.05-09.26.32:334][  0]LogInit: Going up to parent DeviceProfile []
[2023.10.05-09.26.32:335][  0]LogConfig: Applying CVar settings from Section [ViewDistanceQuality@3] File [C:/Users/B1050622/Documents/GitHub/BetaArcade_Team11/terry/Saved/Config/Windows/Scalability.ini]
[2023.10.05-09.26.32:335][  0]LogConfig: Setting CVar [[r.SkeletalMeshLODBias:0]]
[2023.10.05-09.26.32:335][  0]LogConfig: Setting CVar [[r.ViewDistanceScale:1.0]]
[2023.10.05-09.26.32:335][  0]LogConfig: Applying CVar settings from Section [AntiAliasingQuality@3] File [C:/Users/B1050622/Documents/GitHub/BetaArcade_Team11/terry/Saved/Config/Windows/Scalability.ini]
[2023.10.05-09.26.32:335][  0]LogConfig: Setting CVar [[r.PostProcessAAQuality:4]]
[2023.10.05-09.26.32:335][  0]LogConfig: Applying CVar settings from Section [ShadowQuality@3] File [C:/Users/B1050622/Documents/GitHub/BetaArcade_Team11/terry/Saved/Config/Windows/Scalability.ini]
[2023.10.05-09.26.32:335][  0]LogConfig: Setting CVar [[r.LightFunctionQuality:1]]
[2023.10.05-09.26.32:335][  0]LogConfig: Setting CVar [[r.ShadowQuality:5]]
[2023.10.05-09.26.32:335][  0]LogConfig: Setting CVar [[r.Shadow.CSM.MaxCascades:10]]
[2023.10.05-09.26.32:335][  0]LogConfig: Setting CVar [[r.Shadow.MaxResolution:2048]]
[2023.10.05-09.26.32:335][  0]LogConfig: Setting CVar [[r.Shadow.MaxCSMResolution:2048]]
[2023.10.05-09.26.32:335][  0]LogConfig: Setting CVar [[r.Shadow.RadiusThreshold:0.01]]
[2023.10.05-09.26.32:335][  0]LogConfig: Setting CVar [[r.Shadow.DistanceScale:1.0]]
[2023.10.05-09.26.32:335][  0]LogConfig: Setting CVar [[r.Shadow.CSM.TransitionScale:1.0]]
[2023.10.05-09.26.32:335][  0]LogConfig: Setting CVar [[r.Shadow.PreShadowResolutionFactor:1.0]]
[2023.10.05-09.26.32:335][  0]LogConfig: Setting CVar [[r.DistanceFieldShadowing:1]]
[2023.10.05-09.26.32:335][  0]LogConfig: Setting CVar [[r.DistanceFieldAO:1]]
[2023.10.05-09.26.32:335][  0]LogConfig: Setting CVar [[r.AOQuality:2]]
[2023.10.05-09.26.32:335][  0]LogConfig: Setting CVar [[r.VolumetricFog:1]]
[2023.10.05-09.26.32:335][  0]LogConfig: Setting CVar [[r.VolumetricFog.GridPixelSize:8]]
[2023.10.05-09.26.32:335][  0]LogConfig: Setting CVar [[r.VolumetricFog.GridSizeZ:128]]
[2023.10.05-09.26.32:335][  0]LogConfig: Setting CVar [[r.VolumetricFog.HistoryMissSupersampleCount:4]]
[2023.10.05-09.26.32:335][  0]LogConfig: Setting CVar [[r.LightMaxDrawDistanceScale:1]]
[2023.10.05-09.26.32:335][  0]LogConfig: Setting CVar [[r.CapsuleShadows:1]]
[2023.10.05-09.26.32:335][  0]LogConfig: Applying CVar settings from Section [PostProcessQuality@3] File [C:/Users/B1050622/Documents/GitHub/BetaArcade_Team11/terry/Saved/Config/Windows/Scalability.ini]
[2023.10.05-09.26.32:335][  0]LogConfig: Setting CVar [[r.MotionBlurQuality:4]]
[2023.10.05-09.26.32:335][  0]LogConfig: Setting CVar [[r.AmbientOcclusionMipLevelFactor:0.4]]
[2023.10.05-09.26.32:335][  0]LogConfig: Setting CVar [[r.AmbientOcclusionMaxQuality:100]]
[2023.10.05-09.26.32:335][  0]LogConfig: Setting CVar [[r.AmbientOcclusionLevels:-1]]
[2023.10.05-09.26.32:335][  0]LogConfig: Setting CVar [[r.AmbientOcclusionRadiusScale:1.0]]
[2023.10.05-09.26.32:335][  0]LogConfig: Setting CVar [[r.DepthOfFieldQuality:2]]
[2023.10.05-09.26.32:335][  0]LogConfig: Setting CVar [[r.RenderTargetPoolMin:400]]
[2023.10.05-09.26.32:335][  0]LogConfig: Setting CVar [[r.LensFlareQuality:2]]
[2023.10.05-09.26.32:335][  0]LogConfig: Setting CVar [[r.SceneColorFringeQuality:1]]
[2023.10.05-09.26.32:335][  0]LogConfig: Setting CVar [[r.EyeAdaptationQuality:2]]
[2023.10.05-09.26.32:335][  0]LogConfig: Setting CVar [[r.BloomQuality:5]]
[2023.10.05-09.26.32:335][  0]LogConfig: Setting CVar [[r.FastBlurThreshold:100]]
[2023.10.05-09.26.32:335][  0]LogConfig: Setting CVar [[r.Upscale.Quality:3]]
[2023.10.05-09.26.32:335][  0]LogConfig: Setting CVar [[r.Tonemapper.GrainQuantization:1]]
[2023.10.05-09.26.32:335][  0]LogConfig: Setting CVar [[r.LightShaftQuality:1]]
[2023.10.05-09.26.32:335][  0]LogConfig: Setting CVar [[r.Filter.SizeScale:1]]
[2023.10.05-09.26.32:335][  0]LogConfig: Setting CVar [[r.Tonemapper.Quality:5]]
[2023.10.05-09.26.32:335][  0]LogConfig: Setting CVar [[r.DOF.Gather.AccumulatorQuality:1        ; higher gathering accumulator quality]]
[2023.10.05-09.26.32:335][  0]LogConfig: Setting CVar [[r.DOF.Gather.PostfilterMethod:1          ; Median3x3 postfilering method]]
[2023.10.05-09.26.32:335][  0]LogConfig: Setting CVar [[r.DOF.Gather.EnableBokehSettings:0       ; no bokeh simulation when gathering]]
[2023.10.05-09.26.32:335][  0]LogConfig: Setting CVar [[r.DOF.Gather.RingCount:4                 ; medium number of samples when gathering]]
[2023.10.05-09.26.32:335][  0]LogConfig: Setting CVar [[r.DOF.Scatter.ForegroundCompositing:1    ; additive foreground scattering]]
[2023.10.05-09.26.32:335][  0]LogConfig: Setting CVar [[r.DOF.Scatter.BackgroundCompositing:2    ; additive background scattering]]
[2023.10.05-09.26.32:335][  0]LogConfig: Setting CVar [[r.DOF.Scatter.EnableBokehSettings:1      ; bokeh simulation when scattering]]
[2023.10.05-09.26.32:335][  0]LogConfig: Setting CVar [[r.DOF.Scatter.MaxSpriteRatio:0.1         ; only a maximum of 10% of scattered bokeh]]
[2023.10.05-09.26.32:335][  0]LogConfig: Setting CVar [[r.DOF.Recombine.Quality:1                ; cheap slight out of focus]]
[2023.10.05-09.26.32:335][  0]LogConfig: Setting CVar [[r.DOF.Recombine.EnableBokehSettings:0    ; no bokeh simulation on slight out of focus]]
[2023.10.05-09.26.32:335][  0]LogConfig: Setting CVar [[r.DOF.TemporalAAQuality:1                ; more stable temporal accumulation]]
[2023.10.05-09.26.32:335][  0]LogConfig: Setting CVar [[r.DOF.Kernel.MaxForegroundRadius:0.025]]
[2023.10.05-09.26.32:335][  0]LogConfig: Setting CVar [[r.DOF.Kernel.MaxBackgroundRadius:0.025]]
[2023.10.05-09.26.32:335][  0]LogConfig: Applying CVar settings from Section [TextureQuality@3] File [C:/Users/B1050622/Documents/GitHub/BetaArcade_Team11/terry/Saved/Config/Windows/Scalability.ini]
[2023.10.05-09.26.32:335][  0]LogConfig: Setting CVar [[r.Streaming.MipBias:0]]
[2023.10.05-09.26.32:335][  0]LogConfig: Setting CVar [[r.Streaming.AmortizeCPUToGPUCopy:0]]
[2023.10.05-09.26.32:335][  0]LogConfig: Setting CVar [[r.Streaming.MaxNumTexturesToStreamPerFrame:0]]
[2023.10.05-09.26.32:335][  0]LogConfig: Setting CVar [[r.Streaming.Boost:1]]
[2023.10.05-09.26.32:335][  0]LogConfig: Setting CVar [[r.MaxAnisotropy:8]]
[2023.10.05-09.26.32:335][  0]LogConfig: Setting CVar [[r.VT.MaxAnisotropy:8]]
[2023.10.05-09.26.32:335][  0]LogConfig: Setting CVar [[r.Streaming.LimitPoolSizeToVRAM:0]]
[2023.10.05-09.26.32:335][  0]LogConfig: Setting CVar [[r.Streaming.PoolSize:1000]]
[2023.10.05-09.26.32:335][  0]LogConfig: Setting CVar [[r.Streaming.MaxEffectiveScreenSize:0]]
[2023.10.05-09.26.32:335][  0]LogConfig: Applying CVar settings from Section [EffectsQuality@3] File [C:/Users/B1050622/Documents/GitHub/BetaArcade_Team11/terry/Saved/Config/Windows/Scalability.ini]
[2023.10.05-09.26.32:335][  0]LogConfig: Setting CVar [[r.TranslucencyLightingVolumeDim:64]]
[2023.10.05-09.26.32:335][  0]LogConfig: Setting CVar [[r.RefractionQuality:2]]
[2023.10.05-09.26.32:335][  0]LogConfig: Setting CVar [[r.SSR.Quality:3]]
[2023.10.05-09.26.32:335][  0]LogConfig: Setting CVar [[r.SSR.HalfResSceneColor:0]]
[2023.10.05-09.26.32:335][  0]LogConfig: Setting CVar [[r.SceneColorFormat:4]]
[2023.10.05-09.26.32:335][  0]LogConfig: Setting CVar [[r.DetailMode:2]]
[2023.10.05-09.26.32:335][  0]LogConfig: Setting CVar [[r.TranslucencyVolumeBlur:1]]
[2023.10.05-09.26.32:335][  0]LogConfig: Setting CVar [[r.MaterialQualityLevel:1 ; High quality]]
[2023.10.05-09.26.32:335][  0]LogConfig: Setting CVar [[r.AnisotropicMaterials:1]]
[2023.10.05-09.26.32:335][  0]LogConfig: Setting CVar [[r.SSS.Scale:1]]
[2023.10.05-09.26.32:335][  0]LogConfig: Setting CVar [[r.SSS.SampleSet:2]]
[2023.10.05-09.26.32:335][  0]LogConfig: Setting CVar [[r.SSS.Quality:1]]
[2023.10.05-09.26.32:335][  0]LogConfig: Setting CVar [[r.SSS.HalfRes:0]]
[2023.10.05-09.26.32:335][  0]LogConfig: Setting CVar [[r.SSGI.Quality:3]]
[2023.10.05-09.26.32:335][  0]LogConfig: Setting CVar [[r.EmitterSpawnRateScale:1.0]]
[2023.10.05-09.26.32:335][  0]LogConfig: Setting CVar [[r.ParticleLightQuality:2]]
[2023.10.05-09.26.32:335][  0]LogConfig: Setting CVar [[r.SkyAtmosphere.AerialPerspectiveLUT.FastApplyOnOpaque:1 ; Always have FastSkyLUT 1 in this case to avoid wrong sky]]
[2023.10.05-09.26.32:335][  0]LogConfig: Setting CVar [[r.SkyAtmosphere.AerialPerspectiveLUT.SampleCountMaxPerSlice:4]]
[2023.10.05-09.26.32:335][  0]LogConfig: Setting CVar [[r.SkyAtmosphere.AerialPerspectiveLUT.DepthResolution:16.0]]
[2023.10.05-09.26.32:335][  0]LogConfig: Setting CVar [[r.SkyAtmosphere.FastSkyLUT:1]]
[2023.10.05-09.26.32:335][  0]LogConfig: Setting CVar [[r.SkyAtmosphere.FastSkyLUT.SampleCountMin:4.0]]
[2023.10.05-09.26.32:335][  0]LogConfig: Setting CVar [[r.SkyAtmosphere.FastSkyLUT.SampleCountMax:128.0]]
[2023.10.05-09.26.32:335][  0]LogConfig: Setting CVar [[r.SkyAtmosphere.SampleCountMin:4.0]]
[2023.10.05-09.26.32:335][  0]LogConfig: Setting CVar [[r.SkyAtmosphere.SampleCountMax:128.0]]
[2023.10.05-09.26.32:335][  0]LogConfig: Setting CVar [[r.SkyAtmosphere.TransmittanceLUT.UseSmallFormat:0]]
[2023.10.05-09.26.32:335][  0]LogConfig: Setting CVar [[r.SkyAtmosphere.TransmittanceLUT.SampleCount:10.0]]
[2023.10.05-09.26.32:335][  0]LogConfig: Setting CVar [[r.SkyAtmosphere.MultiScatteringLUT.SampleCount:15.0]]
[2023.10.05-09.26.32:335][  0]LogConfig: Setting CVar [[r.SkyLight.RealTimeReflectionCapture:1]]
[2023.10.05-09.26.32:335][  0]LogConfig: Applying CVar settings from Section [FoliageQuality@3] File [C:/Users/B1050622/Documents/GitHub/BetaArcade_Team11/terry/Saved/Config/Windows/Scalability.ini]
[2023.10.05-09.26.32:335][  0]LogConfig: Setting CVar [[foliage.DensityScale:1.0]]
[2023.10.05-09.26.32:335][  0]LogConfig: Setting CVar [[grass.DensityScale:1.0]]
[2023.10.05-09.26.32:335][  0]LogConfig: Applying CVar settings from Section [ShadingQuality@3] File [C:/Users/B1050622/Documents/GitHub/BetaArcade_Team11/terry/Saved/Config/Windows/Scalability.ini]
[2023.10.05-09.26.32:335][  0]LogConfig: Setting CVar [[r.HairStrands.SkyLighting.IntegrationType:2]]
[2023.10.05-09.26.32:335][  0]LogConfig: Setting CVar [[r.HairStrands.SkyAO.SampleCount:4]]
[2023.10.05-09.26.32:335][  0]LogConfig: Setting CVar [[r.HairStrands.Visibility.MSAA.SamplePerPixel:4]]
[2023.10.05-09.26.32:335][  0]LogConfig: Applying CVar settings from Section [Startup] File [../../../Engine/Config/ConsoleVariables.ini]
[2023.10.05-09.26.32:335][  0]LogConfig: Setting CVar [[net.UseAdaptiveNetUpdateFrequency:0]]
[2023.10.05-09.26.32:335][  0]LogConfig: Setting CVar [[p.chaos.AllowCreatePhysxBodies:1]]
[2023.10.05-09.26.32:335][  0]LogConfig: Setting CVar [[fx.SkipVectorVMBackendOptimizations:1]]
[2023.10.05-09.26.32:335][  0]LogConfig: Applying CVar settings from Section [ConsoleVariables] File [C:/Users/B1050622/Documents/GitHub/BetaArcade_Team11/terry/Saved/Config/Windows/Engine.ini]
[2023.10.05-09.26.32:336][  0]LogConfig: Applying CVar settings from Section [ConsoleVariables] File [C:/Users/B1050622/Documents/GitHub/BetaArcade_Team11/terry/Saved/Config/Windows/Editor.ini]
[2023.10.05-09.26.32:336][  0]LogInit: Computer: TU39894
[2023.10.05-09.26.32:336][  0]LogInit: User: B1050622
[2023.10.05-09.26.32:336][  0]LogInit: CPU Page size=4096, Cores=12
[2023.10.05-09.26.32:336][  0]LogInit: High frequency timer resolution =10.000000 MHz
[2023.10.05-09.26.32:336][  0]LogMemory: Memory total: Physical=63.7GB (64GB approx)
[2023.10.05-09.26.32:336][  0]LogMemory: Platform Memory Stats for Windows
[2023.10.05-09.26.32:336][  0]LogMemory: Process Physical Memory: 137.38 MB used, 137.39 MB peak
[2023.10.05-09.26.32:336][  0]LogMemory: Process Virtual Memory: 109.87 MB used, 109.87 MB peak
[2023.10.05-09.26.32:336][  0]LogMemory: Physical Memory: 15685.33 MB used,  49556.14 MB free, 65241.48 MB total
[2023.10.05-09.26.32:336][  0]LogMemory: Virtual Memory: 134161480.00 MB used,  56250.65 MB free, 134217728.00 MB total
[2023.10.05-09.26.32:341][  0]LogWindows: WindowsPlatformFeatures enabled
[2023.10.05-09.26.32:429][  0]LogInit: Physics initialised using underlying interface: PhysX
[2023.10.05-09.26.32:429][  0]LogInit: Using OS detected language (en-GB).
[2023.10.05-09.26.32:430][  0]LogInit: Using OS detected locale (en-GB).
[2023.10.05-09.26.32:434][  0]LogTextLocalizationManager: No specific localization for 'en-GB' exists, so the 'en' localization will be used.
[2023.10.05-09.26.33:014][  0]LogTargetPlatformManager: Display: Loaded TargetPlatform 'AllDesktop'
[2023.10.05-09.26.33:031][  0]LogTargetPlatformManager: Display: Loaded TargetPlatform 'Android'
[2023.10.05-09.26.33:031][  0]LogTargetPlatformManager: Display: Loaded TargetPlatform 'Android_ASTC'
[2023.10.05-09.26.33:031][  0]LogTargetPlatformManager: Display: Loaded TargetPlatform 'Android_DXT'
[2023.10.05-09.26.33:031][  0]LogTargetPlatformManager: Display: Loaded TargetPlatform 'Android_ETC2'
[2023.10.05-09.26.33:031][  0]LogTargetPlatformManager: Display: Loaded TargetPlatform 'AndroidClient'
[2023.10.05-09.26.33:031][  0]LogTargetPlatformManager: Display: Loaded TargetPlatform 'Android_ASTCClient'
[2023.10.05-09.26.33:031][  0]LogTargetPlatformManager: Display: Loaded TargetPlatform 'Android_DXTClient'
[2023.10.05-09.26.33:031][  0]LogTargetPlatformManager: Display: Loaded TargetPlatform 'Android_ETC2Client'
[2023.10.05-09.26.33:031][  0]LogTargetPlatformManager: Display: Loaded TargetPlatform 'Android_Multi'
[2023.10.05-09.26.33:031][  0]LogTargetPlatformManager: Display: Loaded TargetPlatform 'Android_MultiClient'
[2023.10.05-09.26.33:049][  0]LogTargetPlatformManager: Display: Loaded TargetPlatform 'IOSClient'
[2023.10.05-09.26.33:049][  0]LogTargetPlatformManager: Display: Loaded TargetPlatform 'IOS'
[2023.10.05-09.26.33:058][  0]LogTargetPlatformManager: Display: Loaded TargetPlatform 'Linux'
[2023.10.05-09.26.33:063][  0]LogTargetPlatformManager: Display: Loaded TargetPlatform 'LinuxNoEditor'
[2023.10.05-09.26.33:067][  0]LogTargetPlatformManager: Display: Loaded TargetPlatform 'LinuxClient'
[2023.10.05-09.26.33:072][  0]LogTargetPlatformManager: Display: Loaded TargetPlatform 'LinuxServer'
[2023.10.05-09.26.33:080][  0]LogTargetPlatformManager: Display: Loaded TargetPlatform 'LinuxAArch64NoEditor'
[2023.10.05-09.26.33:082][  0]LogTargetPlatformManager: Display: Loaded TargetPlatform 'LinuxAArch64Client'
[2023.10.05-09.26.33:085][  0]LogTargetPlatformManager: Display: Loaded TargetPlatform 'LinuxAArch64Server'
[2023.10.05-09.26.33:104][  0]LogTargetPlatformManager: Display: Loaded TargetPlatform 'Lumin'
[2023.10.05-09.26.33:105][  0]LogTargetPlatformManager: Display: Loaded TargetPlatform 'LuminClient'
[2023.10.05-09.26.33:111][  0]LogTargetPlatformManager: Display: Loaded TargetPlatform 'MacNoEditor'
[2023.10.05-09.26.33:114][  0]LogTargetPlatformManager: Display: Loaded TargetPlatform 'Mac'
[2023.10.05-09.26.33:116][  0]LogTargetPlatformManager: Display: Loaded TargetPlatform 'MacClient'
[2023.10.05-09.26.33:119][  0]LogTargetPlatformManager: Display: Loaded TargetPlatform 'MacServer'
[2023.10.05-09.26.33:126][  0]LogTargetPlatformManager: Display: Loaded TargetPlatform 'TVOSClient'
[2023.10.05-09.26.33:126][  0]LogTargetPlatformManager: Display: Loaded TargetPlatform 'TVOS'
[2023.10.05-09.26.33:133][  0]LogTargetPlatformManager: Display: Loaded TargetPlatform 'WindowsNoEditor'
[2023.10.05-09.26.33:136][  0]LogTargetPlatformManager: Display: Loaded TargetPlatform 'Windows'
[2023.10.05-09.26.33:139][  0]LogTargetPlatformManager: Display: Loaded TargetPlatform 'WindowsClient'
[2023.10.05-09.26.33:141][  0]LogTargetPlatformManager: Display: Loaded TargetPlatform 'WindowsServer'
[2023.10.05-09.26.33:141][  0]LogTargetPlatformManager: Display: Building Assets For Windows
[2023.10.05-09.26.33:147][  0]LogAudioDebug: Display: Lib vorbis DLL was dynamically loaded.
[2023.10.05-09.26.33:168][  0]LogTextureFormatOodle: Display: Oodle Texture 2.9.0 init RDO Off
[2023.10.05-09.26.33:186][  0]LogRendererCore: Ray tracing is disabled. Reason: r.RayTracing=0.
[2023.10.05-09.26.33:187][  0]LogDerivedDataCache: Display: Max Cache Size: 512 MB
[2023.10.05-09.26.33:187][  0]LogDerivedDataCache: Display: Starting with empty Boot cache
[2023.10.05-09.26.33:187][  0]LogDerivedDataCache: FDerivedDataBackendGraph:  Pak pak cache file ../../../../../../Users/B1050622/Documents/GitHub/BetaArcade_Team11/terry/DerivedDataCache/DDC.ddp not found, will not use a pak cache.
[2023.10.05-09.26.33:187][  0]LogDerivedDataCache: Unable to find inner node Pak for hierarchical cache Hierarchy.
[2023.10.05-09.26.33:204][  0]LogDerivedDataCache: Speed tests for ../../../Engine/DerivedDataCache took 0.02 seconds
[2023.10.05-09.26.33:204][  0]LogDerivedDataCache: Display: Performance to ../../../Engine/DerivedDataCache: Latency=0.02ms. RandomReadSpeed=1055.74MBs, RandomWriteSpeed=60.47MBs. Assigned SpeedClass 'Local'
[2023.10.05-09.26.33:205][  0]LogDerivedDataCache: Using Local data cache path ../../../Engine/DerivedDataCache: Writable
[2023.10.05-09.26.33:208][  0]LogAssetRegistry: FAssetRegistry took 0.0012 seconds to start up
[2023.10.05-09.26.33:403][  0]LogInit: Selected Device Profile: [Windows]
[2023.10.05-09.26.33:403][  0]LogInit: Active device profile: [000001850AA36E00][000001857AC3C180 49] Windows
[2023.10.05-09.26.33:403][  0]LogInit: Profiles: [000001850AA36E00][000001857AC3C180 49] Windows, [000001850A9ED400][0000018507D06300 49] WindowsNoEditor, [000001850AA35400][0000018507D0A480 49] WindowsServer, [000001850A9EE600][0000018507D0E600 49] WindowsClient, [000001850AA36500][0000018579662780 49] IOS, [000001850A9EDD00][000001857AC408C0 49] iPadAir, [000001850AA35C00][0000018579666A00 49] iPadAir2, [000001850A99B500][0000018579674C40 49] IPadPro, [000001850A99B600][000001857966AC80 49] iPadAir3, [000001850AA37000][0000018507B1AE00 49] iPadAir4, [000001850A999900][0000018507B1EF80 49] iPadMini2, [000001850AA36B00][0000018507B23100 49] iPadMini3, [000001850A99B700][0000018507B27280 49] iPadMini4, [000001850AA34100][0000018507B2B400 49] iPadMini5, [000001850A9DEE00][0000018507B336C0 49] iPhone6, [000001850A9DEF00][0000018507B2F700 49] iPodTouch6, [000001850A998A00][0000018507B3B9C0 49] iPhone7, [000001850A998900][0000018507B37A00 49] iPodTouch7, [000001850A9DD800][0000018507B3FB80 49] iPhone5S, [000001850A99AE00][0000018507B42180 49] iPhone6Plus, [000001850A9DE100][00000185080C0300 49] iPhone6S, [000001850A99A400][00000185080C4480 49] iPhone6SPlus, [000001850A9DD700][00000185080C8600 49] iPhone7Plus, [000001850A99BA00][00000185080CC780 49] iPhoneSE, [000001850A9DDA00][00000185080D0900 49] iPhone8, [000001850A99AC00][0000018507B16A40 49] iPhone8Plus, [000001850A9DE000][00000185080D4B80 49] iPhoneX, [000001850A99A500][00000185080D8CC0 49] iPhoneXS, [000001850A9DE900][00000185080DCE00 49] iPhoneXSMax, [000001850A99B300][00000185080E4F80 49] iPhoneXR, [000001850A9DF700][00000185080E9100 49] iPhone11, [000001850A998E00][00000185080ED280 49] iPhone11Pro, [000001850A9DF500][00000185080F1400 49] iPhone11ProMax, [000001850A999A00][00000185080F5580 49] iPhoneSE2, [000001850A9DD200][00000185080F9700 49] iPhone12Mini, [000001850A999E00][00000185080FD880 49] iPhone12, [000001850A9DE200][0000018508101A00 49] iPhone12Pro, [000001850A998700][0000018508105B80 49] iPhone12ProMax, [000001850A9DF800][0000018508108180 49] iPadPro105, [000001850A99AA00][000001850810C300 49] iPadPro129, [000001850A9DCB00][0000018508110480 49] iPadPro97, [000001850A99B800][0000018508114600 49] iPadPro2_129, [000001850A9DFD00][0000018508118780 49] iPad5, [000001850A99BD00][000001850811C900 49] iPad6, [000001850A9DE500][0000018508120A80 49] iPad7, [000001850A998400][00000185080E0BC0 49] iPad8, [000001850A9DFF00][0000018508124D00 49] iPadPro11, [000001850A99BB00][0000018508128E40 49] iPadPro2_11, [000001850A9DE400][000001850812CF80 49] iPadPro3_129, [000001850A99BE00][0000018508135100 49] iPadPro4_129, [000001850A9DD300][0000018508139280 49] AppleTV, [000001850AA70A00][000001850813D400 49] AppleTV4K, [000001850A9EFA00][0000018508141580 49] TVOS, [000001850AA71900][0000018508145700 49] Mac, [000001850A9EE200][0000018508149880 49] MacClient, [000001850AA71200][000001850814DA00 49] MacNoEditor, [000001850A9EEA00][0000018508151B80 49] MacServer, [000001850AA70200][0000018508154180 49] Linux, [000001850A9ECD00][0000018508158300 49] LinuxAArch64, [000001850AA71300][000001850815C480 49] LinuxNoEditor, [000001850A9ED500][0000018508160600 49] LinuxAArch64NoEditor, [000001850AA71600][0000018508164780 49] LinuxClient, [000001850A9EEE00][0000018508168900 49] LinuxAArch64Client, [000001850AA71500][000001850816CA80 49] LinuxServer, [000001850A9EF500][0000018508170C00 49] LinuxAArch64Server, [000001850AA71D00][0000018508174D80 49] Android, [000001850A9EDE00][0000018508130EC0 49] Android_Low, [000001850AA71C00][0000018508179000 49] Android_Mid, [000001850A9EE900][000001850817D140 49] Android_High, [000001850A9DDE00][00000185081852C0 49] Android_Default, [000001850A99A100][0000018508189440 49] Android_Adreno4xx, [000001850A9DD000][000001850818D5C0 49] Android_Adreno5xx_Low, [000001850A99B900][0000018508AC3740 49] Android_Adreno5xx, [000001850A9DD900][000001857AB658C0 49] Android_Adreno6xx, [000001850A998C00][000001857AB69A40 49] Android_Adreno6xx_Vulkan, [000001850A9DD400][000001857AB6DBC0 49] Android_Mali_T6xx, [000001850A99A200][000001857AB701C0 49] Android_Mali_T7xx, [000001850A9DCF00][000001857AB74340 49] Android_Mali_T8xx, [000001850A999300][000001857AB784C0 49] Android_Mali_G71, [000001850A9DEB00][000001857AB7C640 49] Android_Mali_G72, [000001850A999600][000001857AB807C0 49] Android_Mali_G72_Vulkan, [000001850A9DFC00][000001857AB84940 49] Android_Mali_G76, [000001850A99B200][000001857AB88AC0 49] Android_Mali_G76_Vulkan, [000001850A9DE700][000001857AB8CC40 49] Android_Mali_G77, [000001850A998800][000001857AB90DC0 49] Android_Mali_G77_Vulkan, [000001850A9DD100][000001857AB94F40 49] Android_Mali_G78, [000001850A999400][0000018508181080 49] Android_Mali_G78_Vulkan, [000001850A9DDF00][000001857AB991C0 49] Android_Mali_G710, [000001850A998500][000001857AB9D300 49] Android_Mali_G710_Vulkan, [000001850AA70600][000001857ABA1440 49] Android_Vulkan_SM5, [000001850A998600][000001857ABA95C0 49] Android_PowerVR_G6xxx, [000001850AA71800][000001857ABAD740 49] Android_PowerVR_GT7xxx, [000001850A999C00][000001857ABB18C0 49] Android_PowerVR_GE8xxx, [000001850AA71B00][000001857ABB5A40 49] Android_PowerVR_GM9xxx, [000001850A99AF00][000001857ABB9BC0 49] Android_PowerVR_GM9xxx_Vulkan, [000001850AA70100][000001857ABBC1C0 49] Android_TegraK1, [000001850A99A300][0000018508AC6340 49] Android_Unknown_Vulkan, [000001850AA70800][0000018508ACA4C0 49] Lumin, [000001850A99AD00][0000018508ACE640 49] Lumin_Desktop, [000001850A9DCD00][0000018508AD27C0 49] HoloLens, 
[2023.10.05-09.26.33:422][  0]LogMeshReduction: Using QuadricMeshReduction for automatic static mesh reduction
[2023.10.05-09.26.33:422][  0]LogMeshReduction: Using SimplygonMeshReduction for automatic skeletal mesh reduction
[2023.10.05-09.26.33:422][  0]LogMeshReduction: Using ProxyLODMeshReduction for automatic mesh merging
[2023.10.05-09.26.33:422][  0]LogMeshReduction: No distributed automatic mesh merging module available
[2023.10.05-09.26.33:422][  0]LogMeshMerging: No distributed automatic mesh merging module available
[2023.10.05-09.26.33:428][  0]LogNetVersion: terry 1.0.0, NetCL: 17155196, EngineNetVer: 17, GameNetVer: 0 (Checksum: 1008197515)
[2023.10.05-09.26.33:549][  0]LogHMD: PokeAHoleMaterial loaded successfully
[2023.10.05-09.26.33:605][  0]LogCollectionManager: Loaded 0 collections in 0.001541 seconds
[2023.10.05-09.26.33:608][  0]LogFileCache: Scanning file cache for directory 'C:/Users/B1050622/Documents/GitHub/BetaArcade_Team11/terry/Saved/Collections/' took 0.00s
[2023.10.05-09.26.33:608][  0]LogFileCache: Scanning file cache for directory 'C:/Users/B1050622/Documents/GitHub/BetaArcade_Team11/terry/Content/Developers/B1050622/Collections/' took 0.00s
[2023.10.05-09.26.33:608][  0]LogFileCache: Scanning file cache for directory 'C:/Users/B1050622/Documents/GitHub/BetaArcade_Team11/terry/Content/Collections/' took 0.00s
[2023.10.05-09.26.33:608][  0]LogCollectionManager: Fixed up redirectors for 0 collections in 0.000001 seconds (updated 0 objects)
[2023.10.05-09.26.33:667][  0]LogNiagaraDebuggerClient: Niagara Debugger Client Initialized | Session: 9D9B368244F04044B4D1CB8C60A1270B | Instance: A5AF36014DE0BCAC83CF74858174F673 (TU39894-19528).
[2023.10.05-09.26.33:685][  0]LogPython: Using Python 3.7.7
[2023.10.05-09.26.34:220][  0]SourceControl: Source control is disabled
[2023.10.05-09.26.34:220][  0]SourceControl: Source control is disabled
[2023.10.05-09.26.34:223][  0]SourceControl: Source control is disabled
[2023.10.05-09.26.34:225][  0]SourceControl: Source control is disabled
[2023.10.05-09.26.34:228][  0]LogUProjectInfo: Found projects:
[2023.10.05-09.26.34:298][  0]LogOpenImageDenoise: OIDN starting up
[2023.10.05-09.26.34:344][  0]LogAndroidPermission: UAndroidPermissionCallbackProxy::GetInstance
[2023.10.05-09.26.34:356][  0]LogAudioCaptureCore: Display: No Audio Capture implementations found. Audio input will be silent.
[2023.10.05-09.26.34:356][  0]LogAudioCaptureCore: Display: No Audio Capture implementations found. Audio input will be silent.
[2023.10.05-09.26.34:371][  0]SourceControl: Source control is disabled
[2023.10.05-09.26.34:448][  0]LogOcInput: OculusInput pre-init called
[2023.10.05-09.26.34:474][  0]LogUObjectArray: 23037 objects as part of root set at end of initial load.
[2023.10.05-09.26.34:474][  0]LogUObjectAllocator: 6343392 out of 0 bytes used by permanent object pool.
[2023.10.05-09.26.34:474][  0]LogUObjectArray: CloseDisregardForGC: 0/0 objects in disregard for GC pool
[2023.10.05-09.26.34:477][  0]LogInit: Error: VisualStudioToolsCommandlet looked like a commandlet, but we could not find the class.
[2023.10.05-09.26.34:477][  0]LogCore: Engine exit requested (reason: Failed to find commandlet class VisualStudioToolsCommandlet)
[2023.10.05-09.26.34:477][  0]LogCore: Engine exit requested (reason: EngineExit() was called; note: exit was already requested)
[2023.10.05-09.26.34:477][  0]LogExit: Preparing to exit.
[2023.10.05-09.26.34:486][  0]LogUObjectHash: Compacting FUObjectHashTables data took   0.99ms
[2023.10.05-09.26.34:550][  0]LogDemo: Cleaned up 0 splitscreen connections with owner deletion
[2023.10.05-09.26.34:575][  0]LogExit: Object subsystem successfully closed.
[2023.10.05-09.26.34:603][  0]LogModuleManager: Shutting down and abandoning module AudioSynesthesiaEditor (594)
[2023.10.05-09.26.34:603][  0]LogModuleManager: Shutting down and abandoning module OculusEditor (592)
[2023.10.05-09.26.34:603][  0]LogModuleManager: Shutting down and abandoning module OculusInput (590)
[2023.10.05-09.26.34:603][  0]LogModuleManager: Shutting down and abandoning module ContentBrowserFileDataSource (588)
[2023.10.05-09.26.34:603][  0]LogModuleManager: Shutting down and abandoning module ContentBrowserClassDataSource (586)
[2023.10.05-09.26.34:603][  0]LogModuleManager: Shutting down and abandoning module ContentBrowserAssetDataSource (584)
[2023.10.05-09.26.34:603][  0]LogModuleManager: Shutting down and abandoning module ToolMenus (583)
[2023.10.05-09.26.34:603][  0]LogModuleManager: Shutting down and abandoning module OpenXREditor (580)
[2023.10.05-09.26.34:603][  0]LogModuleManager: Shutting down and abandoning module SynthesisEditor (578)
[2023.10.05-09.26.34:603][  0]LogModuleManager: Shutting down and abandoning module Synthesis (576)
[2023.10.05-09.26.34:603][  0]LogModuleManager: Shutting down and abandoning module TakeSequencer (574)
[2023.10.05-09.26.34:603][  0]LogModuleManager: Shutting down and abandoning module TakeMovieScene (572)
[2023.10.05-09.26.34:603][  0]LogModuleManager: Shutting down and abandoning module ScreenshotTools (570)
[2023.10.05-09.26.34:603][  0]LogModuleManager: Shutting down and abandoning module TemplateSequence (568)
[2023.10.05-09.26.34:603][  0]LogModuleManager: Shutting down and abandoning module ProceduralMeshComponentEditor (566)
[2023.10.05-09.26.34:603][  0]LogModuleManager: Shutting down and abandoning module ProceduralMeshComponent (564)
[2023.10.05-09.26.34:603][  0]LogModuleManager: Shutting down and abandoning module PerforceSourceControl (562)
[2023.10.05-09.26.34:603][  0]LogModuleManager: Shutting down and abandoning module MobilePatchingUtils (560)
[2023.10.05-09.26.34:603][  0]LogModuleManager: Shutting down and abandoning module GooglePAD (558)
[2023.10.05-09.26.34:603][  0]LogModuleManager: Shutting down and abandoning module EditableMesh (556)
[2023.10.05-09.26.34:603][  0]LogModuleManager: Shutting down and abandoning module CustomMeshComponent (554)
[2023.10.05-09.26.34:603][  0]LogModuleManager: Shutting down and abandoning module AudioCapture (552)
[2023.10.05-09.26.34:603][  0]LogModuleManager: Shutting down and abandoning module AudioCaptureRtAudio (551)
[2023.10.05-09.26.34:603][  0]LogModuleManager: Shutting down and abandoning module CableComponent (548)
[2023.10.05-09.26.34:603][  0]LogModuleManager: Shutting down and abandoning module AssetTags (546)
[2023.10.05-09.26.34:603][  0]LogModuleManager: Shutting down and abandoning module ArchVisCharacter (544)
[2023.10.05-09.26.34:603][  0]LogModuleManager: Shutting down and abandoning module AppleImageUtilsBlueprintSupport (542)
[2023.10.05-09.26.34:603][  0]LogModuleManager: Shutting down and abandoning module AppleImageUtils (540)
[2023.10.05-09.26.34:603][  0]LogModuleManager: Shutting down and abandoning module AndroidPermission (538)
[2023.10.05-09.26.34:603][  0]LogModuleManager: Shutting down and abandoning module ActorLayerUtilitiesEditor (536)
[2023.10.05-09.26.34:603][  0]LogModuleManager: Shutting down and abandoning module ActorLayerUtilities (534)
[2023.10.05-09.26.34:603][  0]LogModuleManager: Shutting down and abandoning module MagicLeapSharedWorld (532)
[2023.10.05-09.26.34:603][  0]LogModuleManager: Shutting down and abandoning module MagicLeapLightEstimation (530)
[2023.10.05-09.26.34:603][  0]LogModuleManager: Shutting down and abandoning module DatasmithContentEditor (528)
[2023.10.05-09.26.34:603][  0]LogModuleManager: Shutting down and abandoning module MagicLeapHelperVulkan (526)
[2023.10.05-09.26.34:603][  0]LogModuleManager: Shutting down and abandoning module MagicLeapHelperOpenGL (524)
[2023.10.05-09.26.34:603][  0]LogModuleManager: Shutting down and abandoning module MagicLeapAudio (522)
[2023.10.05-09.26.34:603][  0]LogModuleManager: Shutting down and abandoning module MobileLauncherProfileWizard (520)
[2023.10.05-09.26.34:603][  0]LogModuleManager: Shutting down and abandoning module SpeedTreeImporter (518)
[2023.10.05-09.26.34:603][  0]LogModuleManager: Shutting down and abandoning module MaterialAnalyzer (516)
[2023.10.05-09.26.34:603][  0]LogModuleManager: Shutting down and abandoning module PluginBrowser (514)
[2023.10.05-09.26.34:603][  0]LogModuleManager: Shutting down and abandoning module CryptoKeysOpenSSL (512)
[2023.10.05-09.26.34:603][  0]LogModuleManager: Shutting down and abandoning module CryptoKeys (510)
[2023.10.05-09.26.34:603][  0]LogModuleManager: Shutting down and abandoning module CurveEditorTools (508)
[2023.10.05-09.26.34:603][  0]LogModuleManager: Shutting down and abandoning module MediaCompositing (506)
[2023.10.05-09.26.34:603][  0]LogModuleManager: Shutting down and abandoning module MotoSynthEditor (504)
[2023.10.05-09.26.34:603][  0]LogModuleManager: Shutting down and abandoning module MotoSynth (502)
[2023.10.05-09.26.34:603][  0]LogModuleManager: Shutting down and abandoning module OpenImageDenoise (500)
[2023.10.05-09.26.34:603][  0]LogOpenImageDenoise: OIDN shutting down
[2023.10.05-09.26.34:603][  0]LogModuleManager: Shutting down and abandoning module MeshConversion (498)
[2023.10.05-09.26.34:603][  0]LogModuleManager: Shutting down and abandoning module DynamicMesh (496)
[2023.10.05-09.26.34:603][  0]LogModuleManager: Shutting down and abandoning module GeometryAlgorithms (494)
[2023.10.05-09.26.34:603][  0]LogModuleManager: Shutting down and abandoning module GeometricObjects (492)
[2023.10.05-09.26.34:604][  0]LogModuleManager: Shutting down and abandoning module GeometryCacheTracks (490)
[2023.10.05-09.26.34:604][  0]LogModuleManager: Shutting down and abandoning module GeometryCacheStreamer (488)
[2023.10.05-09.26.34:604][  0]LogModuleManager: Shutting down and abandoning module GeometryCacheSequencer (486)
[2023.10.05-09.26.34:604][  0]LogModuleManager: Shutting down and abandoning module GeometryCollectionTracks (484)
[2023.10.05-09.26.34:604][  0]LogModuleManager: Shutting down and abandoning module GeometryCollectionSequencer (483)
[2023.10.05-09.26.34:604][  0]LogModuleManager: Shutting down and abandoning module GeometryCollectionEditor (480)
[2023.10.05-09.26.34:604][  0]LogModuleManager: Shutting down and abandoning module ChaosSolverEditor (478)
[2023.10.05-09.26.34:604][  0]LogModuleManager: Shutting down and abandoning module ChaosNiagara (476)
[2023.10.05-09.26.34:604][  0]LogModuleManager: Shutting down and abandoning module FractureEditor (474)
[2023.10.05-09.26.34:604][  0]LogModuleManager: Shutting down and abandoning module FieldSystemEngine (473)
[2023.10.05-09.26.34:604][  0]LogModuleManager: Shutting down and abandoning module ChaosClothEditor (470)
[2023.10.05-09.26.34:604][  0]LogModuleManager: Shutting down and abandoning module AutomationUtilsEditor (468)
[2023.10.05-09.26.34:604][  0]LogModuleManager: Shutting down and abandoning module AutomationUtils (466)
[2023.10.05-09.26.34:604][  0]LogModuleManager: Shutting down and abandoning module AlembicImporter (464)
[2023.10.05-09.26.34:604][  0]LogModuleManager: Shutting down and abandoning module AlembicLibrary (463)
[2023.10.05-09.26.34:604][  0]LogModuleManager: Shutting down and abandoning module GeometryCache (462)
[2023.10.05-09.26.34:604][  0]LogModuleManager: Shutting down and abandoning module GeometryCacheEd (461)
[2023.10.05-09.26.34:604][  0]LogModuleManager: Shutting down and abandoning module NiagaraEditorWidgets (456)
[2023.10.05-09.26.34:604][  0]LogModuleManager: Shutting down and abandoning module VariantManagerContentEditor (454)
[2023.10.05-09.26.34:604][  0]LogModuleManager: Shutting down and abandoning module VisualStudioCodeSourceCodeAccess (452)
[2023.10.05-09.26.34:604][  0]LogModuleManager: Shutting down and abandoning module VisualStudioSourceCodeAccess (450)
[2023.10.05-09.26.34:604][  0]LogModuleManager: Shutting down and abandoning module UObjectPlugin (448)
[2023.10.05-09.26.34:604][  0]LogModuleManager: Shutting down and abandoning module SubversionSourceControl (446)
[2023.10.05-09.26.34:604][  0]LogModuleManager: Shutting down and abandoning module PluginUtils (444)
[2023.10.05-09.26.34:604][  0]LogModuleManager: Shutting down and abandoning module PlasticSourceControl (442)
[2023.10.05-09.26.34:604][  0]LogModuleManager: Shutting down and abandoning module OodleNetworkHandlerComponent (440)
[2023.10.05-09.26.34:604][  0]LogModuleManager: Shutting down and abandoning module GitSourceControl (438)
[2023.10.05-09.26.34:604][  0]LogModuleManager: Shutting down and abandoning module SourceControl (437)
[2023.10.05-09.26.34:604][  0]LogModuleManager: Shutting down and abandoning module CLionSourceCodeAccess (434)
[2023.10.05-09.26.34:604][  0]LogModuleManager: Shutting down and abandoning module AnimationSharingEd (432)
[2023.10.05-09.26.34:604][  0]LogModuleManager: Shutting down and abandoning module LightPropagationVolumeEditor (430)
[2023.10.05-09.26.34:604][  0]LogModuleManager: Shutting down and abandoning module LiveLinkSequencer (428)
[2023.10.05-09.26.34:604][  0]LogModuleManager: Shutting down and abandoning module LiveLinkMovieScene (426)
[2023.10.05-09.26.34:604][  0]LogModuleManager: Shutting down and abandoning module LiveLinkGraphNode (424)
[2023.10.05-09.26.34:604][  0]LogModuleManager: Shutting down and abandoning module LiveLinkEditor (422)
[2023.10.05-09.26.34:604][  0]LogModuleManager: Shutting down and abandoning module LiveLinkComponents (420)
[2023.10.05-09.26.34:604][  0]LogModuleManager: Shutting down and abandoning module LiveLink (418)
[2023.10.05-09.26.35:184][  0]LogModuleManager: Shutting down and abandoning module PaperTiledImporter (416)
[2023.10.05-09.26.35:184][  0]LogModuleManager: Shutting down and abandoning module PaperSpriteSheetImporter (414)
[2023.10.05-09.26.35:184][  0]LogModuleManager: Shutting down and abandoning module Paper2DEditor (412)
[2023.10.05-09.26.35:184][  0]LogModuleManager: Shutting down and abandoning module MeshPaintingToolset (410)
[2023.10.05-09.26.35:184][  0]LogModuleManager: Shutting down and abandoning module MeshPaintEditorMode (408)
[2023.10.05-09.26.35:184][  0]LogModuleManager: Shutting down and abandoning module terry (406)
[2023.10.05-09.26.35:184][  0]LogModuleManager: Shutting down and abandoning module ActorSequence (404)
[2023.10.05-09.26.35:184][  0]LogModuleManager: Shutting down and abandoning module SoundFields (402)
[2023.10.05-09.26.35:184][  0]LogModuleManager: Shutting down and abandoning module SignificanceManager (400)
[2023.10.05-09.26.35:185][  0]LogModuleManager: Shutting down and abandoning module RuntimePhysXCooking (398)
[2023.10.05-09.26.35:185][  0]LogModuleManager: Shutting down and abandoning module PropertyAccessEditor (396)
[2023.10.05-09.26.35:185][  0]LogModuleManager: Shutting down and abandoning module PhysXVehiclesEditor (394)
[2023.10.05-09.26.35:185][  0]LogModuleManager: Shutting down and abandoning module LocationServicesBPLibrary (390)
[2023.10.05-09.26.35:185][  0]LogModuleManager: Shutting down and abandoning module AudioSynesthesia (388)
[2023.10.05-09.26.35:185][  0]LogModuleManager: Shutting down and abandoning module AudioSynesthesiaCore (386)
[2023.10.05-09.26.35:185][  0]LogModuleManager: Shutting down and abandoning module MagicLeapARPin (384)
[2023.10.05-09.26.35:185][  0]LogModuleManager: Shutting down and abandoning module TcpMessaging (382)
[2023.10.05-09.26.35:185][  0]LogModuleManager: Shutting down and abandoning module MagicLeapHandMeshing (380)
[2023.10.05-09.26.35:185][  0]LogModuleManager: Shutting down and abandoning module MagicLeapSecureStorage (378)
[2023.10.05-09.26.35:185][  0]LogModuleManager: Shutting down and abandoning module MagicLeapPrivileges (376)
[2023.10.05-09.26.35:185][  0]LogModuleManager: Shutting down and abandoning module MagicLeapPlanes (374)
[2023.10.05-09.26.35:185][  0]LogMagicLeapPlanes: Planes tracker already destroyed.
[2023.10.05-09.26.35:185][  0]LogModuleManager: Shutting down and abandoning module MagicLeapImageTracker (372)
[2023.10.05-09.26.35:185][  0]LogModuleManager: Shutting down and abandoning module MagicLeapIdentity (370)
[2023.10.05-09.26.35:185][  0]LogModuleManager: Shutting down and abandoning module MagicLeapHandTracking (368)
[2023.10.05-09.26.35:185][  0]LogModuleManager: Shutting down and abandoning module MagicLeapEyeTracker (366)
[2023.10.05-09.26.35:186][  0]LogModuleManager: Shutting down and abandoning module MagicLeapController (364)
[2023.10.05-09.26.35:187][  0]LogModuleManager: Shutting down and abandoning module MagicLeapARPinImpl (362)
[2023.10.05-09.26.35:187][  0]LogModuleManager: Shutting down and abandoning module MagicLeapAR (360)
[2023.10.05-09.26.35:187][  0]LogModuleManager: Shutting down and abandoning module UdpMessaging (358)
[2023.10.05-09.26.35:188][  0]LogModuleManager: Shutting down and abandoning module GameplayTagsEditor (356)
[2023.10.05-09.26.35:189][  0]LogModuleManager: Shutting down and abandoning module DataValidation (354)
[2023.10.05-09.26.35:189][  0]LogModuleManager: Shutting down and abandoning module FacialAnimationEditor (352)
[2023.10.05-09.26.35:189][  0]LogModuleManager: Shutting down and abandoning module FacialAnimation (350)
[2023.10.05-09.26.35:189][  0]LogModuleManager: Shutting down and abandoning module AssetManagerEditor (348)
[2023.10.05-09.26.35:189][  0]LogModuleManager: Shutting down and abandoning module TreeMap (347)
[2023.10.05-09.26.35:189][  0]LogModuleManager: Shutting down and abandoning module PythonScriptPlugin (344)
[2023.10.05-09.26.35:189][  0]LogModuleManager: Shutting down and abandoning module NiagaraAnimNotifies (342)
[2023.10.05-09.26.35:189][  0]LogModuleManager: Shutting down and abandoning module Niagara (340)
[2023.10.05-09.26.35:189][  0]LogModuleManager: Shutting down and abandoning module SignalProcessing (339)
[2023.10.05-09.26.35:189][  0]LogModuleManager: Shutting down and abandoning module NiagaraEditor (337)
[2023.10.05-09.26.35:190][  0]LogModuleManager: Shutting down and abandoning module NiagaraCore (334)
[2023.10.05-09.26.35:190][  0]LogModuleManager: Shutting down and abandoning module PropertyAccessNode (332)
[2023.10.05-09.26.35:190][  0]LogModuleManager: Shutting down and abandoning module AnimationSharing (330)
[2023.10.05-09.26.35:190][  0]LogModuleManager: Shutting down and abandoning module LightPropagationVolumeRuntime (328)
[2023.10.05-09.26.35:190][  0]LogModuleManager: Shutting down and abandoning module GameplayCameras (326)
[2023.10.05-09.26.35:190][  0]LogModuleManager: Shutting down and abandoning module EnvironmentQueryEditor (324)
[2023.10.05-09.26.35:190][  0]LogModuleManager: Shutting down and abandoning module Paper2D (322)
[2023.10.05-09.26.35:190][  0]LogModuleManager: Shutting down and abandoning module NetworkReplayStreaming (320)
[2023.10.05-09.26.35:190][  0]LogModuleManager: Shutting down and abandoning module PacketHandler (318)
[2023.10.05-09.26.35:190][  0]LogModuleManager: Shutting down and abandoning module ClothingSystemEditor (316)
[2023.10.05-09.26.35:190][  0]LogModuleManager: Shutting down and abandoning module ClothingSystemRuntimeNv (314)
[2023.10.05-09.26.35:190][  0]LogModuleManager: Shutting down and abandoning module MediaAssets (312)
[2023.10.05-09.26.35:190][  0]LogModuleManager: Shutting down and abandoning module Overlay (310)
[2023.10.05-09.26.35:190][  0]LogModuleManager: Shutting down and abandoning module OverlayEditor (309)
[2023.10.05-09.26.35:190][  0]LogModuleManager: Shutting down and abandoning module Blutility (306)
[2023.10.05-09.26.35:191][  0]LogModuleManager: Shutting down and abandoning module LevelEditor (305)
[2023.10.05-09.26.35:191][  0]LogModuleManager: Shutting down and abandoning module PixelInspectorModule (304)
[2023.10.05-09.26.35:193][  0]LogModuleManager: Shutting down and abandoning module CommonMenuExtensions (302)
[2023.10.05-09.26.35:193][  0]LogModuleManager: Shutting down and abandoning module MainFrame (300)
[2023.10.05-09.26.35:193][  0]LogModuleManager: Shutting down and abandoning module HotReload (299)
[2023.10.05-09.26.35:195][  0]LogModuleManager: Shutting down and abandoning module ContentBrowser (295)
[2023.10.05-09.26.35:195][  0]LogModuleManager: Shutting down and abandoning module CollectionManager (294)
[2023.10.05-09.26.35:196][  0]LogModuleManager: Shutting down and abandoning module ContentBrowserData (292)
[2023.10.05-09.26.35:196][  0]LogModuleManager: Shutting down and abandoning module IntroTutorials (288)
[2023.10.05-09.26.35:196][  0]LogModuleManager: Shutting down and abandoning module VREditor (286)
[2023.10.05-09.26.35:196][  0]LogModuleManager: Shutting down and abandoning module StringTableEditor (284)
[2023.10.05-09.26.35:196][  0]LogModuleManager: Shutting down and abandoning module GameplayTasksEditor (282)
[2023.10.05-09.26.35:196][  0]LogModuleManager: Shutting down and abandoning module BehaviorTreeEditor (280)
[2023.10.05-09.26.35:196][  0]LogModuleManager: Shutting down and abandoning module FunctionalTesting (278)
[2023.10.05-09.26.35:196][  0]LogModuleManager: Shutting down and abandoning module CollisionAnalyzer (276)
[2023.10.05-09.26.35:196][  0]LogModuleManager: Shutting down and abandoning module WorkspaceMenuStructure (275)
[2023.10.05-09.26.35:196][  0]LogModuleManager: Shutting down and abandoning module UMG (272)
[2023.10.05-09.26.35:196][  0]LogModuleManager: Shutting down and abandoning module UMGEditor (271)
[2023.10.05-09.26.35:196][  0]LogModuleManager: Shutting down and abandoning module MessageLog (269)
[2023.10.05-09.26.35:196][  0]LogModuleManager: Shutting down and abandoning module SlateReflector (264)
[2023.10.05-09.26.35:196][  0]LogModuleManager: Shutting down and abandoning module Slate (262)
[2023.10.05-09.26.35:196][  0]LogModuleManager: Shutting down and abandoning module SlateCore (260)
[2023.10.05-09.26.35:197][  0]LogModuleManager: Shutting down and abandoning module LandscapeEditorUtilities (258)
[2023.10.05-09.26.35:197][  0]LogModuleManager: Shutting down and abandoning module UnrealEd (256)
[2023.10.05-09.26.35:197][  0]LogModuleManager: Shutting down and abandoning module MRMesh (254)
[2023.10.05-09.26.35:197][  0]LogModuleManager: Shutting down and abandoning module SourceCodeAccess (252)
[2023.10.05-09.26.35:197][  0]LogModuleManager: Shutting down and abandoning module HeadMountedDisplay (250)
[2023.10.05-09.26.35:197][  0]LogModuleManager: Shutting down and abandoning module XAudio2 (248)
[2023.10.05-09.26.35:197][  0]LogModuleManager: Shutting down and abandoning module Networking (246)
[2023.10.05-09.26.35:197][  0]LogModuleManager: Shutting down and abandoning module Core (244)
[2023.10.05-09.26.35:197][  0]LogModuleManager: Shutting down and abandoning module MaterialEditor (242)
[2023.10.05-09.26.35:197][  0]LogModuleManager: Shutting down and abandoning module Settings (241)
[2023.10.05-09.26.35:198][  0]LogModuleManager: Shutting down and abandoning module MovieSceneTools (238)
[2023.10.05-09.26.35:198][  0]LogModuleManager: Shutting down and abandoning module CurveEditor (237)
[2023.10.05-09.26.35:198][  0]LogModuleManager: Shutting down and abandoning module Sequencer (235)
[2023.10.05-09.26.35:198][  0]LogModuleManager: Shutting down and abandoning module EditorStyle (234)
[2023.10.05-09.26.35:198][  0]LogModuleManager: Shutting down and abandoning module KismetCompiler (230)
[2023.10.05-09.26.35:198][  0]LogModuleManager: Shutting down and abandoning module MeshBuilder (228)
[2023.10.05-09.26.35:198][  0]LogModuleManager: Shutting down and abandoning module MeshUtilities (226)
[2023.10.05-09.26.35:198][  0]LogModuleManager: Shutting down and abandoning module MeshMergeUtilities (225)
[2023.10.05-09.26.35:198][  0]LogModuleManager: Shutting down and abandoning module MeshReductionInterface (224)
[2023.10.05-09.26.35:198][  0]LogModuleManager: Shutting down and abandoning module MeshBoneReduction (223)
[2023.10.05-09.26.35:198][  0]LogModuleManager: Shutting down and abandoning module SkeletalMeshReduction (221)
[2023.10.05-09.26.35:198][  0]LogModuleManager: Shutting down and abandoning module ProxyLODMeshReduction (219)
[2023.10.05-09.26.35:198][  0]LogModuleManager: Shutting down and abandoning module QuadricMeshReduction (217)
[2023.10.05-09.26.35:198][  0]LogModuleManager: Shutting down and abandoning module MaterialBaking (213)
[2023.10.05-09.26.35:198][  0]LogModuleManager: Shutting down and abandoning module DirectoryWatcher (209)
[2023.10.05-09.26.35:198][  0]LogModuleManager: Shutting down and abandoning module NullInstallBundleManager (206)
[2023.10.05-09.26.35:198][  0]LogModuleManager: Shutting down and abandoning module DerivedDataCache (204)
[2023.10.05-09.26.35:198][  0]LogModuleManager: Shutting down and abandoning module TargetPlatform (202)
[2023.10.05-09.26.35:199][  0]LogModuleManager: Shutting down and abandoning module VulkanShaderFormat (201)
[2023.10.05-09.26.35:199][  0]LogModuleManager: Shutting down and abandoning module ShaderFormatVectorVM (199)
[2023.10.05-09.26.35:199][  0]LogModuleManager: Shutting down and abandoning module ShaderFormatOpenGL (197)
[2023.10.05-09.26.35:199][  0]LogModuleManager: Shutting down and abandoning module ShaderFormatD3D (195)
[2023.10.05-09.26.35:199][  0]LogModuleManager: Shutting down and abandoning module MetalShaderFormat (193)
[2023.10.05-09.26.35:199][  0]LogModuleManager: Shutting down and abandoning module TextureFormatOodle (191)
[2023.10.05-09.26.35:199][  0]LogModuleManager: Shutting down and abandoning module TextureFormatUncompressed (189)
[2023.10.05-09.26.35:199][  0]LogModuleManager: Shutting down and abandoning module TextureFormatPVR (187)
[2023.10.05-09.26.35:199][  0]LogModuleManager: Shutting down and abandoning module TextureFormatETC2 (185)
[2023.10.05-09.26.35:199][  0]LogModuleManager: Shutting down and abandoning module TextureFormatDXT (183)
[2023.10.05-09.26.35:199][  0]LogModuleManager: Shutting down and abandoning module TextureFormatIntelISPCTexComp (181)
[2023.10.05-09.26.35:199][  0]LogModuleManager: Shutting down and abandoning module TextureFormatASTC (179)
[2023.10.05-09.26.35:199][  0]LogModuleManager: Shutting down and abandoning module ImageWrapper (178)
[2023.10.05-09.26.35:199][  0]LogModuleManager: Shutting down and abandoning module AudioFormatOpus (175)
[2023.10.05-09.26.35:199][  0]LogModuleManager: Shutting down and abandoning module AudioFormatOgg (173)
[2023.10.05-09.26.35:199][  0]LogModuleManager: Shutting down and abandoning module AudioFormatADPCM (171)
[2023.10.05-09.26.35:199][  0]LogModuleManager: Shutting down and abandoning module WindowsServerTargetPlatform (169)
[2023.10.05-09.26.35:199][  0]LogModuleManager: Shutting down and abandoning module WindowsClientTargetPlatform (167)
[2023.10.05-09.26.35:199][  0]LogModuleManager: Shutting down and abandoning module WindowsTargetPlatform (165)
[2023.10.05-09.26.35:199][  0]LogModuleManager: Shutting down and abandoning module WindowsNoEditorTargetPlatform (163)
[2023.10.05-09.26.35:199][  0]LogModuleManager: Shutting down and abandoning module TVOSTargetPlatform (161)
[2023.10.05-09.26.35:199][  0]LogModuleManager: Shutting down and abandoning module MacServerTargetPlatform (159)
[2023.10.05-09.26.35:199][  0]LogModuleManager: Shutting down and abandoning module MacClientTargetPlatform (157)
[2023.10.05-09.26.35:199][  0]LogModuleManager: Shutting down and abandoning module MacTargetPlatform (155)
[2023.10.05-09.26.35:199][  0]LogModuleManager: Shutting down and abandoning module MacNoEditorTargetPlatform (153)
[2023.10.05-09.26.35:199][  0]LogModuleManager: Shutting down and abandoning module LuminTargetPlatform (151)
[2023.10.05-09.26.35:200][  0]LogModuleManager: Shutting down and abandoning module LinuxAArch64ServerTargetPlatform (149)
[2023.10.05-09.26.35:200][  0]LogModuleManager: Shutting down and abandoning module LinuxAArch64ClientTargetPlatform (147)
[2023.10.05-09.26.35:200][  0]LogModuleManager: Shutting down and abandoning module LinuxAArch64NoEditorTargetPlatform (145)
[2023.10.05-09.26.35:200][  0]LogModuleManager: Shutting down and abandoning module LinuxServerTargetPlatform (143)
[2023.10.05-09.26.35:200][  0]LogModuleManager: Shutting down and abandoning module LinuxClientTargetPlatform (141)
[2023.10.05-09.26.35:200][  0]LogModuleManager: Shutting down and abandoning module LinuxNoEditorTargetPlatform (139)
[2023.10.05-09.26.35:200][  0]LogModuleManager: Shutting down and abandoning module LinuxTargetPlatform (137)
[2023.10.05-09.26.35:200][  0]LogModuleManager: Shutting down and abandoning module Messaging (135)
[2023.10.05-09.26.35:200][  0]LogModuleManager: Shutting down and abandoning module IOSTargetPlatform (133)
[2023.10.05-09.26.35:201][  0]LogModuleManager: Shutting down and abandoning module AndroidTargetPlatform (131)
[2023.10.05-09.26.35:203][  0]LogModuleManager: Shutting down and abandoning module AllDesktopTargetPlatform (129)
[2023.10.05-09.26.35:204][  0]LogModuleManager: Shutting down and abandoning module NullDrv (126)
[2023.10.05-09.26.35:204][  0]LogModuleManager: Shutting down and abandoning module PhysXCooking (124)
[2023.10.05-09.26.35:204][  0]LogModuleManager: Shutting down and abandoning module Chaos (122)
[2023.10.05-09.26.35:204][  0]LogModuleManager: Shutting down and abandoning module WindowsPlatformFeatures (120)
[2023.10.05-09.26.35:204][  0]LogModuleManager: Shutting down and abandoning module GameplayMediaEncoder (119)
[2023.10.05-09.26.35:204][  0]LogModuleManager: Shutting down and abandoning module AVEncoder (118)
[2023.10.05-09.26.35:204][  0]LogModuleManager: Shutting down and abandoning module ExampleDeviceProfileSelector (114)
[2023.10.05-09.26.35:204][  0]LogModuleManager: Shutting down and abandoning module SteamVRInputDevice (112)
[2023.10.05-09.26.35:204][  0]LogModuleManager: Shutting down and abandoning module SteamVRInput (110)
[2023.10.05-09.26.35:204][  0]LogModuleManager: Shutting down and abandoning module SteamVR (108)
[2023.10.05-09.26.35:204][  0]LogHMD: Freeing OpenVRDLLHandle.
[2023.10.05-09.26.35:204][  0]LogModuleManager: Shutting down and abandoning module OculusHMD (106)
[2023.10.05-09.26.35:204][  0]LogModuleManager: Shutting down and abandoning module OpenXRAR (104)
[2023.10.05-09.26.35:204][  0]LogModuleManager: Shutting down and abandoning module AugmentedReality (103)
[2023.10.05-09.26.35:204][  0]LogModuleManager: Shutting down and abandoning module OnlineSubsystem (100)
[2023.10.05-09.26.35:205][  0]LogModuleManager: Shutting down and abandoning module XMPP (95)
[2023.10.05-09.26.35:205][  0]LogModuleManager: Shutting down and abandoning module WebSockets (94)
[2023.10.05-09.26.35:229][  0]LogModuleManager: Shutting down and abandoning module HTTP (91)
[2023.10.05-09.26.35:229][  0]LogHttp: Display: cleaning up 0 outstanding Http requests.
[2023.10.05-09.26.35:246][  0]LogModuleManager: Shutting down and abandoning module SSL (90)
[2023.10.05-09.26.35:247][  0]LogModuleManager: Shutting down and abandoning module OnlineBlueprintSupport (86)
[2023.10.05-09.26.35:247][  0]LogModuleManager: Shutting down and abandoning module OpenXRHandTracking (82)
[2023.10.05-09.26.35:247][  0]LogModuleManager: Shutting down and abandoning module OpenXRHMD (81)
[2023.10.05-09.26.35:247][  0]LogModuleManager: Shutting down and abandoning module OpenXREyeTracker (78)
[2023.10.05-09.26.35:247][  0]LogModuleManager: Shutting down and abandoning module ChunkDownloader (76)
[2023.10.05-09.26.35:247][  0]LogModuleManager: Shutting down and abandoning module LauncherChunkInstaller (74)
[2023.10.05-09.26.35:247][  0]LogModuleManager: Shutting down and abandoning module MLSDK (72)
[2023.10.05-09.26.35:247][  0]LogModuleManager: Shutting down and abandoning module DatasmithContent (70)
[2023.10.05-09.26.35:247][  0]LogModuleManager: Shutting down and abandoning module MagicLeap (68)
[2023.10.05-09.26.35:247][  0]LogModuleManager: Shutting down and abandoning module WmfMedia (66)
[2023.10.05-09.26.35:249][  0]LogModuleManager: Shutting down and abandoning module Media (65)
[2023.10.05-09.26.35:249][  0]LogModuleManager: Shutting down and abandoning module MediaInfo (64)
[2023.10.05-09.26.35:249][  0]LogModuleManager: Shutting down and abandoning module ExrReaderGpu (60)
[2023.10.05-09.26.35:249][  0]LogModuleManager: Shutting down and abandoning module ChaosCloth (58)
[2023.10.05-09.26.35:249][  0]LogModuleManager: Shutting down and abandoning module NiagaraVertexFactories (56)
[2023.10.05-09.26.35:249][  0]LogModuleManager: Shutting down and abandoning module NiagaraShader (54)
[2023.10.05-09.26.35:249][  0]LogModuleManager: Shutting down and abandoning module VariantManagerContent (52)
[2023.10.05-09.26.35:249][  0]LogModuleManager: Shutting down and abandoning module PixWinPlugin (50)
[2023.10.05-09.26.35:249][  0]LogModuleManager: Shutting down and abandoning module AISupportModule (48)
[2023.10.05-09.26.35:249][  0]LogModuleManager: Shutting down and abandoning module PythonScriptPluginPreload (46)
[2023.10.05-09.26.35:250][  0]LogModuleManager: Shutting down and abandoning module PlatformCryptoOpenSSL (44)
[2023.10.05-09.26.35:250][  0]LogModuleManager: Shutting down and abandoning module PlatformCryptoTypes (42)
[2023.10.05-09.26.35:250][  0]LogModuleManager: Shutting down and abandoning module PlatformCrypto (40)
[2023.10.05-09.26.35:250][  0]LogModuleManager: Shutting down and abandoning module OodleDataCompressionFormat (38)
[2023.10.05-09.26.35:250][  0]LogModuleManager: Shutting down and abandoning module XGEController (36)
[2023.10.05-09.26.35:250][  0]LogXGEController: Cannot use XGE Controller as Incredibuild is not installed on this machine.
[2023.10.05-09.26.35:250][  0]LogModuleManager: Shutting down and abandoning module AnimationModifiers (34)
[2023.10.05-09.26.35:250][  0]LogModuleManager: Shutting down and abandoning module AudioEditor (32)
[2023.10.05-09.26.35:250][  0]LogModuleManager: Shutting down and abandoning module PropertyEditor (31)
[2023.10.05-09.26.35:250][  0]LogModuleManager: Shutting down and abandoning module TextureCompressor (28)
[2023.10.05-09.26.35:250][  0]LogModuleManager: Shutting down and abandoning module RenderCore (26)
[2023.10.05-09.26.35:250][  0]LogModuleManager: Shutting down and abandoning module Landscape (24)
[2023.10.05-09.26.35:250][  0]LogModuleManager: Shutting down and abandoning module SlateRHIRenderer (22)
[2023.10.05-09.26.35:250][  0]LogModuleManager: Shutting down and abandoning module AnimGraphRuntime (20)
[2023.10.05-09.26.35:250][  0]LogModuleManager: Shutting down and abandoning module Renderer (18)
[2023.10.05-09.26.35:250][  0]LogModuleManager: Shutting down and abandoning module Engine (16)
[2023.10.05-09.26.35:250][  0]LogModuleManager: Shutting down and abandoning module CoreUObject (14)
[2023.10.05-09.26.35:250][  0]LogModuleManager: Shutting down and abandoning module NetworkFile (12)
[2023.10.05-09.26.35:250][  0]LogModuleManager: Shutting down and abandoning module CookedIterativeFile (10)
[2023.10.05-09.26.35:250][  0]LogModuleManager: Shutting down and abandoning module StreamingFile (8)
[2023.10.05-09.26.35:250][  0]LogModuleManager: Shutting down and abandoning module SandboxFile (6)
[2023.10.05-09.26.35:250][  0]LogModuleManager: Shutting down and abandoning module PakFile (4)
[2023.10.05-09.26.35:250][  0]LogModuleManager: Shutting down and abandoning module RSA (3)
[2023.10.05-09.26.35:434][  0]LogContentStreaming: Display: There are 1 unreleased StreamingManagers
[2023.10.05-09.26.35:490][  0]LogExit: Exiting.
[2023.10.05-09.26.35:515][  0]Log file closed, 10/05/23 10:26:35
